<html>
<head>
<title>TestNG:  Default test</title>
<link href="../testng.css" rel="stylesheet" type="text/css" />
<link href="../my-testng.css" rel="stylesheet" type="text/css" />

<style type="text/css">
.log { display: none;} 
.stack-trace { display: none;} 
</style>
<script type="text/javascript">
<!--
function flip(e) {
  current = e.style.display;
  if (current == 'block') {
    e.style.display = 'none';
    return 0;
  }
  else {
    e.style.display = 'block';
    return 1;
  }
}

function toggleBox(szDivId, elem, msg1, msg2)
{
  var res = -1;  if (document.getElementById) {
    res = flip(document.getElementById(szDivId));
  }
  else if (document.all) {
    // this is the way old msie versions work
    res = flip(document.all[szDivId]);
  }
  if(elem) {
    if(res == 0) elem.innerHTML = msg1; else elem.innerHTML = msg2;
  }

}

function toggleAllBoxes() {
  if (document.getElementsByTagName) {
    d = document.getElementsByTagName('div');
    for (i = 0; i < d.length; i++) {
      if (d[i].className == 'log') {
        flip(d[i]);
      }
    }
  }
}

// -->
</script>

</head>
<body>
<h2 align='center'>Default test</h2><table border='1' align="center">
<tr>
<td>Tests passed/Failed/Skipped:</td><td>31/4/0</td>
</tr><tr>
<td>Started on:</td><td>Fri Feb 13 21:37:48 IST 2026</td>
</tr>
<tr><td>Total time:</td><td>551 seconds (551828 ms)</td>
</tr><tr>
<td>Included groups:</td><td></td>
</tr><tr>
<td>Excluded groups:</td><td></td>
</tr>
</table><p/>
<small><i>(Hover the method name to see the test class name)</i></small><p/>
<table width='100%' border='1' class='invocation-failed'>
<tr><td colspan='4' align='center'><b>FAILED TESTS</b></td></tr>
<tr><td><b>Test method</b></td>
<td><b>Attribute(s)</b></td>
<td width="30%"><b>Exception</b></td>
<td width="10%"><b>Time (seconds)</b></td>
<td><b>Instance</b></td>
</tr>
<tr>
<td title='TestRunner.Testrunner.runScenario()'><b>runScenario</b><br>Test class: TestRunner.Testrunner<br>Test method: Runs Cucumber Scenarios<br>Parameters: "Test 19 - Apply price filter and verify results", "Filters and Sorting Tests"</td>
<td><div><pre>org.openqa.selenium.TimeoutException: Expected condition failed: waiting for element found by By.xpath: //label[contains(text(),&apos;Price&apos;)] | //span[contains(text(),&apos;Price&apos;)]//following::input[1] to be clickable, but the element was not found: org.openqa.selenium.NoSuchElementException: no such element: Unable to locate element: {&quot;method&quot;:&quot;xpath&quot;,&quot;selector&quot;:&quot;//label[contains(text(),&apos;Price&apos;)] | //span[contains(text(),&apos;Price&apos;)]//following::input[1]&quot;}.
(tried for 15 seconds with 500 milliseconds interval)
Build info: version: &apos;4.40.0&apos;, revision: &apos;b3333f1&apos;
System info: os.name: &apos;Windows 11&apos;, os.arch: &apos;amd64&apos;, os.version: &apos;10.0&apos;, java.version: &apos;25.0.2&apos;
Driver info: org.openqa.selenium.chrome.ChromeDriver
Capabilities {acceptInsecureCerts: false, browserName: chrome, browserVersion: 144.0.7559.133, chrome: {chromedriverVersion: 144.0.7559.133 (7da823b1d59..., userDataDir: C:\Users\91936\AppData\Loca...}, fedcm:accounts: true, goog:chromeOptions: {debuggerAddress: localhost:51361}, goog:processID: 21728, networkConnectionEnabled: false, pageLoadStrategy: normal, platformName: windows, proxy: Proxy(), se:cdp: ws://localhost:51361/devtoo..., se:cdpVersion: 144.0.7559.133, setWindowRect: true, strictFileInteractability: false, timeouts: {implicit: 0, pageLoad: 300000, script: 30000}, unhandledPromptBehavior: dismiss and notify, webauthn:extension:credBlob: true, webauthn:extension:largeBlob: true, webauthn:extension:minPinLength: true, webauthn:extension:prf: true, webauthn:virtualAuthenticators: true}
Session ID: 127799a1ea893631a5d0f27d26b4df3c
	at org.openqa.selenium.support.ui.WebDriverWait.timeoutException(WebDriverWait.java:84)
	at org.openqa.selenium.support.ui.FluentWait.until(FluentWait.java:231)
	at pages.ResultsPage.applyPriceFilter(ResultsPage.java:75)
	at cucu.Cucufilter.apply_price_filter(Cucufilter.java:16)
	at ✽.Apply price filter(file:///C:/Users/91936/eclipse-workspace/mmt/src/test/resources/feature/6filters.feature:14)
</pre></div><a href='#' onClick='toggleBox("stack-trace1376105189", this, "Click to show all stack frames", "Click to hide stack frames")'>Click to show all stack frames</a>
<div class='stack-trace' id='stack-trace1376105189'><pre>org.openqa.selenium.TimeoutException: Expected condition failed: waiting for element found by By.xpath: //label[contains(text(),&apos;Price&apos;)] | //span[contains(text(),&apos;Price&apos;)]//following::input[1] to be clickable, but the element was not found: org.openqa.selenium.NoSuchElementException: no such element: Unable to locate element: {&quot;method&quot;:&quot;xpath&quot;,&quot;selector&quot;:&quot;//label[contains(text(),&apos;Price&apos;)] | //span[contains(text(),&apos;Price&apos;)]//following::input[1]&quot;}.
(tried for 15 seconds with 500 milliseconds interval)
Build info: version: &apos;4.40.0&apos;, revision: &apos;b3333f1&apos;
System info: os.name: &apos;Windows 11&apos;, os.arch: &apos;amd64&apos;, os.version: &apos;10.0&apos;, java.version: &apos;25.0.2&apos;
Driver info: org.openqa.selenium.chrome.ChromeDriver
Capabilities {acceptInsecureCerts: false, browserName: chrome, browserVersion: 144.0.7559.133, chrome: {chromedriverVersion: 144.0.7559.133 (7da823b1d59..., userDataDir: C:\Users\91936\AppData\Loca...}, fedcm:accounts: true, goog:chromeOptions: {debuggerAddress: localhost:51361}, goog:processID: 21728, networkConnectionEnabled: false, pageLoadStrategy: normal, platformName: windows, proxy: Proxy(), se:cdp: ws://localhost:51361/devtoo..., se:cdpVersion: 144.0.7559.133, setWindowRect: true, strictFileInteractability: false, timeouts: {implicit: 0, pageLoad: 300000, script: 30000}, unhandledPromptBehavior: dismiss and notify, webauthn:extension:credBlob: true, webauthn:extension:largeBlob: true, webauthn:extension:minPinLength: true, webauthn:extension:prf: true, webauthn:virtualAuthenticators: true}
Session ID: 127799a1ea893631a5d0f27d26b4df3c
	at org.openqa.selenium.support.ui.WebDriverWait.timeoutException(WebDriverWait.java:84)
	at org.openqa.selenium.support.ui.FluentWait.until(FluentWait.java:231)
	at pages.ResultsPage.applyPriceFilter(ResultsPage.java:75)
	at cucu.Cucufilter.apply_price_filter(Cucufilter.java:16)
	at ✽.Apply price filter(file:///C:/Users/91936/eclipse-workspace/mmt/src/test/resources/feature/6filters.feature:14)
</pre></div></td>
<td>32</td>
<td>TestRunner.Testrunner@5876a9af</td></tr>
<tr>
<td title='TestRunner.Testrunner.runScenario()'><b>runScenario</b><br>Test class: TestRunner.Testrunner<br>Test method: Runs Cucumber Scenarios<br>Parameters: "Test 20 - Apply rating filter and verify results", "Filters and Sorting Tests"</td>
<td><div><pre>org.openqa.selenium.TimeoutException: Expected condition failed: waiting for element found by By.xpath: //label[contains(text(),&apos;Rating&apos;)] | //span[contains(@class,&apos;rating&apos;)]//input[1] to be clickable, but the element was not found: org.openqa.selenium.NoSuchElementException: no such element: Unable to locate element: {&quot;method&quot;:&quot;xpath&quot;,&quot;selector&quot;:&quot;//label[contains(text(),&apos;Rating&apos;)] | //span[contains(@class,&apos;rating&apos;)]//input[1]&quot;}.
(tried for 15 seconds with 500 milliseconds interval)
Build info: version: &apos;4.40.0&apos;, revision: &apos;b3333f1&apos;
System info: os.name: &apos;Windows 11&apos;, os.arch: &apos;amd64&apos;, os.version: &apos;10.0&apos;, java.version: &apos;25.0.2&apos;
Driver info: org.openqa.selenium.chrome.ChromeDriver
Capabilities {acceptInsecureCerts: false, browserName: chrome, browserVersion: 144.0.7559.133, chrome: {chromedriverVersion: 144.0.7559.133 (7da823b1d59..., userDataDir: C:\Users\91936\AppData\Loca...}, fedcm:accounts: true, goog:chromeOptions: {debuggerAddress: localhost:59832}, goog:processID: 14524, networkConnectionEnabled: false, pageLoadStrategy: normal, platformName: windows, proxy: Proxy(), se:cdp: ws://localhost:59832/devtoo..., se:cdpVersion: 144.0.7559.133, setWindowRect: true, strictFileInteractability: false, timeouts: {implicit: 0, pageLoad: 300000, script: 30000}, unhandledPromptBehavior: dismiss and notify, webauthn:extension:credBlob: true, webauthn:extension:largeBlob: true, webauthn:extension:minPinLength: true, webauthn:extension:prf: true, webauthn:virtualAuthenticators: true}
Session ID: c403a4663cf9b421c53dda766ae25f4a
	at org.openqa.selenium.support.ui.WebDriverWait.timeoutException(WebDriverWait.java:84)
	at org.openqa.selenium.support.ui.FluentWait.until(FluentWait.java:231)
	at pages.ResultsPage.applyRatingFilter(ResultsPage.java:89)
	at cucu.Cucufilter.apply_rating_filter(Cucufilter.java:28)
	at ✽.Apply rating filter(file:///C:/Users/91936/eclipse-workspace/mmt/src/test/resources/feature/6filters.feature:18)
</pre></div><a href='#' onClick='toggleBox("stack-trace1657458920", this, "Click to show all stack frames", "Click to hide stack frames")'>Click to show all stack frames</a>
<div class='stack-trace' id='stack-trace1657458920'><pre>org.openqa.selenium.TimeoutException: Expected condition failed: waiting for element found by By.xpath: //label[contains(text(),&apos;Rating&apos;)] | //span[contains(@class,&apos;rating&apos;)]//input[1] to be clickable, but the element was not found: org.openqa.selenium.NoSuchElementException: no such element: Unable to locate element: {&quot;method&quot;:&quot;xpath&quot;,&quot;selector&quot;:&quot;//label[contains(text(),&apos;Rating&apos;)] | //span[contains(@class,&apos;rating&apos;)]//input[1]&quot;}.
(tried for 15 seconds with 500 milliseconds interval)
Build info: version: &apos;4.40.0&apos;, revision: &apos;b3333f1&apos;
System info: os.name: &apos;Windows 11&apos;, os.arch: &apos;amd64&apos;, os.version: &apos;10.0&apos;, java.version: &apos;25.0.2&apos;
Driver info: org.openqa.selenium.chrome.ChromeDriver
Capabilities {acceptInsecureCerts: false, browserName: chrome, browserVersion: 144.0.7559.133, chrome: {chromedriverVersion: 144.0.7559.133 (7da823b1d59..., userDataDir: C:\Users\91936\AppData\Loca...}, fedcm:accounts: true, goog:chromeOptions: {debuggerAddress: localhost:59832}, goog:processID: 14524, networkConnectionEnabled: false, pageLoadStrategy: normal, platformName: windows, proxy: Proxy(), se:cdp: ws://localhost:59832/devtoo..., se:cdpVersion: 144.0.7559.133, setWindowRect: true, strictFileInteractability: false, timeouts: {implicit: 0, pageLoad: 300000, script: 30000}, unhandledPromptBehavior: dismiss and notify, webauthn:extension:credBlob: true, webauthn:extension:largeBlob: true, webauthn:extension:minPinLength: true, webauthn:extension:prf: true, webauthn:virtualAuthenticators: true}
Session ID: c403a4663cf9b421c53dda766ae25f4a
	at org.openqa.selenium.support.ui.WebDriverWait.timeoutException(WebDriverWait.java:84)
	at org.openqa.selenium.support.ui.FluentWait.until(FluentWait.java:231)
	at pages.ResultsPage.applyRatingFilter(ResultsPage.java:89)
	at cucu.Cucufilter.apply_rating_filter(Cucufilter.java:28)
	at ✽.Apply rating filter(file:///C:/Users/91936/eclipse-workspace/mmt/src/test/resources/feature/6filters.feature:18)
</pre></div></td>
<td>32</td>
<td>TestRunner.Testrunner@5876a9af</td></tr>
<tr>
<td title='TestRunner.Testrunner.runScenario()'><b>runScenario</b><br>Test class: TestRunner.Testrunner<br>Test method: Runs Cucumber Scenarios<br>Parameters: "Test 22 - Clear applied filters and verify results reset", "Filters and Sorting Tests"</td>
<td><div><pre>org.openqa.selenium.TimeoutException: Expected condition failed: waiting for element found by By.xpath: //label[contains(text(),&apos;Price&apos;)] | //span[contains(text(),&apos;Price&apos;)]//following::input[1] to be clickable, but the element was not found: org.openqa.selenium.NoSuchElementException: no such element: Unable to locate element: {&quot;method&quot;:&quot;xpath&quot;,&quot;selector&quot;:&quot;//label[contains(text(),&apos;Price&apos;)] | //span[contains(text(),&apos;Price&apos;)]//following::input[1]&quot;}.
(tried for 15 seconds with 500 milliseconds interval)
Build info: version: &apos;4.40.0&apos;, revision: &apos;b3333f1&apos;
System info: os.name: &apos;Windows 11&apos;, os.arch: &apos;amd64&apos;, os.version: &apos;10.0&apos;, java.version: &apos;25.0.2&apos;
Driver info: org.openqa.selenium.chrome.ChromeDriver
Capabilities {acceptInsecureCerts: false, browserName: chrome, browserVersion: 144.0.7559.133, chrome: {chromedriverVersion: 144.0.7559.133 (7da823b1d59..., userDataDir: C:\Users\91936\AppData\Loca...}, fedcm:accounts: true, goog:chromeOptions: {debuggerAddress: localhost:59549}, goog:processID: 7900, networkConnectionEnabled: false, pageLoadStrategy: normal, platformName: windows, proxy: Proxy(), se:cdp: ws://localhost:59549/devtoo..., se:cdpVersion: 144.0.7559.133, setWindowRect: true, strictFileInteractability: false, timeouts: {implicit: 0, pageLoad: 300000, script: 30000}, unhandledPromptBehavior: dismiss and notify, webauthn:extension:credBlob: true, webauthn:extension:largeBlob: true, webauthn:extension:minPinLength: true, webauthn:extension:prf: true, webauthn:virtualAuthenticators: true}
Session ID: aad94ea7617c4e9e619d227477cc8d3d
	at org.openqa.selenium.support.ui.WebDriverWait.timeoutException(WebDriverWait.java:84)
	at org.openqa.selenium.support.ui.FluentWait.until(FluentWait.java:231)
	at pages.ResultsPage.applyPriceFilter(ResultsPage.java:75)
	at cucu.Cucufilter.apply_price_filter(Cucufilter.java:16)
	at ✽.Apply price filter(file:///C:/Users/91936/eclipse-workspace/mmt/src/test/resources/feature/6filters.feature:26)
</pre></div><a href='#' onClick='toggleBox("stack-trace38570886", this, "Click to show all stack frames", "Click to hide stack frames")'>Click to show all stack frames</a>
<div class='stack-trace' id='stack-trace38570886'><pre>org.openqa.selenium.TimeoutException: Expected condition failed: waiting for element found by By.xpath: //label[contains(text(),&apos;Price&apos;)] | //span[contains(text(),&apos;Price&apos;)]//following::input[1] to be clickable, but the element was not found: org.openqa.selenium.NoSuchElementException: no such element: Unable to locate element: {&quot;method&quot;:&quot;xpath&quot;,&quot;selector&quot;:&quot;//label[contains(text(),&apos;Price&apos;)] | //span[contains(text(),&apos;Price&apos;)]//following::input[1]&quot;}.
(tried for 15 seconds with 500 milliseconds interval)
Build info: version: &apos;4.40.0&apos;, revision: &apos;b3333f1&apos;
System info: os.name: &apos;Windows 11&apos;, os.arch: &apos;amd64&apos;, os.version: &apos;10.0&apos;, java.version: &apos;25.0.2&apos;
Driver info: org.openqa.selenium.chrome.ChromeDriver
Capabilities {acceptInsecureCerts: false, browserName: chrome, browserVersion: 144.0.7559.133, chrome: {chromedriverVersion: 144.0.7559.133 (7da823b1d59..., userDataDir: C:\Users\91936\AppData\Loca...}, fedcm:accounts: true, goog:chromeOptions: {debuggerAddress: localhost:59549}, goog:processID: 7900, networkConnectionEnabled: false, pageLoadStrategy: normal, platformName: windows, proxy: Proxy(), se:cdp: ws://localhost:59549/devtoo..., se:cdpVersion: 144.0.7559.133, setWindowRect: true, strictFileInteractability: false, timeouts: {implicit: 0, pageLoad: 300000, script: 30000}, unhandledPromptBehavior: dismiss and notify, webauthn:extension:credBlob: true, webauthn:extension:largeBlob: true, webauthn:extension:minPinLength: true, webauthn:extension:prf: true, webauthn:virtualAuthenticators: true}
Session ID: aad94ea7617c4e9e619d227477cc8d3d
	at org.openqa.selenium.support.ui.WebDriverWait.timeoutException(WebDriverWait.java:84)
	at org.openqa.selenium.support.ui.FluentWait.until(FluentWait.java:231)
	at pages.ResultsPage.applyPriceFilter(ResultsPage.java:75)
	at cucu.Cucufilter.apply_price_filter(Cucufilter.java:16)
	at ✽.Apply price filter(file:///C:/Users/91936/eclipse-workspace/mmt/src/test/resources/feature/6filters.feature:26)
</pre></div></td>
<td>32</td>
<td>TestRunner.Testrunner@5876a9af</td></tr>
<tr>
<td title='TestRunner.Testrunner.runScenario()'><b>runScenario</b><br>Test class: TestRunner.Testrunner<br>Test method: Runs Cucumber Scenarios<br>Parameters: "Test 21 - Sort search results by price", "Filters and Sorting Tests"</td>
<td><div><pre>org.openqa.selenium.TimeoutException: Expected condition failed: waiting for element found by By.xpath: //span[contains(text(),&apos;Price&apos;)] | //div[contains(text(),&apos;Cheapest&apos;)] to be clickable, but the element was not found: org.openqa.selenium.NoSuchElementException: no such element: Unable to locate element: {&quot;method&quot;:&quot;xpath&quot;,&quot;selector&quot;:&quot;//span[contains(text(),&apos;Price&apos;)] | //div[contains(text(),&apos;Cheapest&apos;)]&quot;}.
(tried for 15 seconds with 500 milliseconds interval)
Build info: version: &apos;4.40.0&apos;, revision: &apos;b3333f1&apos;
System info: os.name: &apos;Windows 11&apos;, os.arch: &apos;amd64&apos;, os.version: &apos;10.0&apos;, java.version: &apos;25.0.2&apos;
Driver info: org.openqa.selenium.chrome.ChromeDriver
Capabilities {acceptInsecureCerts: false, browserName: chrome, browserVersion: 144.0.7559.133, chrome: {chromedriverVersion: 144.0.7559.133 (7da823b1d59..., userDataDir: C:\Users\91936\AppData\Loca...}, fedcm:accounts: true, goog:chromeOptions: {debuggerAddress: localhost:55778}, goog:processID: 8676, networkConnectionEnabled: false, pageLoadStrategy: normal, platformName: windows, proxy: Proxy(), se:cdp: ws://localhost:55778/devtoo..., se:cdpVersion: 144.0.7559.133, setWindowRect: true, strictFileInteractability: false, timeouts: {implicit: 0, pageLoad: 300000, script: 30000}, unhandledPromptBehavior: dismiss and notify, webauthn:extension:credBlob: true, webauthn:extension:largeBlob: true, webauthn:extension:minPinLength: true, webauthn:extension:prf: true, webauthn:virtualAuthenticators: true}
Session ID: 54f9ff0ae5637572e00662c005dc8336
	at org.openqa.selenium.support.ui.WebDriverWait.timeoutException(WebDriverWait.java:84)
	at org.openqa.selenium.support.ui.FluentWait.until(FluentWait.java:231)
	at pages.ResultsPage.sortByPrice(ResultsPage.java:100)
	at cucu.Cucufilter.sort_by_price(Cucufilter.java:34)
	at ✽.Sort by price(file:///C:/Users/91936/eclipse-workspace/mmt/src/test/resources/feature/6filters.feature:22)
</pre></div><a href='#' onClick='toggleBox("stack-trace757468970", this, "Click to show all stack frames", "Click to hide stack frames")'>Click to show all stack frames</a>
<div class='stack-trace' id='stack-trace757468970'><pre>org.openqa.selenium.TimeoutException: Expected condition failed: waiting for element found by By.xpath: //span[contains(text(),&apos;Price&apos;)] | //div[contains(text(),&apos;Cheapest&apos;)] to be clickable, but the element was not found: org.openqa.selenium.NoSuchElementException: no such element: Unable to locate element: {&quot;method&quot;:&quot;xpath&quot;,&quot;selector&quot;:&quot;//span[contains(text(),&apos;Price&apos;)] | //div[contains(text(),&apos;Cheapest&apos;)]&quot;}.
(tried for 15 seconds with 500 milliseconds interval)
Build info: version: &apos;4.40.0&apos;, revision: &apos;b3333f1&apos;
System info: os.name: &apos;Windows 11&apos;, os.arch: &apos;amd64&apos;, os.version: &apos;10.0&apos;, java.version: &apos;25.0.2&apos;
Driver info: org.openqa.selenium.chrome.ChromeDriver
Capabilities {acceptInsecureCerts: false, browserName: chrome, browserVersion: 144.0.7559.133, chrome: {chromedriverVersion: 144.0.7559.133 (7da823b1d59..., userDataDir: C:\Users\91936\AppData\Loca...}, fedcm:accounts: true, goog:chromeOptions: {debuggerAddress: localhost:55778}, goog:processID: 8676, networkConnectionEnabled: false, pageLoadStrategy: normal, platformName: windows, proxy: Proxy(), se:cdp: ws://localhost:55778/devtoo..., se:cdpVersion: 144.0.7559.133, setWindowRect: true, strictFileInteractability: false, timeouts: {implicit: 0, pageLoad: 300000, script: 30000}, unhandledPromptBehavior: dismiss and notify, webauthn:extension:credBlob: true, webauthn:extension:largeBlob: true, webauthn:extension:minPinLength: true, webauthn:extension:prf: true, webauthn:virtualAuthenticators: true}
Session ID: 54f9ff0ae5637572e00662c005dc8336
	at org.openqa.selenium.support.ui.WebDriverWait.timeoutException(WebDriverWait.java:84)
	at org.openqa.selenium.support.ui.FluentWait.until(FluentWait.java:231)
	at pages.ResultsPage.sortByPrice(ResultsPage.java:100)
	at cucu.Cucufilter.sort_by_price(Cucufilter.java:34)
	at ✽.Sort by price(file:///C:/Users/91936/eclipse-workspace/mmt/src/test/resources/feature/6filters.feature:22)
</pre></div></td>
<td>32</td>
<td>TestRunner.Testrunner@5876a9af</td></tr>
</table><p>
<table width='100%' border='1' class='invocation-passed'>
<tr><td colspan='4' align='center'><b>PASSED TESTS</b></td></tr>
<tr><td><b>Test method</b></td>
<td><b>Attribute(s)</b></td>
<td width="30%"><b>Exception</b></td>
<td width="10%"><b>Time (seconds)</b></td>
<td><b>Instance</b></td>
</tr>
<tr>
<td title='TestRunner.Testrunner.runScenario()'><b>runScenario</b><br>Test class: TestRunner.Testrunner<br>Test method: Runs Cucumber Scenarios<br>Parameters: "Test 13 - Search hotels without dates", "Hotel Search Tests"</td>
<td></td>
<td>11</td>
<td>TestRunner.Testrunner@5876a9af</td></tr>
<tr>
<td title='TestRunner.Testrunner.runScenario()'><b>runScenario</b><br>Test class: TestRunner.Testrunner<br>Test method: Runs Cucumber Scenarios<br>Parameters: "Test 18 - Verify train results page", "Train Search Tests"</td>
<td></td>
<td>13</td>
<td>TestRunner.Testrunner@5876a9af</td></tr>
<tr>
<td title='TestRunner.Testrunner.runScenario()'><b>runScenario</b><br>Test class: TestRunner.Testrunner<br>Test method: Runs Cucumber Scenarios<br>Parameters: "Test 9 - Verify flight results page URL", "Flight Search Tests"</td>
<td></td>
<td>14</td>
<td>TestRunner.Testrunner@5876a9af</td></tr>
<tr>
<td title='TestRunner.Testrunner.runScenario()'><b>runScenario</b><br>Test class: TestRunner.Testrunner<br>Test method: Runs Cucumber Scenarios<br>Parameters: "Test - Search flights to multiple destinations", "Flight Search Tests"</td>
<td></td>
<td>15</td>
<td>TestRunner.Testrunner@5876a9af</td></tr>
<tr>
<td title='TestRunner.Testrunner.runScenario()'><b>runScenario</b><br>Test class: TestRunner.Testrunner<br>Test method: Runs Cucumber Scenarios<br>Parameters: "Test 24 - Open flight details page", "Flight Results Page Tests"</td>
<td></td>
<td>35</td>
<td>TestRunner.Testrunner@5876a9af</td></tr>
<tr>
<td title='TestRunner.Testrunner.runScenario()'><b>runScenario</b><br>Test class: TestRunner.Testrunner<br>Test method: Runs Cucumber Scenarios<br>Parameters: "Test - Search hotels in different cities", "Hotel Search Tests"</td>
<td></td>
<td>13</td>
<td>TestRunner.Testrunner@5876a9af</td></tr>
<tr>
<td title='TestRunner.Testrunner.runScenario()'><b>runScenario</b><br>Test class: TestRunner.Testrunner<br>Test method: Runs Cucumber Scenarios<br>Parameters: "Test 19 - Search trains for different routes", "Train Search Tests"</td>
<td></td>
<td>13</td>
<td>TestRunner.Testrunner@5876a9af</td></tr>
<tr>
<td title='TestRunner.Testrunner.runScenario()'><b>runScenario</b><br>Test class: TestRunner.Testrunner<br>Test method: Runs Cucumber Scenarios<br>Parameters: "Test 4 - Verify flight search fields are displayed", "Home Page Tests"</td>
<td></td>
<td>9</td>
<td>TestRunner.Testrunner@5876a9af</td></tr>
<tr>
<td title='TestRunner.Testrunner.runScenario()'><b>runScenario</b><br>Test class: TestRunner.Testrunner<br>Test method: Runs Cucumber Scenarios<br>Parameters: "Test 1 - Verify home page title", "Home Page Tests"</td>
<td></td>
<td>9</td>
<td>TestRunner.Testrunner@5876a9af</td></tr>
<tr>
<td title='TestRunner.Testrunner.runScenario()'><b>runScenario</b><br>Test class: TestRunner.Testrunner<br>Test method: Runs Cucumber Scenarios<br>Parameters: "Test 19 - Navigate between different modules", "Navigation Tests"</td>
<td></td>
<td>9</td>
<td>TestRunner.Testrunner@5876a9af</td></tr>
<tr>
<td title='TestRunner.Testrunner.runScenario()'><b>runScenario</b><br>Test class: TestRunner.Testrunner<br>Test method: Runs Cucumber Scenarios<br>Parameters: "Test 15 - Navigate to trains section", "Train Search Tests"</td>
<td></td>
<td>9</td>
<td>TestRunner.Testrunner@5876a9af</td></tr>
<tr>
<td title='TestRunner.Testrunner.runScenario()'><b>runScenario</b><br>Test class: TestRunner.Testrunner<br>Test method: Runs Cucumber Scenarios<br>Parameters: "Test 19 - Search trains for different routes", "Train Search Tests"</td>
<td></td>
<td>15</td>
<td>TestRunner.Testrunner@5876a9af</td></tr>
<tr>
<td title='TestRunner.Testrunner.runScenario()'><b>runScenario</b><br>Test class: TestRunner.Testrunner<br>Test method: Runs Cucumber Scenarios<br>Parameters: "Test 16 - Search trains with valid stations and date", "Train Search Tests"</td>
<td></td>
<td>14</td>
<td>TestRunner.Testrunner@5876a9af</td></tr>
<tr>
<td title='TestRunner.Testrunner.runScenario()'><b>runScenario</b><br>Test class: TestRunner.Testrunner<br>Test method: Runs Cucumber Scenarios<br>Parameters: "Test 8 - Search flights without selecting date", "Flight Search Tests"</td>
<td></td>
<td>15</td>
<td>TestRunner.Testrunner@5876a9af</td></tr>
<tr>
<td title='TestRunner.Testrunner.runScenario()'><b>runScenario</b><br>Test class: TestRunner.Testrunner<br>Test method: Runs Cucumber Scenarios<br>Parameters: "Test 23 - Verify flight results are displayed", "Flight Results Page Tests"</td>
<td></td>
<td>15</td>
<td>TestRunner.Testrunner@5876a9af</td></tr>
<tr>
<td title='TestRunner.Testrunner.runScenario()'><b>runScenario</b><br>Test class: TestRunner.Testrunner<br>Test method: Runs Cucumber Scenarios<br>Parameters: "Test 5 - Verify departure date picker is displayed", "Home Page Tests"</td>
<td></td>
<td>10</td>
<td>TestRunner.Testrunner@5876a9af</td></tr>
<tr>
<td title='TestRunner.Testrunner.runScenario()'><b>runScenario</b><br>Test class: TestRunner.Testrunner<br>Test method: Runs Cucumber Scenarios<br>Parameters: "Test 2 - Close login popup", "Home Page Tests"</td>
<td></td>
<td>9</td>
<td>TestRunner.Testrunner@5876a9af</td></tr>
<tr>
<td title='TestRunner.Testrunner.runScenario()'><b>runScenario</b><br>Test class: TestRunner.Testrunner<br>Test method: Runs Cucumber Scenarios<br>Parameters: "Test 14 - Verify hotel results page", "Hotel Search Tests"</td>
<td></td>
<td>12</td>
<td>TestRunner.Testrunner@5876a9af</td></tr>
<tr>
<td title='TestRunner.Testrunner.runScenario()'><b>runScenario</b><br>Test class: TestRunner.Testrunner<br>Test method: Runs Cucumber Scenarios<br>Parameters: "Test 12 - Search hotels with valid details", "Hotel Search Tests"</td>
<td></td>
<td>13</td>
<td>TestRunner.Testrunner@5876a9af</td></tr>
<tr>
<td title='TestRunner.Testrunner.runScenario()'><b>runScenario</b><br>Test class: TestRunner.Testrunner<br>Test method: Runs Cucumber Scenarios<br>Parameters: "Test 21 - Navigate from Hotels to Trains", "Navigation Tests"</td>
<td></td>
<td>10</td>
<td>TestRunner.Testrunner@5876a9af</td></tr>
<tr>
<td title='TestRunner.Testrunner.runScenario()'><b>runScenario</b><br>Test class: TestRunner.Testrunner<br>Test method: Runs Cucumber Scenarios<br>Parameters: "Test 3 - Verify navigation tabs are displayed", "Home Page Tests"</td>
<td></td>
<td>7</td>
<td>TestRunner.Testrunner@5876a9af</td></tr>
<tr>
<td title='TestRunner.Testrunner.runScenario()'><b>runScenario</b><br>Test class: TestRunner.Testrunner<br>Test method: Runs Cucumber Scenarios<br>Parameters: "Test 25 - Verify fare details are displayed", "Flight Results Page Tests"</td>
<td></td>
<td>14</td>
<td>TestRunner.Testrunner@5876a9af</td></tr>
<tr>
<td title='TestRunner.Testrunner.runScenario()'><b>runScenario</b><br>Test class: TestRunner.Testrunner<br>Test method: Runs Cucumber Scenarios<br>Parameters: "Test - Search hotels in different cities", "Hotel Search Tests"</td>
<td></td>
<td>13</td>
<td>TestRunner.Testrunner@5876a9af</td></tr>
<tr>
<td title='TestRunner.Testrunner.runScenario()'><b>runScenario</b><br>Test class: TestRunner.Testrunner<br>Test method: Runs Cucumber Scenarios<br>Parameters: "Test 7 - Search flights with same source and destination", "Flight Search Tests"</td>
<td></td>
<td>16</td>
<td>TestRunner.Testrunner@5876a9af</td></tr>
<tr>
<td title='TestRunner.Testrunner.runScenario()'><b>runScenario</b><br>Test class: TestRunner.Testrunner<br>Test method: Runs Cucumber Scenarios<br>Parameters: "Test 11 - Navigate to hotels section", "Hotel Search Tests"</td>
<td></td>
<td>8</td>
<td>TestRunner.Testrunner@5876a9af</td></tr>
<tr>
<td title='TestRunner.Testrunner.runScenario()'><b>runScenario</b><br>Test class: TestRunner.Testrunner<br>Test method: Runs Cucumber Scenarios<br>Parameters: "Test 26 - Verify results page URL contains flight", "Flight Results Page Tests"</td>
<td></td>
<td>15</td>
<td>TestRunner.Testrunner@5876a9af</td></tr>
<tr>
<td title='TestRunner.Testrunner.runScenario()'><b>runScenario</b><br>Test class: TestRunner.Testrunner<br>Test method: Runs Cucumber Scenarios<br>Parameters: "Test 17 - Search trains without selecting date", "Train Search Tests"</td>
<td></td>
<td>13</td>
<td>TestRunner.Testrunner@5876a9af</td></tr>
<tr>
<td title='TestRunner.Testrunner.runScenario()'><b>runScenario</b><br>Test class: TestRunner.Testrunner<br>Test method: Runs Cucumber Scenarios<br>Parameters: "Test 20 - Navigate from Flights to Hotels", "Navigation Tests"</td>
<td></td>
<td>8</td>
<td>TestRunner.Testrunner@5876a9af</td></tr>
<tr>
<td title='TestRunner.Testrunner.runScenario()'><b>runScenario</b><br>Test class: TestRunner.Testrunner<br>Test method: Runs Cucumber Scenarios<br>Parameters: "Test - Search flights to multiple destinations", "Flight Search Tests"</td>
<td></td>
<td>16</td>
<td>TestRunner.Testrunner@5876a9af</td></tr>
<tr>
<td title='TestRunner.Testrunner.runScenario()'><b>runScenario</b><br>Test class: TestRunner.Testrunner<br>Test method: Runs Cucumber Scenarios<br>Parameters: "Test 6 - Search flights with valid cities", "Flight Search Tests"</td>
<td></td>
<td>17</td>
<td>TestRunner.Testrunner@5876a9af</td></tr>
<tr>
<td title='TestRunner.Testrunner.runScenario()'><b>runScenario</b><br>Test class: TestRunner.Testrunner<br>Test method: Runs Cucumber Scenarios<br>Parameters: "Test 10 - Verify flight list is displayed", "Flight Search Tests"</td>
<td></td>
<td>15</td>
<td>TestRunner.Testrunner@5876a9af</td></tr>
</table><p>
</body>
</html>