<?xml version="1.0" encoding="UTF-8"?>
<testsuite xmlns:xsi="http://www.w3.org/2001/XMLSchema-instance" xsi:noNamespaceSchemaLocation="https://maven.apache.org/surefire/maven-surefire-plugin/xsd/surefire-test-report-3.0.xsd" version="3.0" name="TestRunner.Testrunner" time="610.322" tests="35" errors="0" skipped="0" failures="4">
  <properties>
[...]
</properties>
  <testcase name="runScenario[&quot;Test 1 - Verify home page title&quot;, &quot;Home Page Tests&quot;](1)" classname="TestRunner.Testrunner" time="12.144">
    <system-out><![CDATA[
Scenario: Test 1 - Verify home page title # src/test/resources/feature/1home.feature:6
Website opened: https://www.makemytrip.com/
  ✔ Given Open website "chrome"           # cucu.Cucutest.open_website(java.lang.String)
Title verified: MakeMyTrip - #1 Travel Website 50% OFF on Hotels, Flights & Holiday
  ✔ Then Title contains "MakeMyTrip"      # cucu.Cucutest.title_contains(java.lang.String)
Driver closed successfully
]]></system-out>
    <system-err><![CDATA[SLF4J(W): No SLF4J providers were found.
SLF4J(W): Defaulting to no-operation (NOP) logger implementation
SLF4J(W): See https://www.slf4j.org/codes.html#noProviders for further details.
]]></system-err>
  </testcase>
  <testcase name="runScenario[&quot;Test 2 - Close login popup&quot;, &quot;Home Page Tests&quot;](2)" classname="TestRunner.Testrunner" time="10.309">
    <system-out><![CDATA[
Scenario: Test 2 - Close login popup # src/test/resources/feature/1home.feature:9
Website opened: https://www.makemytrip.com/
  ✔ Given Open website "chrome"      # cucu.Cucutest.open_website(java.lang.String)
No login popup to close or already closed
  ✔ Then Close login popup           # cucu.Cucutest.close_login_popup()
Driver closed successfully
]]></system-out>
  </testcase>
  <testcase name="runScenario[&quot;Test 3 - Verify navigation tabs are displayed&quot;, &quot;Home Page Tests&quot;](3)" classname="TestRunner.Testrunner" time="8.919">
    <system-out><![CDATA[
Scenario: Test 3 - Verify navigation tabs are displayed # src/test/resources/feature/1home.feature:12
Website opened: https://www.makemytrip.com/
  ✔ Given Open website "chrome"                         # cucu.Cucutest.open_website(java.lang.String)
Flights tab verified
  ✔ Then Check "Flights" tab                            # cucu.Cucutest.check_tab(java.lang.String)
Hotels tab verified
  ✔ And Check "Hotels" tab                              # cucu.Cucutest.check_tab(java.lang.String)
Trains tab verified
  ✔ And Check "Trains" tab                              # cucu.Cucutest.check_tab(java.lang.String)
Driver closed successfully
]]></system-out>
  </testcase>
  <testcase name="runScenario[&quot;Test 4 - Verify flight search fields are displayed&quot;, &quot;Home Page Tests&quot;](4)" classname="TestRunner.Testrunner" time="9.212">
    <system-out><![CDATA[
Scenario: Test 4 - Verify flight search fields are displayed # src/test/resources/feature/1home.feature:17
Website opened: https://www.makemytrip.com/
  ✔ Given Open website "chrome"                              # cucu.Cucutest.open_website(java.lang.String)
Flights tab clicked
  ✔ When Click Flights                                       # cucu.Cucutest.click_flights()
From field verified
  ✔ Then Check From field                                    # cucu.Cucutest.check_from_field()
To field verified
  ✔ And Check To field                                       # cucu.Cucutest.check_to_field()
Driver closed successfully
]]></system-out>
  </testcase>
  <testcase name="runScenario[&quot;Test 5 - Verify departure date picker is displayed&quot;, &quot;Home Page Tests&quot;](5)" classname="TestRunner.Testrunner" time="9.03">
    <system-out><![CDATA[
Scenario: Test 5 - Verify departure date picker is displayed # src/test/resources/feature/1home.feature:22
Website opened: https://www.makemytrip.com/
  ✔ Given Open website "chrome"                              # cucu.Cucutest.open_website(java.lang.String)
Flights tab clicked
  ✔ When Click Flights                                       # cucu.Cucutest.click_flights()
Departure picker verified
  ✔ Then Check Departure picker                              # cucu.Cucutest.check_departure_picker()
Driver closed successfully
]]></system-out>
  </testcase>
  <testcase name="runScenario[&quot;Test 6 - Search flights with valid cities&quot;, &quot;Flight Search Tests&quot;](6)" classname="TestRunner.Testrunner" time="16.872">
    <system-out><![CDATA[
Scenario: Test 6 - Search flights with valid cities # src/test/resources/feature/2flight.feature:7
Website opened: https://www.makemytrip.com/
  ✔ Given Open website "chrome"                     # cucu.Cucutest.open_website(java.lang.String)
No login popup to close or already closed
  ✔ Then Close login popup                          # cucu.Cucutest.close_login_popup()
Flights tab clicked
  ✔ When Click Flights                              # cucu.Cucutest.click_flights()
No login popup to close or already closed
  ✔ And Enter from "Delhi"                          # cucu.Cucuflight.enter_from(java.lang.String)
  ✔ And Enter to "Mumbai"                           # cucu.Cucuflight.enter_to(java.lang.String)
  ✔ And Select departure date and search            # cucu.Cucuflight.select_departure_date_and_search()
Results page verified
  ✔ Then Results page shown                         # cucu.Cucuflight.results_page_shown()
Driver closed successfully
]]></system-out>
  </testcase>
  <testcase name="runScenario[&quot;Test 7 - Search flights with same source and destination&quot;, &quot;Flight Search Tests&quot;](7)" classname="TestRunner.Testrunner" time="19.288">
    <system-out><![CDATA[
Scenario: Test 7 - Search flights with same source and destination # src/test/resources/feature/2flight.feature:14
Website opened: https://www.makemytrip.com/
  ✔ Given Open website "chrome"                                    # cucu.Cucutest.open_website(java.lang.String)
No login popup to close or already closed
  ✔ Then Close login popup                                         # cucu.Cucutest.close_login_popup()
Flights tab clicked
  ✔ When Click Flights                                             # cucu.Cucutest.click_flights()
No login popup to close or already closed
  ✔ And Enter from "Delhi"                                         # cucu.Cucuflight.enter_from(java.lang.String)
  ✔ And Enter to "Delhi"                                           # cucu.Cucuflight.enter_to(java.lang.String)
  ✔ And Select departure date and search                           # cucu.Cucuflight.select_departure_date_and_search()
Error message verified
  ✔ Then Error message shown                                       # cucu.Cucuflight.error_message_shown()
Driver closed successfully
]]></system-out>
  </testcase>
  <testcase name="runScenario[&quot;Test 8 - Search flights without selecting date&quot;, &quot;Flight Search Tests&quot;](8)" classname="TestRunner.Testrunner" time="16.93">
    <system-out><![CDATA[
Scenario: Test 8 - Search flights without selecting date # src/test/resources/feature/2flight.feature:21
Website opened: https://www.makemytrip.com/
  ✔ Given Open website "chrome"                          # cucu.Cucutest.open_website(java.lang.String)
No login popup to close or already closed
  ✔ Then Close login popup                               # cucu.Cucutest.close_login_popup()
Flights tab clicked
  ✔ When Click Flights                                   # cucu.Cucutest.click_flights()
No login popup to close or already closed
  ✔ And Enter from "Bangalore"                           # cucu.Cucuflight.enter_from(java.lang.String)
  ✔ And Enter to "Chennai"                               # cucu.Cucuflight.enter_to(java.lang.String)
  ✔ And Click search                                     # cucu.Cucuflight.click_search()
Results page verified
  ✔ Then Results page shown                              # cucu.Cucuflight.results_page_shown()
Driver closed successfully
]]></system-out>
  </testcase>
  <testcase name="runScenario[&quot;Test 9 - Verify flight results page URL&quot;, &quot;Flight Search Tests&quot;](9)" classname="TestRunner.Testrunner" time="19.926">
    <system-out><![CDATA[
Scenario: Test 9 - Verify flight results page URL # src/test/resources/feature/2flight.feature:28
Website opened: https://www.makemytrip.com/
  ✔ Given Open website "chrome"                   # cucu.Cucutest.open_website(java.lang.String)
No login popup to close or already closed
  ✔ Then Close login popup                        # cucu.Cucutest.close_login_popup()
Flights tab clicked
  ✔ When Click Flights                            # cucu.Cucutest.click_flights()
No login popup to close or already closed
  ✔ And Enter from "Delhi"                        # cucu.Cucuflight.enter_from(java.lang.String)
  ✔ And Enter to "Mumbai"                         # cucu.Cucuflight.enter_to(java.lang.String)
  ✔ And Select departure date and search          # cucu.Cucuflight.select_departure_date_and_search()
URL verified: https://www.makemytrip.com/
  ✔ Then URL contains "www.makemytrip.com"        # cucu.Cucuflight.url_contains(java.lang.String)
Driver closed successfully
]]></system-out>
  </testcase>
  <testcase name="runScenario[&quot;Test 10 - Verify flight list is displayed&quot;, &quot;Flight Search Tests&quot;](10)" classname="TestRunner.Testrunner" time="18.252">
    <system-out><![CDATA[
Scenario: Test 10 - Verify flight list is displayed # src/test/resources/feature/2flight.feature:35
Website opened: https://www.makemytrip.com/
  ✔ Given Open website "chrome"                     # cucu.Cucutest.open_website(java.lang.String)
No login popup to close or already closed
  ✔ Then Close login popup                          # cucu.Cucutest.close_login_popup()
Flights tab clicked
  ✔ When Click Flights                              # cucu.Cucutest.click_flights()
No login popup to close or already closed
  ✔ And Enter from "Delhi"                          # cucu.Cucuflight.enter_from(java.lang.String)
  ✔ And Enter to "Mumbai"                           # cucu.Cucuflight.enter_to(java.lang.String)
  ✔ And Select departure date and search            # cucu.Cucuflight.select_departure_date_and_search()
Flight list verified
  ✔ Then Flight list displayed                      # cucu.Cucuflight.flight_list_displayed()
Driver closed successfully
]]></system-out>
  </testcase>
  <testcase name="runScenario[&quot;Test - Search flights to multiple destinations&quot;, &quot;Flight Search Tests&quot;](11)" classname="TestRunner.Testrunner" time="17.247">
    <system-out><![CDATA[
Scenario Outline: Test - Search flights to multiple destinations # src/test/resources/feature/2flight.feature:51
Website opened: https://www.makemytrip.com/
  ✔ Given Open website "chrome"                                  # cucu.Cucutest.open_website(java.lang.String)
No login popup to close or already closed
  ✔ Then Close login popup                                       # cucu.Cucutest.close_login_popup()
Flights tab clicked
  ✔ When Click Flights                                           # cucu.Cucutest.click_flights()
No login popup to close or already closed
  ✔ And Enter from "Delhi"                                       # cucu.Cucuflight.enter_from(java.lang.String)
  ✔ And Enter to "Bangalore"                                     # cucu.Cucuflight.enter_to(java.lang.String)
  ✔ And Select departure date and search                         # cucu.Cucuflight.select_departure_date_and_search()
URL verified: https://www.makemytrip.com/
  ✔ Then URL contains "www.makemytrip.com"                       # cucu.Cucuflight.url_contains(java.lang.String)
Driver closed successfully
]]></system-out>
  </testcase>
  <testcase name="runScenario[&quot;Test - Search flights to multiple destinations&quot;, &quot;Flight Search Tests&quot;](12)" classname="TestRunner.Testrunner" time="16.605">
    <system-out><![CDATA[
Scenario Outline: Test - Search flights to multiple destinations # src/test/resources/feature/2flight.feature:52
Website opened: https://www.makemytrip.com/
  ✔ Given Open website "chrome"                                  # cucu.Cucutest.open_website(java.lang.String)
No login popup to close or already closed
  ✔ Then Close login popup                                       # cucu.Cucutest.close_login_popup()
Flights tab clicked
  ✔ When Click Flights                                           # cucu.Cucutest.click_flights()
No login popup to close or already closed
  ✔ And Enter from "Mumbai"                                      # cucu.Cucuflight.enter_from(java.lang.String)
  ✔ And Enter to "Chennai"                                       # cucu.Cucuflight.enter_to(java.lang.String)
  ✔ And Select departure date and search                         # cucu.Cucuflight.select_departure_date_and_search()
URL verified: https://www.makemytrip.com/
  ✔ Then URL contains "www.makemytrip.com"                       # cucu.Cucuflight.url_contains(java.lang.String)
Driver closed successfully
]]></system-out>
  </testcase>
  <testcase name="runScenario[&quot;Test 11 - Navigate to hotels section&quot;, &quot;Hotel Search Tests&quot;](13)" classname="TestRunner.Testrunner" time="11.159">
    <system-out><![CDATA[
Scenario: Test 11 - Navigate to hotels section # src/test/resources/feature/3hotel.feature:7
Website opened: https://www.makemytrip.com/
  ✔ Given Open website "chrome"                # cucu.Cucutest.open_website(java.lang.String)
No login popup to close or already closed
  ✔ Then Close login popup                     # cucu.Cucutest.close_login_popup()
Hotels tab clicked
  ✔ When Click Hotels                          # cucu.Cucunav.click_hotels()
URL verified: https://www.makemytrip.com/hotels/
  ✔ Then URL contains "hotels"                 # cucu.Cucuflight.url_contains(java.lang.String)
Driver closed successfully
]]></system-out>
  </testcase>
  <testcase name="runScenario[&quot;Test 12 - Search hotels with valid details&quot;, &quot;Hotel Search Tests&quot;](14)" classname="TestRunner.Testrunner" time="13.067">
    <system-out><![CDATA[
Scenario: Test 12 - Search hotels with valid details # src/test/resources/feature/3hotel.feature:11
Website opened: https://www.makemytrip.com/
  ✔ Given Open website "chrome"                      # cucu.Cucutest.open_website(java.lang.String)
No login popup to close or already closed
  ✔ Then Close login popup                           # cucu.Cucutest.close_login_popup()
Hotels tab clicked
  ✔ When Click Hotels                                # cucu.Cucunav.click_hotels()
  ✔ And Enter city "Goa"                             # cucu.Cucuhotel.enter_city(java.lang.String)
  ✔ And Select checkin date "25"                     # cucu.Cucuhotel.select_checkin_date(java.lang.String)
  ✔ And Select checkout date "28"                    # cucu.Cucuhotel.select_checkout_date(java.lang.String)
  ✔ And Click hotel search                           # cucu.Cucuhotel.click_hotel_search()
Hotel results verified
  ✔ Then Hotel results shown                         # cucu.Cucuhotel.hotel_results_shown()
Driver closed successfully
]]></system-out>
  </testcase>
  <testcase name="runScenario[&quot;Test 13 - Search hotels without dates&quot;, &quot;Hotel Search Tests&quot;](15)" classname="TestRunner.Testrunner" time="13.932">
    <system-out><![CDATA[
Scenario: Test 13 - Search hotels without dates # src/test/resources/feature/3hotel.feature:19
Website opened: https://www.makemytrip.com/
  ✔ Given Open website "chrome"                 # cucu.Cucutest.open_website(java.lang.String)
No login popup to close or already closed
  ✔ Then Close login popup                      # cucu.Cucutest.close_login_popup()
Hotels tab clicked
  ✔ When Click Hotels                           # cucu.Cucunav.click_hotels()
  ✔ And Enter city "Mumbai"                     # cucu.Cucuhotel.enter_city(java.lang.String)
  ✔ And Click hotel search                      # cucu.Cucuhotel.click_hotel_search()
URL verified: https://www.makemytrip.com/hotels/hotel-listing/?checkin=02142026&semanticResults=true&city=CTBOM&checkout=02152026&roomStayQualifier=2e0e&locusId=CTBOM&country=IN&locusType=city&searchText=Mumbai%20stays%20with%20sea-facing%20rooms&regionNearByExp=3&rsc=1e2e0e
  ✔ Then URL contains "hotels"                  # cucu.Cucuflight.url_contains(java.lang.String)
Driver closed successfully
]]></system-out>
  </testcase>
  <testcase name="runScenario[&quot;Test 14 - Verify hotel results page&quot;, &quot;Hotel Search Tests&quot;](16)" classname="TestRunner.Testrunner" time="14.854">
    <system-out><![CDATA[
Scenario: Test 14 - Verify hotel results page # src/test/resources/feature/3hotel.feature:25
Website opened: https://www.makemytrip.com/
  ✔ Given Open website "chrome"               # cucu.Cucutest.open_website(java.lang.String)
No login popup to close or already closed
  ✔ Then Close login popup                    # cucu.Cucutest.close_login_popup()
Hotels tab clicked
  ✔ When Click Hotels                         # cucu.Cucunav.click_hotels()
  ✔ And Enter city "Delhi"                    # cucu.Cucuhotel.enter_city(java.lang.String)
  ✔ And Select checkin date "22"              # cucu.Cucuhotel.select_checkin_date(java.lang.String)
  ✔ And Select checkout date "25"             # cucu.Cucuhotel.select_checkout_date(java.lang.String)
  ✔ And Click hotel search                    # cucu.Cucuhotel.click_hotel_search()
Hotel results verified
  ✔ Then Hotel results shown                  # cucu.Cucuhotel.hotel_results_shown()
Driver closed successfully
]]></system-out>
  </testcase>
  <testcase name="runScenario[&quot;Test - Search hotels in different cities&quot;, &quot;Hotel Search Tests&quot;](17)" classname="TestRunner.Testrunner" time="12.517">
    <system-out><![CDATA[
Scenario Outline: Test - Search hotels in different cities # src/test/resources/feature/3hotel.feature:43
Website opened: https://www.makemytrip.com/
  ✔ Given Open website "chrome"                            # cucu.Cucutest.open_website(java.lang.String)
No login popup to close or already closed
  ✔ Then Close login popup                                 # cucu.Cucutest.close_login_popup()
Hotels tab clicked
  ✔ When Click Hotels                                      # cucu.Cucunav.click_hotels()
  ✔ And Enter city "Goa"                                   # cucu.Cucuhotel.enter_city(java.lang.String)
  ✔ And Select checkin date "20"                           # cucu.Cucuhotel.select_checkin_date(java.lang.String)
  ✔ And Select checkout date "23"                          # cucu.Cucuhotel.select_checkout_date(java.lang.String)
  ✔ And Click hotel search                                 # cucu.Cucuhotel.click_hotel_search()
Hotel results verified
  ✔ Then Hotel results shown                               # cucu.Cucuhotel.hotel_results_shown()
Driver closed successfully
]]></system-out>
  </testcase>
  <testcase name="runScenario[&quot;Test - Search hotels in different cities&quot;, &quot;Hotel Search Tests&quot;](18)" classname="TestRunner.Testrunner" time="13.077">
    <system-out><![CDATA[
Scenario Outline: Test - Search hotels in different cities # src/test/resources/feature/3hotel.feature:44
Website opened: https://www.makemytrip.com/
  ✔ Given Open website "chrome"                            # cucu.Cucutest.open_website(java.lang.String)
No login popup to close or already closed
  ✔ Then Close login popup                                 # cucu.Cucutest.close_login_popup()
Hotels tab clicked
  ✔ When Click Hotels                                      # cucu.Cucunav.click_hotels()
  ✔ And Enter city "Jaipur"                                # cucu.Cucuhotel.enter_city(java.lang.String)
  ✔ And Select checkin date "20"                           # cucu.Cucuhotel.select_checkin_date(java.lang.String)
  ✔ And Select checkout date "23"                          # cucu.Cucuhotel.select_checkout_date(java.lang.String)
  ✔ And Click hotel search                                 # cucu.Cucuhotel.click_hotel_search()
Hotel results verified
  ✔ Then Hotel results shown                               # cucu.Cucuhotel.hotel_results_shown()
Driver closed successfully
]]></system-out>
  </testcase>
  <testcase name="runScenario[&quot;Test 15 - Navigate to trains section&quot;, &quot;Train Search Tests&quot;](19)" classname="TestRunner.Testrunner" time="10.173">
    <system-out><![CDATA[
Scenario: Test 15 - Navigate to trains section # src/test/resources/feature/4train.feature:7
Website opened: https://www.makemytrip.com/
  ✔ Given Open website "chrome"                # cucu.Cucutest.open_website(java.lang.String)
No login popup to close or already closed
  ✔ Then Close login popup                     # cucu.Cucutest.close_login_popup()
Trains tab clicked
  ✔ When Click Trains                          # cucu.Cucunav.click_trains()
URL verified: https://www.makemytrip.com/railways/
  ✔ Then URL contains "railways"               # cucu.Cucuflight.url_contains(java.lang.String)
Driver closed successfully
]]></system-out>
  </testcase>
  <testcase name="runScenario[&quot;Test 16 - Search trains with valid stations and date&quot;, &quot;Train Search Tests&quot;](20)" classname="TestRunner.Testrunner" time="16.38">
    <system-out><![CDATA[
Scenario: Test 16 - Search trains with valid stations and date # src/test/resources/feature/4train.feature:11
Website opened: https://www.makemytrip.com/
  ✔ Given Open website "chrome"                                # cucu.Cucutest.open_website(java.lang.String)
No login popup to close or already closed
  ✔ Then Close login popup                                     # cucu.Cucutest.close_login_popup()
Trains tab clicked
  ✔ When Click Trains                                          # cucu.Cucunav.click_trains()
  ✔ And Enter from station "Mumbai"                            # cucu.Cucutrain.enter_from_station(java.lang.String)
  ✔ And Enter to station "Pune"                                # cucu.Cucutrain.enter_to_station(java.lang.String)
  ✔ And Select departure date "20"                             # cucu.Cucutrain.select_departure_date(java.lang.String)
  ✔ And Click train search                                     # cucu.Cucutrain.click_train_search()
URL verified: https://www.makemytrip.com/railways/listing?date=20260213&srcStn=CSTM&srcCity=Mumbai&destStn=PUNE&destCity=Pune&classCode=
  ✔ Then URL contains "railways"                               # cucu.Cucuflight.url_contains(java.lang.String)
Driver closed successfully
]]></system-out>
  </testcase>
  <testcase name="runScenario[&quot;Test 17 - Search trains without selecting date&quot;, &quot;Train Search Tests&quot;](21)" classname="TestRunner.Testrunner" time="16.328">
    <system-out><![CDATA[
Scenario: Test 17 - Search trains without selecting date # src/test/resources/feature/4train.feature:19
Website opened: https://www.makemytrip.com/
  ✔ Given Open website "chrome"                          # cucu.Cucutest.open_website(java.lang.String)
No login popup to close or already closed
  ✔ Then Close login popup                               # cucu.Cucutest.close_login_popup()
Trains tab clicked
  ✔ When Click Trains                                    # cucu.Cucunav.click_trains()
  ✔ And Enter from station "Delhi"                       # cucu.Cucutrain.enter_from_station(java.lang.String)
  ✔ And Enter to station "Bangalore"                     # cucu.Cucutrain.enter_to_station(java.lang.String)
  ✔ And Click train search                               # cucu.Cucutrain.click_train_search()
URL verified: https://www.makemytrip.com/railways/listing?date=20260214&srcStn=NDLS&srcCity=Delhi&destStn=SBC&destCity=Bangalore&classCode=
  ✔ Then URL contains "railways"                         # cucu.Cucuflight.url_contains(java.lang.String)
Driver closed successfully
]]></system-out>
  </testcase>
  <testcase name="runScenario[&quot;Test 18 - Verify train results page&quot;, &quot;Train Search Tests&quot;](22)" classname="TestRunner.Testrunner" time="16.64">
    <system-out><![CDATA[
Scenario: Test 18 - Verify train results page # src/test/resources/feature/4train.feature:26
Website opened: https://www.makemytrip.com/
  ✔ Given Open website "chrome"               # cucu.Cucutest.open_website(java.lang.String)
No login popup to close or already closed
  ✔ Then Close login popup                    # cucu.Cucutest.close_login_popup()
Trains tab clicked
  ✔ When Click Trains                         # cucu.Cucunav.click_trains()
  ✔ And Enter from station "Delhi"            # cucu.Cucutrain.enter_from_station(java.lang.String)
  ✔ And Enter to station "Mumbai"             # cucu.Cucutrain.enter_to_station(java.lang.String)
  ✔ And Select departure date "22"            # cucu.Cucutrain.select_departure_date(java.lang.String)
  ✔ And Click train search                    # cucu.Cucutrain.click_train_search()
URL verified: https://www.makemytrip.com/railways/listing?date=20260213&srcStn=NDLS&srcCity=Delhi&destStn=CSTM&destCity=Mumbai&classCode=
  ✔ Then URL contains "railways"              # cucu.Cucuflight.url_contains(java.lang.String)
Driver closed successfully
]]></system-out>
  </testcase>
  <testcase name="runScenario[&quot;Test 19 - Search trains for different routes&quot;, &quot;Train Search Tests&quot;](23)" classname="TestRunner.Testrunner" time="16.869">
    <system-out><![CDATA[
Scenario Outline: Test 19 - Search trains for different routes # src/test/resources/feature/4train.feature:44
Website opened: https://www.makemytrip.com/
  ✔ Given Open website "chrome"                                # cucu.Cucutest.open_website(java.lang.String)
No login popup to close or already closed
  ✔ Then Close login popup                                     # cucu.Cucutest.close_login_popup()
Trains tab clicked
  ✔ When Click Trains                                          # cucu.Cucunav.click_trains()
  ✔ And Enter from station "Mumbai"                            # cucu.Cucutrain.enter_from_station(java.lang.String)
  ✔ And Enter to station "Pune"                                # cucu.Cucutrain.enter_to_station(java.lang.String)
  ✔ And Select departure date "20"                             # cucu.Cucutrain.select_departure_date(java.lang.String)
  ✔ And Click train search                                     # cucu.Cucutrain.click_train_search()
URL verified: https://www.makemytrip.com/railways/listing?date=20260213&srcStn=CSTM&srcCity=Mumbai&destStn=PUNE&destCity=Pune&classCode=
  ✔ Then URL contains "railways"                               # cucu.Cucuflight.url_contains(java.lang.String)
Driver closed successfully
]]></system-out>
  </testcase>
  <testcase name="runScenario[&quot;Test 19 - Search trains for different routes&quot;, &quot;Train Search Tests&quot;](24)" classname="TestRunner.Testrunner" time="19.752">
    <system-out><![CDATA[
Scenario Outline: Test 19 - Search trains for different routes # src/test/resources/feature/4train.feature:45
Website opened: https://www.makemytrip.com/
  ✔ Given Open website "chrome"                                # cucu.Cucutest.open_website(java.lang.String)
No login popup to close or already closed
  ✔ Then Close login popup                                     # cucu.Cucutest.close_login_popup()
Trains tab clicked
  ✔ When Click Trains                                          # cucu.Cucunav.click_trains()
  ✔ And Enter from station "Delhi"                             # cucu.Cucutrain.enter_from_station(java.lang.String)
  ✔ And Enter to station "Agra"                                # cucu.Cucutrain.enter_to_station(java.lang.String)
  ✔ And Select departure date "20"                             # cucu.Cucutrain.select_departure_date(java.lang.String)
  ✔ And Click train search                                     # cucu.Cucutrain.click_train_search()
URL verified: https://www.makemytrip.com/railways/listing?date=20260213&srcStn=NDLS&srcCity=Delhi&destStn=AGC&destCity=Agra&classCode=
  ✔ Then URL contains "railways"                               # cucu.Cucuflight.url_contains(java.lang.String)
Driver closed successfully
]]></system-out>
  </testcase>
  <testcase name="runScenario[&quot;Test 19 - Navigate between different modules&quot;, &quot;Navigation Tests&quot;](25)" classname="TestRunner.Testrunner" time="10.942">
    <system-out><![CDATA[
Scenario: Test 19 - Navigate between different modules # src/test/resources/feature/5navigation.feature:7
Website opened: https://www.makemytrip.com/
  ✔ Given Open website "chrome"                        # cucu.Cucutest.open_website(java.lang.String)
No login popup to close or already closed
  ✔ Then Close login popup                             # cucu.Cucutest.close_login_popup()
Flights tab clicked
  ✔ When Click Flights                                 # cucu.Cucutest.click_flights()
Hotels tab clicked
  ✔ And Click Hotels                                   # cucu.Cucunav.click_hotels()
Trains tab clicked
  ✔ And Click Trains                                   # cucu.Cucunav.click_trains()
URL verified: https://www.makemytrip.com/railways/
  ✔ Then URL contains "railways"                       # cucu.Cucuflight.url_contains(java.lang.String)
Driver closed successfully
]]></system-out>
  </testcase>
  <testcase name="runScenario[&quot;Test 20 - Navigate from Flights to Hotels&quot;, &quot;Navigation Tests&quot;](26)" classname="TestRunner.Testrunner" time="9.415">
    <system-out><![CDATA[
Scenario: Test 20 - Navigate from Flights to Hotels # src/test/resources/feature/5navigation.feature:13
Website opened: https://www.makemytrip.com/
  ✔ Given Open website "chrome"                     # cucu.Cucutest.open_website(java.lang.String)
No login popup to close or already closed
  ✔ Then Close login popup                          # cucu.Cucutest.close_login_popup()
Flights tab clicked
  ✔ When Click Flights                              # cucu.Cucutest.click_flights()
Hotels tab clicked
  ✔ And Click Hotels                                # cucu.Cucunav.click_hotels()
URL verified: https://www.makemytrip.com/hotels/
  ✔ Then URL contains "hotels"                      # cucu.Cucuflight.url_contains(java.lang.String)
Driver closed successfully
]]></system-out>
  </testcase>
  <testcase name="runScenario[&quot;Test 21 - Navigate from Hotels to Trains&quot;, &quot;Navigation Tests&quot;](27)" classname="TestRunner.Testrunner" time="10.224">
    <system-out><![CDATA[
Scenario: Test 21 - Navigate from Hotels to Trains # src/test/resources/feature/5navigation.feature:18
Website opened: https://www.makemytrip.com/
  ✔ Given Open website "chrome"                    # cucu.Cucutest.open_website(java.lang.String)
No login popup to close or already closed
  ✔ Then Close login popup                         # cucu.Cucutest.close_login_popup()
Hotels tab clicked
  ✔ When Click Hotels                              # cucu.Cucunav.click_hotels()
Trains tab clicked
  ✔ And Click Trains                               # cucu.Cucunav.click_trains()
URL verified: https://www.makemytrip.com/railways/
  ✔ Then URL contains "railways"                   # cucu.Cucuflight.url_contains(java.lang.String)
Driver closed successfully
]]></system-out>
  </testcase>
  <testcase name="runScenario[&quot;Test 19 - Apply price filter and verify results&quot;, &quot;Filters and Sorting Tests&quot;](28)" classname="TestRunner.Testrunner" time="36.243">
    <failure message="Expected condition failed: waiting for element found by By.xpath: //label[contains(text(),&apos;Price&apos;)] | //span[contains(text(),&apos;Price&apos;)]//following::input[1] to be clickable, but the element was not found: org.openqa.selenium.NoSuchElementException: no such element: Unable to locate element: {&quot;method&quot;:&quot;xpath&quot;,&quot;selector&quot;:&quot;//label[contains(text(),&apos;Price&apos;)] | //span[contains(text(),&apos;Price&apos;)]//following::input[1]&quot;}.&#10;(tried for 15 seconds with 500 milliseconds interval)&#10;Build info: version: &apos;4.40.0&apos;, revision: &apos;b3333f1&apos;&#10;System info: os.name: &apos;Windows 11&apos;, os.arch: &apos;amd64&apos;, os.version: &apos;10.0&apos;, java.version: &apos;25.0.2&apos;&#10;Driver info: org.openqa.selenium.chrome.ChromeDriver&#10;Capabilities {acceptInsecureCerts: false, browserName: chrome, browserVersion: 144.0.7559.133, chrome: {chromedriverVersion: 144.0.7559.133 (7da823b1d59..., userDataDir: C:\Users\91936\AppData\Loca...}, fedcm:accounts: true, goog:chromeOptions: {debuggerAddress: localhost:58786}, goog:processID: 22592, networkConnectionEnabled: false, pageLoadStrategy: normal, platformName: windows, proxy: Proxy(), se:cdp: ws://localhost:58786/devtoo..., se:cdpVersion: 144.0.7559.133, setWindowRect: true, strictFileInteractability: false, timeouts: {implicit: 0, pageLoad: 300000, script: 30000}, unhandledPromptBehavior: dismiss and notify, webauthn:extension:credBlob: true, webauthn:extension:largeBlob: true, webauthn:extension:minPinLength: true, webauthn:extension:prf: true, webauthn:virtualAuthenticators: true}&#10;Session ID: b859309dffa5c889b4eb8ab17fe50c76" type="org.openqa.selenium.TimeoutException"><![CDATA[org.openqa.selenium.TimeoutException: 
Expected condition failed: waiting for element found by By.xpath: //label[contains(text(),'Price')] | //span[contains(text(),'Price')]//following::input[1] to be clickable, but the element was not found: org.openqa.selenium.NoSuchElementException: no such element: Unable to locate element: {"method":"xpath","selector":"//label[contains(text(),'Price')] | //span[contains(text(),'Price')]//following::input[1]"}.
(tried for 15 seconds with 500 milliseconds interval)
Build info: version: '4.40.0', revision: 'b3333f1'
System info: os.name: 'Windows 11', os.arch: 'amd64', os.version: '10.0', java.version: '25.0.2'
Driver info: org.openqa.selenium.chrome.ChromeDriver
Capabilities {acceptInsecureCerts: false, browserName: chrome, browserVersion: 144.0.7559.133, chrome: {chromedriverVersion: 144.0.7559.133 (7da823b1d59..., userDataDir: C:\Users\91936\AppData\Loca...}, fedcm:accounts: true, goog:chromeOptions: {debuggerAddress: localhost:58786}, goog:processID: 22592, networkConnectionEnabled: false, pageLoadStrategy: normal, platformName: windows, proxy: Proxy(), se:cdp: ws://localhost:58786/devtoo..., se:cdpVersion: 144.0.7559.133, setWindowRect: true, strictFileInteractability: false, timeouts: {implicit: 0, pageLoad: 300000, script: 30000}, unhandledPromptBehavior: dismiss and notify, webauthn:extension:credBlob: true, webauthn:extension:largeBlob: true, webauthn:extension:minPinLength: true, webauthn:extension:prf: true, webauthn:virtualAuthenticators: true}
Session ID: b859309dffa5c889b4eb8ab17fe50c76
	at org.openqa.selenium.support.ui.WebDriverWait.timeoutException(WebDriverWait.java:84)
	at org.openqa.selenium.support.ui.FluentWait.until(FluentWait.java:231)
	at pages.ResultsPage.applyPriceFilter(ResultsPage.java:75)
	at cucu.Cucufilter.apply_price_filter(Cucufilter.java:16)
	at ✽.Apply price filter(file:///C:/Users/91936/eclipse-workspace/mmt/src/test/resources/feature/6filters.feature:14)
]]></failure>
    <system-out><![CDATA[
Scenario: Test 19 - Apply price filter and verify results # src/test/resources/feature/6filters.feature:13
Website opened: https://www.makemytrip.com/
  ✔ Given Open website "chrome"                           # cucu.Cucutest.open_website(java.lang.String)
No login popup to close or already closed
  ✔ Then Close login popup                                # cucu.Cucutest.close_login_popup()
Hotels tab clicked
  ✔ When Click Hotels                                     # cucu.Cucunav.click_hotels()
  ✔ And Enter city "Goa"                                  # cucu.Cucuhotel.enter_city(java.lang.String)
  ✔ And Select checkin date "25"                          # cucu.Cucuhotel.select_checkin_date(java.lang.String)
  ✔ And Select checkout date "28"                         # cucu.Cucuhotel.select_checkout_date(java.lang.String)
  ✔ And Click hotel search                                # cucu.Cucuhotel.click_hotel_search()
Hotel results verified
  ✔ Then Hotel results shown                              # cucu.Cucuhotel.hotel_results_shown()
  ✘ When Apply price filter                               # cucu.Cucufilter.apply_price_filter()
        org.openqa.selenium.TimeoutException: Expected condition failed: waiting for element found by By.xpath: //label[contains(text(),'Price')] | //span[contains(text(),'Price')]//following::input[1] to be clickable, but the element was not found: org.openqa.selenium.NoSuchElementException: no such element: Unable to locate element: {"method":"xpath","selector":"//label[contains(text(),'Price')] | //span[contains(text(),'Price')]//following::input[1]"}.
        (tried for 15 seconds with 500 milliseconds interval)
        Build info: version: '4.40.0', revision: 'b3333f1'
        System info: os.name: 'Windows 11', os.arch: 'amd64', os.version: '10.0', java.version: '25.0.2'
        Driver info: org.openqa.selenium.chrome.ChromeDriver
        Capabilities {acceptInsecureCerts: false, browserName: chrome, browserVersion: 144.0.7559.133, chrome: {chromedriverVersion: 144.0.7559.133 (7da823b1d59..., userDataDir: C:\Users\91936\AppData\Loca...}, fedcm:accounts: true, goog:chromeOptions: {debuggerAddress: localhost:58786}, goog:processID: 22592, networkConnectionEnabled: false, pageLoadStrategy: normal, platformName: windows, proxy: Proxy(), se:cdp: ws://localhost:58786/devtoo..., se:cdpVersion: 144.0.7559.133, setWindowRect: true, strictFileInteractability: false, timeouts: {implicit: 0, pageLoad: 300000, script: 30000}, unhandledPromptBehavior: dismiss and notify, webauthn:extension:credBlob: true, webauthn:extension:largeBlob: true, webauthn:extension:minPinLength: true, webauthn:extension:prf: true, webauthn:virtualAuthenticators: true}
        Session ID: b859309dffa5c889b4eb8ab17fe50c76
        	at org.openqa.selenium.support.ui.WebDriverWait.timeoutException(WebDriverWait.java:84)
        	at org.openqa.selenium.support.ui.FluentWait.until(FluentWait.java:231)
        	at pages.ResultsPage.applyPriceFilter(ResultsPage.java:75)
        	at cucu.Cucufilter.apply_price_filter(Cucufilter.java:16)
        	at ✽.Apply price filter(file:///C:/Users/91936/eclipse-workspace/mmt/src/test/resources/feature/6filters.feature:14)
  ↷ Then Filtered results shown                           # cucu.Cucufilter.filtered_results_shown()
Driver closed successfully
]]></system-out>
  </testcase>
  <testcase name="runScenario[&quot;Test 20 - Apply rating filter and verify results&quot;, &quot;Filters and Sorting Tests&quot;](29)" classname="TestRunner.Testrunner" time="34.156">
    <failure message="Expected condition failed: waiting for element found by By.xpath: //label[contains(text(),&apos;Rating&apos;)] | //span[contains(@class,&apos;rating&apos;)]//input[1] to be clickable, but the element was not found: org.openqa.selenium.NoSuchElementException: no such element: Unable to locate element: {&quot;method&quot;:&quot;xpath&quot;,&quot;selector&quot;:&quot;//label[contains(text(),&apos;Rating&apos;)] | //span[contains(@class,&apos;rating&apos;)]//input[1]&quot;}.&#10;(tried for 15 seconds with 500 milliseconds interval)&#10;Build info: version: &apos;4.40.0&apos;, revision: &apos;b3333f1&apos;&#10;System info: os.name: &apos;Windows 11&apos;, os.arch: &apos;amd64&apos;, os.version: &apos;10.0&apos;, java.version: &apos;25.0.2&apos;&#10;Driver info: org.openqa.selenium.chrome.ChromeDriver&#10;Capabilities {acceptInsecureCerts: false, browserName: chrome, browserVersion: 144.0.7559.133, chrome: {chromedriverVersion: 144.0.7559.133 (7da823b1d59..., userDataDir: C:\Users\91936\AppData\Loca...}, fedcm:accounts: true, goog:chromeOptions: {debuggerAddress: localhost:62821}, goog:processID: 23524, networkConnectionEnabled: false, pageLoadStrategy: normal, platformName: windows, proxy: Proxy(), se:cdp: ws://localhost:62821/devtoo..., se:cdpVersion: 144.0.7559.133, setWindowRect: true, strictFileInteractability: false, timeouts: {implicit: 0, pageLoad: 300000, script: 30000}, unhandledPromptBehavior: dismiss and notify, webauthn:extension:credBlob: true, webauthn:extension:largeBlob: true, webauthn:extension:minPinLength: true, webauthn:extension:prf: true, webauthn:virtualAuthenticators: true}&#10;Session ID: b5ef7a7f905ea1cd0b6ff0042fd41d46" type="org.openqa.selenium.TimeoutException"><![CDATA[org.openqa.selenium.TimeoutException: 
Expected condition failed: waiting for element found by By.xpath: //label[contains(text(),'Rating')] | //span[contains(@class,'rating')]//input[1] to be clickable, but the element was not found: org.openqa.selenium.NoSuchElementException: no such element: Unable to locate element: {"method":"xpath","selector":"//label[contains(text(),'Rating')] | //span[contains(@class,'rating')]//input[1]"}.
(tried for 15 seconds with 500 milliseconds interval)
Build info: version: '4.40.0', revision: 'b3333f1'
System info: os.name: 'Windows 11', os.arch: 'amd64', os.version: '10.0', java.version: '25.0.2'
Driver info: org.openqa.selenium.chrome.ChromeDriver
Capabilities {acceptInsecureCerts: false, browserName: chrome, browserVersion: 144.0.7559.133, chrome: {chromedriverVersion: 144.0.7559.133 (7da823b1d59..., userDataDir: C:\Users\91936\AppData\Loca...}, fedcm:accounts: true, goog:chromeOptions: {debuggerAddress: localhost:62821}, goog:processID: 23524, networkConnectionEnabled: false, pageLoadStrategy: normal, platformName: windows, proxy: Proxy(), se:cdp: ws://localhost:62821/devtoo..., se:cdpVersion: 144.0.7559.133, setWindowRect: true, strictFileInteractability: false, timeouts: {implicit: 0, pageLoad: 300000, script: 30000}, unhandledPromptBehavior: dismiss and notify, webauthn:extension:credBlob: true, webauthn:extension:largeBlob: true, webauthn:extension:minPinLength: true, webauthn:extension:prf: true, webauthn:virtualAuthenticators: true}
Session ID: b5ef7a7f905ea1cd0b6ff0042fd41d46
	at org.openqa.selenium.support.ui.WebDriverWait.timeoutException(WebDriverWait.java:84)
	at org.openqa.selenium.support.ui.FluentWait.until(FluentWait.java:231)
	at pages.ResultsPage.applyRatingFilter(ResultsPage.java:89)
	at cucu.Cucufilter.apply_rating_filter(Cucufilter.java:28)
	at ✽.Apply rating filter(file:///C:/Users/91936/eclipse-workspace/mmt/src/test/resources/feature/6filters.feature:18)
]]></failure>
    <system-out><![CDATA[
Scenario: Test 20 - Apply rating filter and verify results # src/test/resources/feature/6filters.feature:17
Website opened: https://www.makemytrip.com/
  ✔ Given Open website "chrome"                            # cucu.Cucutest.open_website(java.lang.String)
No login popup to close or already closed
  ✔ Then Close login popup                                 # cucu.Cucutest.close_login_popup()
Hotels tab clicked
  ✔ When Click Hotels                                      # cucu.Cucunav.click_hotels()
  ✔ And Enter city "Goa"                                   # cucu.Cucuhotel.enter_city(java.lang.String)
  ✔ And Select checkin date "25"                           # cucu.Cucuhotel.select_checkin_date(java.lang.String)
  ✔ And Select checkout date "28"                          # cucu.Cucuhotel.select_checkout_date(java.lang.String)
  ✔ And Click hotel search                                 # cucu.Cucuhotel.click_hotel_search()
Hotel results verified
  ✔ Then Hotel results shown                               # cucu.Cucuhotel.hotel_results_shown()
  ✘ When Apply rating filter                               # cucu.Cucufilter.apply_rating_filter()
        org.openqa.selenium.TimeoutException: Expected condition failed: waiting for element found by By.xpath: //label[contains(text(),'Rating')] | //span[contains(@class,'rating')]//input[1] to be clickable, but the element was not found: org.openqa.selenium.NoSuchElementException: no such element: Unable to locate element: {"method":"xpath","selector":"//label[contains(text(),'Rating')] | //span[contains(@class,'rating')]//input[1]"}.
        (tried for 15 seconds with 500 milliseconds interval)
        Build info: version: '4.40.0', revision: 'b3333f1'
        System info: os.name: 'Windows 11', os.arch: 'amd64', os.version: '10.0', java.version: '25.0.2'
        Driver info: org.openqa.selenium.chrome.ChromeDriver
        Capabilities {acceptInsecureCerts: false, browserName: chrome, browserVersion: 144.0.7559.133, chrome: {chromedriverVersion: 144.0.7559.133 (7da823b1d59..., userDataDir: C:\Users\91936\AppData\Loca...}, fedcm:accounts: true, goog:chromeOptions: {debuggerAddress: localhost:62821}, goog:processID: 23524, networkConnectionEnabled: false, pageLoadStrategy: normal, platformName: windows, proxy: Proxy(), se:cdp: ws://localhost:62821/devtoo..., se:cdpVersion: 144.0.7559.133, setWindowRect: true, strictFileInteractability: false, timeouts: {implicit: 0, pageLoad: 300000, script: 30000}, unhandledPromptBehavior: dismiss and notify, webauthn:extension:credBlob: true, webauthn:extension:largeBlob: true, webauthn:extension:minPinLength: true, webauthn:extension:prf: true, webauthn:virtualAuthenticators: true}
        Session ID: b5ef7a7f905ea1cd0b6ff0042fd41d46
        	at org.openqa.selenium.support.ui.WebDriverWait.timeoutException(WebDriverWait.java:84)
        	at org.openqa.selenium.support.ui.FluentWait.until(FluentWait.java:231)
        	at pages.ResultsPage.applyRatingFilter(ResultsPage.java:89)
        	at cucu.Cucufilter.apply_rating_filter(Cucufilter.java:28)
        	at ✽.Apply rating filter(file:///C:/Users/91936/eclipse-workspace/mmt/src/test/resources/feature/6filters.feature:18)
  ↷ Then Filtered results shown                            # cucu.Cucufilter.filtered_results_shown()
Driver closed successfully
]]></system-out>
  </testcase>
  <testcase name="runScenario[&quot;Test 21 - Sort search results by price&quot;, &quot;Filters and Sorting Tests&quot;](30)" classname="TestRunner.Testrunner" time="35.072">
    <failure message="Expected condition failed: waiting for element found by By.xpath: //span[contains(text(),&apos;Price&apos;)] | //div[contains(text(),&apos;Cheapest&apos;)] to be clickable, but the element was not found: org.openqa.selenium.NoSuchElementException: no such element: Unable to locate element: {&quot;method&quot;:&quot;xpath&quot;,&quot;selector&quot;:&quot;//span[contains(text(),&apos;Price&apos;)] | //div[contains(text(),&apos;Cheapest&apos;)]&quot;}.&#10;(tried for 15 seconds with 500 milliseconds interval)&#10;Build info: version: &apos;4.40.0&apos;, revision: &apos;b3333f1&apos;&#10;System info: os.name: &apos;Windows 11&apos;, os.arch: &apos;amd64&apos;, os.version: &apos;10.0&apos;, java.version: &apos;25.0.2&apos;&#10;Driver info: org.openqa.selenium.chrome.ChromeDriver&#10;Capabilities {acceptInsecureCerts: false, browserName: chrome, browserVersion: 144.0.7559.133, chrome: {chromedriverVersion: 144.0.7559.133 (7da823b1d59..., userDataDir: C:\Users\91936\AppData\Loca...}, fedcm:accounts: true, goog:chromeOptions: {debuggerAddress: localhost:50267}, goog:processID: 8160, networkConnectionEnabled: false, pageLoadStrategy: normal, platformName: windows, proxy: Proxy(), se:cdp: ws://localhost:50267/devtoo..., se:cdpVersion: 144.0.7559.133, setWindowRect: true, strictFileInteractability: false, timeouts: {implicit: 0, pageLoad: 300000, script: 30000}, unhandledPromptBehavior: dismiss and notify, webauthn:extension:credBlob: true, webauthn:extension:largeBlob: true, webauthn:extension:minPinLength: true, webauthn:extension:prf: true, webauthn:virtualAuthenticators: true}&#10;Session ID: bfa3c982c9b3696ecbcf0e5f66d68138" type="org.openqa.selenium.TimeoutException"><![CDATA[org.openqa.selenium.TimeoutException: 
Expected condition failed: waiting for element found by By.xpath: //span[contains(text(),'Price')] | //div[contains(text(),'Cheapest')] to be clickable, but the element was not found: org.openqa.selenium.NoSuchElementException: no such element: Unable to locate element: {"method":"xpath","selector":"//span[contains(text(),'Price')] | //div[contains(text(),'Cheapest')]"}.
(tried for 15 seconds with 500 milliseconds interval)
Build info: version: '4.40.0', revision: 'b3333f1'
System info: os.name: 'Windows 11', os.arch: 'amd64', os.version: '10.0', java.version: '25.0.2'
Driver info: org.openqa.selenium.chrome.ChromeDriver
Capabilities {acceptInsecureCerts: false, browserName: chrome, browserVersion: 144.0.7559.133, chrome: {chromedriverVersion: 144.0.7559.133 (7da823b1d59..., userDataDir: C:\Users\91936\AppData\Loca...}, fedcm:accounts: true, goog:chromeOptions: {debuggerAddress: localhost:50267}, goog:processID: 8160, networkConnectionEnabled: false, pageLoadStrategy: normal, platformName: windows, proxy: Proxy(), se:cdp: ws://localhost:50267/devtoo..., se:cdpVersion: 144.0.7559.133, setWindowRect: true, strictFileInteractability: false, timeouts: {implicit: 0, pageLoad: 300000, script: 30000}, unhandledPromptBehavior: dismiss and notify, webauthn:extension:credBlob: true, webauthn:extension:largeBlob: true, webauthn:extension:minPinLength: true, webauthn:extension:prf: true, webauthn:virtualAuthenticators: true}
Session ID: bfa3c982c9b3696ecbcf0e5f66d68138
	at org.openqa.selenium.support.ui.WebDriverWait.timeoutException(WebDriverWait.java:84)
	at org.openqa.selenium.support.ui.FluentWait.until(FluentWait.java:231)
	at pages.ResultsPage.sortByPrice(ResultsPage.java:100)
	at cucu.Cucufilter.sort_by_price(Cucufilter.java:34)
	at ✽.Sort by price(file:///C:/Users/91936/eclipse-workspace/mmt/src/test/resources/feature/6filters.feature:22)
]]></failure>
    <system-out><![CDATA[
Scenario: Test 21 - Sort search results by price # src/test/resources/feature/6filters.feature:21
Website opened: https://www.makemytrip.com/
  ✔ Given Open website "chrome"                  # cucu.Cucutest.open_website(java.lang.String)
No login popup to close or already closed
  ✔ Then Close login popup                       # cucu.Cucutest.close_login_popup()
Hotels tab clicked
  ✔ When Click Hotels                            # cucu.Cucunav.click_hotels()
  ✔ And Enter city "Goa"                         # cucu.Cucuhotel.enter_city(java.lang.String)
  ✔ And Select checkin date "25"                 # cucu.Cucuhotel.select_checkin_date(java.lang.String)
  ✔ And Select checkout date "28"                # cucu.Cucuhotel.select_checkout_date(java.lang.String)
  ✔ And Click hotel search                       # cucu.Cucuhotel.click_hotel_search()
Hotel results verified
  ✔ Then Hotel results shown                     # cucu.Cucuhotel.hotel_results_shown()
  ✘ When Sort by price                           # cucu.Cucufilter.sort_by_price()
        org.openqa.selenium.TimeoutException: Expected condition failed: waiting for element found by By.xpath: //span[contains(text(),'Price')] | //div[contains(text(),'Cheapest')] to be clickable, but the element was not found: org.openqa.selenium.NoSuchElementException: no such element: Unable to locate element: {"method":"xpath","selector":"//span[contains(text(),'Price')] | //div[contains(text(),'Cheapest')]"}.
        (tried for 15 seconds with 500 milliseconds interval)
        Build info: version: '4.40.0', revision: 'b3333f1'
        System info: os.name: 'Windows 11', os.arch: 'amd64', os.version: '10.0', java.version: '25.0.2'
        Driver info: org.openqa.selenium.chrome.ChromeDriver
        Capabilities {acceptInsecureCerts: false, browserName: chrome, browserVersion: 144.0.7559.133, chrome: {chromedriverVersion: 144.0.7559.133 (7da823b1d59..., userDataDir: C:\Users\91936\AppData\Loca...}, fedcm:accounts: true, goog:chromeOptions: {debuggerAddress: localhost:50267}, goog:processID: 8160, networkConnectionEnabled: false, pageLoadStrategy: normal, platformName: windows, proxy: Proxy(), se:cdp: ws://localhost:50267/devtoo..., se:cdpVersion: 144.0.7559.133, setWindowRect: true, strictFileInteractability: false, timeouts: {implicit: 0, pageLoad: 300000, script: 30000}, unhandledPromptBehavior: dismiss and notify, webauthn:extension:credBlob: true, webauthn:extension:largeBlob: true, webauthn:extension:minPinLength: true, webauthn:extension:prf: true, webauthn:virtualAuthenticators: true}
        Session ID: bfa3c982c9b3696ecbcf0e5f66d68138
        	at org.openqa.selenium.support.ui.WebDriverWait.timeoutException(WebDriverWait.java:84)
        	at org.openqa.selenium.support.ui.FluentWait.until(FluentWait.java:231)
        	at pages.ResultsPage.sortByPrice(ResultsPage.java:100)
        	at cucu.Cucufilter.sort_by_price(Cucufilter.java:34)
        	at ✽.Sort by price(file:///C:/Users/91936/eclipse-workspace/mmt/src/test/resources/feature/6filters.feature:22)
  ↷ Then Sorted results shown                    # cucu.Cucufilter.sorted_results_shown()
Driver closed successfully
]]></system-out>
  </testcase>
  <testcase name="runScenario[&quot;Test 22 - Clear applied filters and verify results reset&quot;, &quot;Filters and Sorting Tests&quot;](31)" classname="TestRunner.Testrunner" time="35.138">
    <failure message="Expected condition failed: waiting for element found by By.xpath: //label[contains(text(),&apos;Price&apos;)] | //span[contains(text(),&apos;Price&apos;)]//following::input[1] to be clickable, but the element was not found: org.openqa.selenium.NoSuchElementException: no such element: Unable to locate element: {&quot;method&quot;:&quot;xpath&quot;,&quot;selector&quot;:&quot;//label[contains(text(),&apos;Price&apos;)] | //span[contains(text(),&apos;Price&apos;)]//following::input[1]&quot;}.&#10;(tried for 15 seconds with 500 milliseconds interval)&#10;Build info: version: &apos;4.40.0&apos;, revision: &apos;b3333f1&apos;&#10;System info: os.name: &apos;Windows 11&apos;, os.arch: &apos;amd64&apos;, os.version: &apos;10.0&apos;, java.version: &apos;25.0.2&apos;&#10;Driver info: org.openqa.selenium.chrome.ChromeDriver&#10;Capabilities {acceptInsecureCerts: false, browserName: chrome, browserVersion: 144.0.7559.133, chrome: {chromedriverVersion: 144.0.7559.133 (7da823b1d59..., userDataDir: C:\Users\91936\AppData\Loca...}, fedcm:accounts: true, goog:chromeOptions: {debuggerAddress: localhost:61994}, goog:processID: 20608, networkConnectionEnabled: false, pageLoadStrategy: normal, platformName: windows, proxy: Proxy(), se:cdp: ws://localhost:61994/devtoo..., se:cdpVersion: 144.0.7559.133, setWindowRect: true, strictFileInteractability: false, timeouts: {implicit: 0, pageLoad: 300000, script: 30000}, unhandledPromptBehavior: dismiss and notify, webauthn:extension:credBlob: true, webauthn:extension:largeBlob: true, webauthn:extension:minPinLength: true, webauthn:extension:prf: true, webauthn:virtualAuthenticators: true}&#10;Session ID: 0a1df4b4c06cba6d4cf887d39cca0e32" type="org.openqa.selenium.TimeoutException"><![CDATA[org.openqa.selenium.TimeoutException: 
Expected condition failed: waiting for element found by By.xpath: //label[contains(text(),'Price')] | //span[contains(text(),'Price')]//following::input[1] to be clickable, but the element was not found: org.openqa.selenium.NoSuchElementException: no such element: Unable to locate element: {"method":"xpath","selector":"//label[contains(text(),'Price')] | //span[contains(text(),'Price')]//following::input[1]"}.
(tried for 15 seconds with 500 milliseconds interval)
Build info: version: '4.40.0', revision: 'b3333f1'
System info: os.name: 'Windows 11', os.arch: 'amd64', os.version: '10.0', java.version: '25.0.2'
Driver info: org.openqa.selenium.chrome.ChromeDriver
Capabilities {acceptInsecureCerts: false, browserName: chrome, browserVersion: 144.0.7559.133, chrome: {chromedriverVersion: 144.0.7559.133 (7da823b1d59..., userDataDir: C:\Users\91936\AppData\Loca...}, fedcm:accounts: true, goog:chromeOptions: {debuggerAddress: localhost:61994}, goog:processID: 20608, networkConnectionEnabled: false, pageLoadStrategy: normal, platformName: windows, proxy: Proxy(), se:cdp: ws://localhost:61994/devtoo..., se:cdpVersion: 144.0.7559.133, setWindowRect: true, strictFileInteractability: false, timeouts: {implicit: 0, pageLoad: 300000, script: 30000}, unhandledPromptBehavior: dismiss and notify, webauthn:extension:credBlob: true, webauthn:extension:largeBlob: true, webauthn:extension:minPinLength: true, webauthn:extension:prf: true, webauthn:virtualAuthenticators: true}
Session ID: 0a1df4b4c06cba6d4cf887d39cca0e32
	at org.openqa.selenium.support.ui.WebDriverWait.timeoutException(WebDriverWait.java:84)
	at org.openqa.selenium.support.ui.FluentWait.until(FluentWait.java:231)
	at pages.ResultsPage.applyPriceFilter(ResultsPage.java:75)
	at cucu.Cucufilter.apply_price_filter(Cucufilter.java:16)
	at ✽.Apply price filter(file:///C:/Users/91936/eclipse-workspace/mmt/src/test/resources/feature/6filters.feature:26)
]]></failure>
    <system-out><![CDATA[
Scenario: Test 22 - Clear applied filters and verify results reset # src/test/resources/feature/6filters.feature:25
Website opened: https://www.makemytrip.com/
  ✔ Given Open website "chrome"                                    # cucu.Cucutest.open_website(java.lang.String)
No login popup to close or already closed
  ✔ Then Close login popup                                         # cucu.Cucutest.close_login_popup()
Hotels tab clicked
  ✔ When Click Hotels                                              # cucu.Cucunav.click_hotels()
  ✔ And Enter city "Goa"                                           # cucu.Cucuhotel.enter_city(java.lang.String)
  ✔ And Select checkin date "25"                                   # cucu.Cucuhotel.select_checkin_date(java.lang.String)
  ✔ And Select checkout date "28"                                  # cucu.Cucuhotel.select_checkout_date(java.lang.String)
  ✔ And Click hotel search                                         # cucu.Cucuhotel.click_hotel_search()
Hotel results verified
  ✔ Then Hotel results shown                                       # cucu.Cucuhotel.hotel_results_shown()
  ✘ When Apply price filter                                        # cucu.Cucufilter.apply_price_filter()
        org.openqa.selenium.TimeoutException: Expected condition failed: waiting for element found by By.xpath: //label[contains(text(),'Price')] | //span[contains(text(),'Price')]//following::input[1] to be clickable, but the element was not found: org.openqa.selenium.NoSuchElementException: no such element: Unable to locate element: {"method":"xpath","selector":"//label[contains(text(),'Price')] | //span[contains(text(),'Price')]//following::input[1]"}.
        (tried for 15 seconds with 500 milliseconds interval)
        Build info: version: '4.40.0', revision: 'b3333f1'
        System info: os.name: 'Windows 11', os.arch: 'amd64', os.version: '10.0', java.version: '25.0.2'
        Driver info: org.openqa.selenium.chrome.ChromeDriver
        Capabilities {acceptInsecureCerts: false, browserName: chrome, browserVersion: 144.0.7559.133, chrome: {chromedriverVersion: 144.0.7559.133 (7da823b1d59..., userDataDir: C:\Users\91936\AppData\Loca...}, fedcm:accounts: true, goog:chromeOptions: {debuggerAddress: localhost:61994}, goog:processID: 20608, networkConnectionEnabled: false, pageLoadStrategy: normal, platformName: windows, proxy: Proxy(), se:cdp: ws://localhost:61994/devtoo..., se:cdpVersion: 144.0.7559.133, setWindowRect: true, strictFileInteractability: false, timeouts: {implicit: 0, pageLoad: 300000, script: 30000}, unhandledPromptBehavior: dismiss and notify, webauthn:extension:credBlob: true, webauthn:extension:largeBlob: true, webauthn:extension:minPinLength: true, webauthn:extension:prf: true, webauthn:virtualAuthenticators: true}
        Session ID: 0a1df4b4c06cba6d4cf887d39cca0e32
        	at org.openqa.selenium.support.ui.WebDriverWait.timeoutException(WebDriverWait.java:84)
        	at org.openqa.selenium.support.ui.FluentWait.until(FluentWait.java:231)
        	at pages.ResultsPage.applyPriceFilter(ResultsPage.java:75)
        	at cucu.Cucufilter.apply_price_filter(Cucufilter.java:16)
        	at ✽.Apply price filter(file:///C:/Users/91936/eclipse-workspace/mmt/src/test/resources/feature/6filters.feature:26)
  ↷ And Apply rating filter                                        # cucu.Cucufilter.apply_rating_filter()
  ↷ And Clear all filters                                          # cucu.Cucufilter.clear_all_filters()
  ↷ Then All results shown                                         # cucu.Cucufilter.all_results_shown()
Driver closed successfully
]]></system-out>
  </testcase>
  <testcase name="runScenario[&quot;Test 23 - Verify flight results are displayed&quot;, &quot;Flight Results Page Tests&quot;](32)" classname="TestRunner.Testrunner" time="17.904">
    <system-out><![CDATA[
Scenario: Test 23 - Verify flight results are displayed # src/test/resources/feature/7results.feature:11
Website opened: https://www.makemytrip.com/
  ✔ Given Open website "chrome"                         # cucu.Cucutest.open_website(java.lang.String)
No login popup to close or already closed
  ✔ Then Close login popup                              # cucu.Cucutest.close_login_popup()
Flights tab clicked
  ✔ When Click Flights                                  # cucu.Cucutest.click_flights()
No login popup to close or already closed
  ✔ And Enter from "Delhi"                              # cucu.Cucuflight.enter_from(java.lang.String)
  ✔ And Enter to "Mumbai"                               # cucu.Cucuflight.enter_to(java.lang.String)
  ✔ And Select departure date and search                # cucu.Cucuflight.select_departure_date_and_search()
Flight list verified
  ✔ Then Flight list displayed                          # cucu.Cucuflight.flight_list_displayed()
Driver closed successfully
]]></system-out>
  </testcase>
  <testcase name="runScenario[&quot;Test 24 - Open flight details page&quot;, &quot;Flight Results Page Tests&quot;](33)" classname="TestRunner.Testrunner" time="36.271">
    <system-out><![CDATA[
Scenario: Test 24 - Open flight details page # src/test/resources/feature/7results.feature:14
Website opened: https://www.makemytrip.com/
  ✔ Given Open website "chrome"              # cucu.Cucutest.open_website(java.lang.String)
No login popup to close or already closed
  ✔ Then Close login popup                   # cucu.Cucutest.close_login_popup()
Flights tab clicked
  ✔ When Click Flights                       # cucu.Cucutest.click_flights()
No login popup to close or already closed
  ✔ And Enter from "Delhi"                   # cucu.Cucuflight.enter_from(java.lang.String)
  ✔ And Enter to "Mumbai"                    # cucu.Cucuflight.enter_to(java.lang.String)
  ✔ And Select departure date and search     # cucu.Cucuflight.select_departure_date_and_search()
  ✔ When Click first flight                  # cucu.CucuResult.click_first_flight()
Flight details page verified
  ✔ Then Flight details page shown           # cucu.CucuResult.flight_details_page_shown()
Driver closed successfully
]]></system-out>
  </testcase>
  <testcase name="runScenario[&quot;Test 25 - Verify fare details are displayed&quot;, &quot;Flight Results Page Tests&quot;](34)" classname="TestRunner.Testrunner" time="17.065">
    <system-out><![CDATA[
Scenario: Test 25 - Verify fare details are displayed # src/test/resources/feature/7results.feature:18
Website opened: https://www.makemytrip.com/
  ✔ Given Open website "chrome"                       # cucu.Cucutest.open_website(java.lang.String)
No login popup to close or already closed
  ✔ Then Close login popup                            # cucu.Cucutest.close_login_popup()
Flights tab clicked
  ✔ When Click Flights                                # cucu.Cucutest.click_flights()
No login popup to close or already closed
  ✔ And Enter from "Delhi"                            # cucu.Cucuflight.enter_from(java.lang.String)
  ✔ And Enter to "Mumbai"                             # cucu.Cucuflight.enter_to(java.lang.String)
  ✔ And Select departure date and search              # cucu.Cucuflight.select_departure_date_and_search()
Fare details verified
  ✔ Then Fare details shown                           # cucu.CucuResult.fare_details_shown()
Driver closed successfully
]]></system-out>
  </testcase>
  <testcase name="runScenario[&quot;Test 26 - Verify results page URL contains flight&quot;, &quot;Flight Results Page Tests&quot;](35)" classname="TestRunner.Testrunner" time="15.405">
    <system-out><![CDATA[
Scenario: Test 26 - Verify results page URL contains flight # src/test/resources/feature/7results.feature:21
Website opened: https://www.makemytrip.com/
  ✔ Given Open website "chrome"                             # cucu.Cucutest.open_website(java.lang.String)
No login popup to close or already closed
  ✔ Then Close login popup                                  # cucu.Cucutest.close_login_popup()
Flights tab clicked
  ✔ When Click Flights                                      # cucu.Cucutest.click_flights()
No login popup to close or already closed
  ✔ And Enter from "Delhi"                                  # cucu.Cucuflight.enter_from(java.lang.String)
  ✔ And Enter to "Mumbai"                                   # cucu.Cucuflight.enter_to(java.lang.String)
  ✔ And Select departure date and search                    # cucu.Cucuflight.select_departure_date_and_search()
URL verified: https://www.makemytrip.com/
  ✔ Then URL contains "www.makemytrip.com"                  # cucu.Cucuflight.url_contains(java.lang.String)
Driver closed successfully
]]></system-out>
  </testcase>
</testsuite>