<?xml version="1.0" encoding="UTF-8"?>
<testsuite xmlns:xsi="http://www.w3.org/2001/XMLSchema-instance" xsi:noNamespaceSchemaLocation="https://maven.apache.org/surefire/maven-surefire-plugin/xsd/surefire-test-report-3.0.xsd" version="3.0" name="TestRunner.Testrunner" time="610.322" tests="35" errors="0" skipped="0" failures="4">
  <properties>
    <property name="java.specification.version" value="25"/>
    <property name="webdriver.chrome.driver" value="C:\Users\91936\.cache\selenium\chromedriver\win64\144.0.7559.133\chromedriver.exe"/>
    <property name="sun.cpu.isalist" value="amd64"/>
    <property name="sun.jnu.encoding" value="Cp1252"/>
    <property name="java.class.path" value="C:\Users\91936\eclipse-workspace\mmt\target\test-classes;C:\Users\91936\eclipse-workspace\mmt\target\classes;C:\Users\91936\.m2\repository\org\seleniumhq\selenium\selenium-java\4.40.0\selenium-java-4.40.0.jar;C:\Users\91936\.m2\repository\org\seleniumhq\selenium\selenium-api\4.40.0\selenium-api-4.40.0.jar;C:\Users\91936\.m2\repository\org\jspecify\jspecify\1.0.0\jspecify-1.0.0.jar;C:\Users\91936\.m2\repository\org\seleniumhq\selenium\selenium-chrome-driver\4.40.0\selenium-chrome-driver-4.40.0.jar;C:\Users\91936\.m2\repository\com\google\auto\service\auto-service-annotations\1.1.1\auto-service-annotations-1.1.1.jar;C:\Users\91936\.m2\repository\org\seleniumhq\selenium\selenium-chromium-driver\4.40.0\selenium-chromium-driver-4.40.0.jar;C:\Users\91936\.m2\repository\org\seleniumhq\selenium\selenium-json\4.40.0\selenium-json-4.40.0.jar;C:\Users\91936\.m2\repository\org\seleniumhq\selenium\selenium-manager\4.40.0\selenium-manager-4.40.0.jar;C:\Users\91936\.m2\repository\org\seleniumhq\selenium\selenium-devtools-v142\4.40.0\selenium-devtools-v142-4.40.0.jar;C:\Users\91936\.m2\repository\org\seleniumhq\selenium\selenium-devtools-v143\4.40.0\selenium-devtools-v143-4.40.0.jar;C:\Users\91936\.m2\repository\org\seleniumhq\selenium\selenium-devtools-v144\4.40.0\selenium-devtools-v144-4.40.0.jar;C:\Users\91936\.m2\repository\org\seleniumhq\selenium\selenium-edge-driver\4.40.0\selenium-edge-driver-4.40.0.jar;C:\Users\91936\.m2\repository\org\seleniumhq\selenium\selenium-firefox-driver\4.40.0\selenium-firefox-driver-4.40.0.jar;C:\Users\91936\.m2\repository\org\seleniumhq\selenium\selenium-http\4.40.0\selenium-http-4.40.0.jar;C:\Users\91936\.m2\repository\org\seleniumhq\selenium\selenium-ie-driver\4.40.0\selenium-ie-driver-4.40.0.jar;C:\Users\91936\.m2\repository\org\seleniumhq\selenium\selenium-remote-driver\4.40.0\selenium-remote-driver-4.40.0.jar;C:\Users\91936\.m2\repository\com\google\guava\guava\33.5.0-jre\guava-33.5.0-jre.jar;C:\Users\91936\.m2\repository\com\google\guava\failureaccess\1.0.3\failureaccess-1.0.3.jar;C:\Users\91936\.m2\repository\com\google\guava\listenablefuture\9999.0-empty-to-avoid-conflict-with-guava\listenablefuture-9999.0-empty-to-avoid-conflict-with-guava.jar;C:\Users\91936\.m2\repository\com\google\j2objc\j2objc-annotations\3.1\j2objc-annotations-3.1.jar;C:\Users\91936\.m2\repository\io\opentelemetry\opentelemetry-api\1.58.0\opentelemetry-api-1.58.0.jar;C:\Users\91936\.m2\repository\io\opentelemetry\opentelemetry-context\1.58.0\opentelemetry-context-1.58.0.jar;C:\Users\91936\.m2\repository\io\opentelemetry\opentelemetry-common\1.58.0\opentelemetry-common-1.58.0.jar;C:\Users\91936\.m2\repository\io\opentelemetry\opentelemetry-exporter-logging\1.58.0\opentelemetry-exporter-logging-1.58.0.jar;C:\Users\91936\.m2\repository\io\opentelemetry\opentelemetry-sdk-common\1.58.0\opentelemetry-sdk-common-1.58.0.jar;C:\Users\91936\.m2\repository\io\opentelemetry\opentelemetry-sdk-extension-autoconfigure-spi\1.58.0\opentelemetry-sdk-extension-autoconfigure-spi-1.58.0.jar;C:\Users\91936\.m2\repository\io\opentelemetry\opentelemetry-sdk-extension-autoconfigure\1.58.0\opentelemetry-sdk-extension-autoconfigure-1.58.0.jar;C:\Users\91936\.m2\repository\io\opentelemetry\opentelemetry-sdk-trace\1.58.0\opentelemetry-sdk-trace-1.58.0.jar;C:\Users\91936\.m2\repository\io\opentelemetry\opentelemetry-sdk\1.58.0\opentelemetry-sdk-1.58.0.jar;C:\Users\91936\.m2\repository\io\opentelemetry\opentelemetry-sdk-metrics\1.58.0\opentelemetry-sdk-metrics-1.58.0.jar;C:\Users\91936\.m2\repository\io\opentelemetry\opentelemetry-sdk-logs\1.58.0\opentelemetry-sdk-logs-1.58.0.jar;C:\Users\91936\.m2\repository\net\bytebuddy\byte-buddy\1.18.4\byte-buddy-1.18.4.jar;C:\Users\91936\.m2\repository\org\seleniumhq\selenium\selenium-os\4.40.0\selenium-os-4.40.0.jar;C:\Users\91936\.m2\repository\org\seleniumhq\selenium\selenium-safari-driver\4.40.0\selenium-safari-driver-4.40.0.jar;C:\Users\91936\.m2\repository\org\seleniumhq\selenium\selenium-support\4.40.0\selenium-support-4.40.0.jar;C:\Users\91936\.m2\repository\io\github\bonigarcia\webdrivermanager\6.3.3\webdrivermanager-6.3.3.jar;C:\Users\91936\.m2\repository\org\slf4j\slf4j-api\2.0.17\slf4j-api-2.0.17.jar;C:\Users\91936\.m2\repository\com\google\code\gson\gson\2.13.2\gson-2.13.2.jar;C:\Users\91936\.m2\repository\com\google\errorprone\error_prone_annotations\2.41.0\error_prone_annotations-2.41.0.jar;C:\Users\91936\.m2\repository\com\github\docker-java\docker-java\3.6.0\docker-java-3.6.0.jar;C:\Users\91936\.m2\repository\com\github\docker-java\docker-java-core\3.6.0\docker-java-core-3.6.0.jar;C:\Users\91936\.m2\repository\com\github\docker-java\docker-java-api\3.6.0\docker-java-api-3.6.0.jar;C:\Users\91936\.m2\repository\com\fasterxml\jackson\core\jackson-annotations\2.19.2\jackson-annotations-2.19.2.jar;C:\Users\91936\.m2\repository\com\fasterxml\jackson\core\jackson-databind\2.19.2\jackson-databind-2.19.2.jar;C:\Users\91936\.m2\repository\com\fasterxml\jackson\core\jackson-core\2.19.2\jackson-core-2.19.2.jar;C:\Users\91936\.m2\repository\org\slf4j\jcl-over-slf4j\1.7.30\jcl-over-slf4j-1.7.30.jar;C:\Users\91936\.m2\repository\com\github\docker-java\docker-java-transport-httpclient5\3.6.0\docker-java-transport-httpclient5-3.6.0.jar;C:\Users\91936\.m2\repository\com\github\docker-java\docker-java-transport\3.6.0\docker-java-transport-3.6.0.jar;C:\Users\91936\.m2\repository\net\java\dev\jna\jna\5.17.0\jna-5.17.0.jar;C:\Users\91936\.m2\repository\org\brotli\dec\0.1.2\dec-0.1.2.jar;C:\Users\91936\.m2\repository\org\apache\commons\commons-lang3\3.19.0\commons-lang3-3.19.0.jar;C:\Users\91936\.m2\repository\org\apache\commons\commons-compress\1.28.0\commons-compress-1.28.0.jar;C:\Users\91936\.m2\repository\commons-codec\commons-codec\1.19.0\commons-codec-1.19.0.jar;C:\Users\91936\.m2\repository\commons-io\commons-io\2.20.0\commons-io-2.20.0.jar;C:\Users\91936\.m2\repository\org\apache\httpcomponents\client5\httpclient5\5.4.3\httpclient5-5.4.3.jar;C:\Users\91936\.m2\repository\org\apache\httpcomponents\core5\httpcore5\5.3.4\httpcore5-5.3.4.jar;C:\Users\91936\.m2\repository\org\apache\httpcomponents\core5\httpcore5-h2\5.3.4\httpcore5-h2-5.3.4.jar;C:\Users\91936\.m2\repository\org\testng\testng\7.7.0\testng-7.7.0.jar;C:\Users\91936\.m2\repository\com\beust\jcommander\1.82\jcommander-1.82.jar;C:\Users\91936\.m2\repository\org\webjars\jquery\3.6.1\jquery-3.6.1.jar;C:\Users\91936\.m2\repository\io\cucumber\cucumber-java\7.33.0\cucumber-java-7.33.0.jar;C:\Users\91936\.m2\repository\io\cucumber\cucumber-core\7.33.0\cucumber-core-7.33.0.jar;C:\Users\91936\.m2\repository\io\cucumber\cucumber-gherkin\7.33.0\cucumber-gherkin-7.33.0.jar;C:\Users\91936\.m2\repository\io\cucumber\cucumber-gherkin-messages\7.33.0\cucumber-gherkin-messages-7.33.0.jar;C:\Users\91936\.m2\repository\io\cucumber\gherkin\36.1.0\gherkin-36.1.0.jar;C:\Users\91936\.m2\repository\io\cucumber\messages\30.1.0\messages-30.1.0.jar;C:\Users\91936\.m2\repository\io\cucumber\pretty-formatter\2.4.1\pretty-formatter-2.4.1.jar;C:\Users\91936\.m2\repository\io\cucumber\query\14.7.0\query-14.7.0.jar;C:\Users\91936\.m2\repository\io\cucumber\teamcity-formatter\0.2.0\teamcity-formatter-0.2.0.jar;C:\Users\91936\.m2\repository\io\cucumber\testng-xml-formatter\0.7.0\testng-xml-formatter-0.7.0.jar;C:\Users\91936\.m2\repository\io\cucumber\usage-formatter\0.1.0\usage-formatter-0.1.0.jar;C:\Users\91936\.m2\repository\io\cucumber\tag-expressions\8.1.0\tag-expressions-8.1.0.jar;C:\Users\91936\.m2\repository\io\cucumber\cucumber-expressions\18.0.1\cucumber-expressions-18.0.1.jar;C:\Users\91936\.m2\repository\io\cucumber\cucumber-json-formatter\0.3.2\cucumber-json-formatter-0.3.2.jar;C:\Users\91936\.m2\repository\io\cucumber\datatable\7.33.0\datatable-7.33.0.jar;C:\Users\91936\.m2\repository\io\cucumber\cucumber-plugin\7.33.0\cucumber-plugin-7.33.0.jar;C:\Users\91936\.m2\repository\io\cucumber\docstring\7.33.0\docstring-7.33.0.jar;C:\Users\91936\.m2\repository\io\cucumber\html-formatter\22.2.0\html-formatter-22.2.0.jar;C:\Users\91936\.m2\repository\io\cucumber\junit-xml-formatter\0.11.0\junit-xml-formatter-0.11.0.jar;C:\Users\91936\.m2\repository\io\cucumber\ci-environment\12.0.0\ci-environment-12.0.0.jar;C:\Users\91936\.m2\repository\org\apiguardian\apiguardian-api\1.1.2\apiguardian-api-1.1.2.jar;C:\Users\91936\.m2\repository\io\cucumber\cucumber-junit\7.33.0\cucumber-junit-7.33.0.jar;C:\Users\91936\.m2\repository\junit\junit\4.13.2\junit-4.13.2.jar;C:\Users\91936\.m2\repository\org\hamcrest\hamcrest-core\1.3\hamcrest-core-1.3.jar;C:\Users\91936\.m2\repository\io\cucumber\cucumber-testng\7.34.2\cucumber-testng-7.34.2.jar;"/>
    <property name="java.vm.vendor" value="Oracle Corporation"/>
    <property name="sun.arch.data.model" value="64"/>
    <property name="user.variant" value=""/>
    <property name="java.vendor.url" value="https://java.oracle.com/"/>
    <property name="user.timezone" value="Asia/Calcutta"/>
    <property name="os.name" value="Windows 11"/>
    <property name="java.vm.specification.version" value="25"/>
    <property name="sun.java.launcher" value="SUN_STANDARD"/>
    <property name="user.country" value="US"/>
    <property name="sun.boot.library.path" value="C:\Program Files\Java\jdk-25.0.2\bin"/>
    <property name="sun.java.command" value="C:\Users\91936\AppData\Local\Temp\surefire15390815540623664013\surefirebooter-20260213215609170_3.jar C:\Users\91936\AppData\Local\Temp\surefire15390815540623664013 2026-02-13T21-56-08_839-jvmRun1 surefire-20260213215609170_1tmp surefire_0-20260213215609170_2tmp"/>
    <property name="jdk.debug" value="release"/>
    <property name="surefire.test.class.path" value="C:\Users\91936\eclipse-workspace\mmt\target\test-classes;C:\Users\91936\eclipse-workspace\mmt\target\classes;C:\Users\91936\.m2\repository\org\seleniumhq\selenium\selenium-java\4.40.0\selenium-java-4.40.0.jar;C:\Users\91936\.m2\repository\org\seleniumhq\selenium\selenium-api\4.40.0\selenium-api-4.40.0.jar;C:\Users\91936\.m2\repository\org\jspecify\jspecify\1.0.0\jspecify-1.0.0.jar;C:\Users\91936\.m2\repository\org\seleniumhq\selenium\selenium-chrome-driver\4.40.0\selenium-chrome-driver-4.40.0.jar;C:\Users\91936\.m2\repository\com\google\auto\service\auto-service-annotations\1.1.1\auto-service-annotations-1.1.1.jar;C:\Users\91936\.m2\repository\org\seleniumhq\selenium\selenium-chromium-driver\4.40.0\selenium-chromium-driver-4.40.0.jar;C:\Users\91936\.m2\repository\org\seleniumhq\selenium\selenium-json\4.40.0\selenium-json-4.40.0.jar;C:\Users\91936\.m2\repository\org\seleniumhq\selenium\selenium-manager\4.40.0\selenium-manager-4.40.0.jar;C:\Users\91936\.m2\repository\org\seleniumhq\selenium\selenium-devtools-v142\4.40.0\selenium-devtools-v142-4.40.0.jar;C:\Users\91936\.m2\repository\org\seleniumhq\selenium\selenium-devtools-v143\4.40.0\selenium-devtools-v143-4.40.0.jar;C:\Users\91936\.m2\repository\org\seleniumhq\selenium\selenium-devtools-v144\4.40.0\selenium-devtools-v144-4.40.0.jar;C:\Users\91936\.m2\repository\org\seleniumhq\selenium\selenium-edge-driver\4.40.0\selenium-edge-driver-4.40.0.jar;C:\Users\91936\.m2\repository\org\seleniumhq\selenium\selenium-firefox-driver\4.40.0\selenium-firefox-driver-4.40.0.jar;C:\Users\91936\.m2\repository\org\seleniumhq\selenium\selenium-http\4.40.0\selenium-http-4.40.0.jar;C:\Users\91936\.m2\repository\org\seleniumhq\selenium\selenium-ie-driver\4.40.0\selenium-ie-driver-4.40.0.jar;C:\Users\91936\.m2\repository\org\seleniumhq\selenium\selenium-remote-driver\4.40.0\selenium-remote-driver-4.40.0.jar;C:\Users\91936\.m2\repository\com\google\guava\guava\33.5.0-jre\guava-33.5.0-jre.jar;C:\Users\91936\.m2\repository\com\google\guava\failureaccess\1.0.3\failureaccess-1.0.3.jar;C:\Users\91936\.m2\repository\com\google\guava\listenablefuture\9999.0-empty-to-avoid-conflict-with-guava\listenablefuture-9999.0-empty-to-avoid-conflict-with-guava.jar;C:\Users\91936\.m2\repository\com\google\j2objc\j2objc-annotations\3.1\j2objc-annotations-3.1.jar;C:\Users\91936\.m2\repository\io\opentelemetry\opentelemetry-api\1.58.0\opentelemetry-api-1.58.0.jar;C:\Users\91936\.m2\repository\io\opentelemetry\opentelemetry-context\1.58.0\opentelemetry-context-1.58.0.jar;C:\Users\91936\.m2\repository\io\opentelemetry\opentelemetry-common\1.58.0\opentelemetry-common-1.58.0.jar;C:\Users\91936\.m2\repository\io\opentelemetry\opentelemetry-exporter-logging\1.58.0\opentelemetry-exporter-logging-1.58.0.jar;C:\Users\91936\.m2\repository\io\opentelemetry\opentelemetry-sdk-common\1.58.0\opentelemetry-sdk-common-1.58.0.jar;C:\Users\91936\.m2\repository\io\opentelemetry\opentelemetry-sdk-extension-autoconfigure-spi\1.58.0\opentelemetry-sdk-extension-autoconfigure-spi-1.58.0.jar;C:\Users\91936\.m2\repository\io\opentelemetry\opentelemetry-sdk-extension-autoconfigure\1.58.0\opentelemetry-sdk-extension-autoconfigure-1.58.0.jar;C:\Users\91936\.m2\repository\io\opentelemetry\opentelemetry-sdk-trace\1.58.0\opentelemetry-sdk-trace-1.58.0.jar;C:\Users\91936\.m2\repository\io\opentelemetry\opentelemetry-sdk\1.58.0\opentelemetry-sdk-1.58.0.jar;C:\Users\91936\.m2\repository\io\opentelemetry\opentelemetry-sdk-metrics\1.58.0\opentelemetry-sdk-metrics-1.58.0.jar;C:\Users\91936\.m2\repository\io\opentelemetry\opentelemetry-sdk-logs\1.58.0\opentelemetry-sdk-logs-1.58.0.jar;C:\Users\91936\.m2\repository\net\bytebuddy\byte-buddy\1.18.4\byte-buddy-1.18.4.jar;C:\Users\91936\.m2\repository\org\seleniumhq\selenium\selenium-os\4.40.0\selenium-os-4.40.0.jar;C:\Users\91936\.m2\repository\org\seleniumhq\selenium\selenium-safari-driver\4.40.0\selenium-safari-driver-4.40.0.jar;C:\Users\91936\.m2\repository\org\seleniumhq\selenium\selenium-support\4.40.0\selenium-support-4.40.0.jar;C:\Users\91936\.m2\repository\io\github\bonigarcia\webdrivermanager\6.3.3\webdrivermanager-6.3.3.jar;C:\Users\91936\.m2\repository\org\slf4j\slf4j-api\2.0.17\slf4j-api-2.0.17.jar;C:\Users\91936\.m2\repository\com\google\code\gson\gson\2.13.2\gson-2.13.2.jar;C:\Users\91936\.m2\repository\com\google\errorprone\error_prone_annotations\2.41.0\error_prone_annotations-2.41.0.jar;C:\Users\91936\.m2\repository\com\github\docker-java\docker-java\3.6.0\docker-java-3.6.0.jar;C:\Users\91936\.m2\repository\com\github\docker-java\docker-java-core\3.6.0\docker-java-core-3.6.0.jar;C:\Users\91936\.m2\repository\com\github\docker-java\docker-java-api\3.6.0\docker-java-api-3.6.0.jar;C:\Users\91936\.m2\repository\com\fasterxml\jackson\core\jackson-annotations\2.19.2\jackson-annotations-2.19.2.jar;C:\Users\91936\.m2\repository\com\fasterxml\jackson\core\jackson-databind\2.19.2\jackson-databind-2.19.2.jar;C:\Users\91936\.m2\repository\com\fasterxml\jackson\core\jackson-core\2.19.2\jackson-core-2.19.2.jar;C:\Users\91936\.m2\repository\org\slf4j\jcl-over-slf4j\1.7.30\jcl-over-slf4j-1.7.30.jar;C:\Users\91936\.m2\repository\com\github\docker-java\docker-java-transport-httpclient5\3.6.0\docker-java-transport-httpclient5-3.6.0.jar;C:\Users\91936\.m2\repository\com\github\docker-java\docker-java-transport\3.6.0\docker-java-transport-3.6.0.jar;C:\Users\91936\.m2\repository\net\java\dev\jna\jna\5.17.0\jna-5.17.0.jar;C:\Users\91936\.m2\repository\org\brotli\dec\0.1.2\dec-0.1.2.jar;C:\Users\91936\.m2\repository\org\apache\commons\commons-lang3\3.19.0\commons-lang3-3.19.0.jar;C:\Users\91936\.m2\repository\org\apache\commons\commons-compress\1.28.0\commons-compress-1.28.0.jar;C:\Users\91936\.m2\repository\commons-codec\commons-codec\1.19.0\commons-codec-1.19.0.jar;C:\Users\91936\.m2\repository\commons-io\commons-io\2.20.0\commons-io-2.20.0.jar;C:\Users\91936\.m2\repository\org\apache\httpcomponents\client5\httpclient5\5.4.3\httpclient5-5.4.3.jar;C:\Users\91936\.m2\repository\org\apache\httpcomponents\core5\httpcore5\5.3.4\httpcore5-5.3.4.jar;C:\Users\91936\.m2\repository\org\apache\httpcomponents\core5\httpcore5-h2\5.3.4\httpcore5-h2-5.3.4.jar;C:\Users\91936\.m2\repository\org\testng\testng\7.7.0\testng-7.7.0.jar;C:\Users\91936\.m2\repository\com\beust\jcommander\1.82\jcommander-1.82.jar;C:\Users\91936\.m2\repository\org\webjars\jquery\3.6.1\jquery-3.6.1.jar;C:\Users\91936\.m2\repository\io\cucumber\cucumber-java\7.33.0\cucumber-java-7.33.0.jar;C:\Users\91936\.m2\repository\io\cucumber\cucumber-core\7.33.0\cucumber-core-7.33.0.jar;C:\Users\91936\.m2\repository\io\cucumber\cucumber-gherkin\7.33.0\cucumber-gherkin-7.33.0.jar;C:\Users\91936\.m2\repository\io\cucumber\cucumber-gherkin-messages\7.33.0\cucumber-gherkin-messages-7.33.0.jar;C:\Users\91936\.m2\repository\io\cucumber\gherkin\36.1.0\gherkin-36.1.0.jar;C:\Users\91936\.m2\repository\io\cucumber\messages\30.1.0\messages-30.1.0.jar;C:\Users\91936\.m2\repository\io\cucumber\pretty-formatter\2.4.1\pretty-formatter-2.4.1.jar;C:\Users\91936\.m2\repository\io\cucumber\query\14.7.0\query-14.7.0.jar;C:\Users\91936\.m2\repository\io\cucumber\teamcity-formatter\0.2.0\teamcity-formatter-0.2.0.jar;C:\Users\91936\.m2\repository\io\cucumber\testng-xml-formatter\0.7.0\testng-xml-formatter-0.7.0.jar;C:\Users\91936\.m2\repository\io\cucumber\usage-formatter\0.1.0\usage-formatter-0.1.0.jar;C:\Users\91936\.m2\repository\io\cucumber\tag-expressions\8.1.0\tag-expressions-8.1.0.jar;C:\Users\91936\.m2\repository\io\cucumber\cucumber-expressions\18.0.1\cucumber-expressions-18.0.1.jar;C:\Users\91936\.m2\repository\io\cucumber\cucumber-json-formatter\0.3.2\cucumber-json-formatter-0.3.2.jar;C:\Users\91936\.m2\repository\io\cucumber\datatable\7.33.0\datatable-7.33.0.jar;C:\Users\91936\.m2\repository\io\cucumber\cucumber-plugin\7.33.0\cucumber-plugin-7.33.0.jar;C:\Users\91936\.m2\repository\io\cucumber\docstring\7.33.0\docstring-7.33.0.jar;C:\Users\91936\.m2\repository\io\cucumber\html-formatter\22.2.0\html-formatter-22.2.0.jar;C:\Users\91936\.m2\repository\io\cucumber\junit-xml-formatter\0.11.0\junit-xml-formatter-0.11.0.jar;C:\Users\91936\.m2\repository\io\cucumber\ci-environment\12.0.0\ci-environment-12.0.0.jar;C:\Users\91936\.m2\repository\org\apiguardian\apiguardian-api\1.1.2\apiguardian-api-1.1.2.jar;C:\Users\91936\.m2\repository\io\cucumber\cucumber-junit\7.33.0\cucumber-junit-7.33.0.jar;C:\Users\91936\.m2\repository\junit\junit\4.13.2\junit-4.13.2.jar;C:\Users\91936\.m2\repository\org\hamcrest\hamcrest-core\1.3\hamcrest-core-1.3.jar;C:\Users\91936\.m2\repository\io\cucumber\cucumber-testng\7.34.2\cucumber-testng-7.34.2.jar;"/>
    <property name="sun.cpu.endian" value="little"/>
    <property name="user.home" value="C:\Users\91936"/>
    <property name="user.language" value="en"/>
    <property name="java.specification.vendor" value="Oracle Corporation"/>
    <property name="java.version.date" value="2026-01-20"/>
    <property name="java.home" value="C:\Program Files\Java\jdk-25.0.2"/>
    <property name="file.separator" value="\"/>
    <property name="basedir" value="C:\Users\91936\eclipse-workspace\mmt"/>
    <property name="java.vm.compressedOopsMode" value="32-bit"/>
    <property name="line.separator" value="&#10;"/>
    <property name="java.vm.specification.vendor" value="Oracle Corporation"/>
    <property name="java.specification.name" value="Java Platform API Specification"/>
    <property name="surefire.real.class.path" value="C:\Users\91936\AppData\Local\Temp\surefire15390815540623664013\surefirebooter-20260213215609170_3.jar"/>
    <property name="user.script" value=""/>
    <property name="sun.management.compiler" value="HotSpot 64-Bit Tiered Compilers"/>
    <property name="java.runtime.version" value="25.0.2+10-LTS-69"/>
    <property name="user.name" value="91936"/>
    <property name="stdout.encoding" value="Cp1252"/>
    <property name="path.separator" value=";"/>
    <property name="os.version" value="10.0"/>
    <property name="java.runtime.name" value="Java(TM) SE Runtime Environment"/>
    <property name="file.encoding" value="UTF-8"/>
    <property name="java.vm.name" value="Java HotSpot(TM) 64-Bit Server VM"/>
    <property name="localRepository" value="C:\Users\91936\.m2\repository"/>
    <property name="java.vendor.url.bug" value="https://bugreport.java.com/bugreport/"/>
    <property name="java.io.tmpdir" value="C:\Users\91936\AppData\Local\Temp\"/>
    <property name="java.version" value="25.0.2"/>
    <property name="user.dir" value="C:\Users\91936\eclipse-workspace\mmt"/>
    <property name="os.arch" value="amd64"/>
    <property name="java.vm.specification.name" value="Java Virtual Machine Specification"/>
    <property name="sun.os.patch.level" value=""/>
    <property name="native.encoding" value="Cp1252"/>
    <property name="java.library.path" value="C:\Program Files\Java\jdk-25.0.2\bin;C:\WINDOWS\Sun\Java\bin;C:\WINDOWS\system32;C:\WINDOWS;C:/Users/91936/.p2/pool/plugins/org.eclipse.justj.openjdk.hotspot.jre.full.win32.x86_64_21.0.9.v20251105-0741/jre/bin/server;C:/Users/91936/.p2/pool/plugins/org.eclipse.justj.openjdk.hotspot.jre.full.win32.x86_64_21.0.9.v20251105-0741/jre/bin;C:\Program Files\Java\jdk-25.0.2\bin;C:\Maven\apache-maven-3.9.12\bin;C:\WINDOWS\system32;C:\WINDOWS;C:\WINDOWS\System32\Wbem;C:\WINDOWS\System32\WindowsPowerShell\v1.0\;C:\WINDOWS\System32\OpenSSH\;C:\Program Files\dotnet\;C:\MinGW\bin;C:\Program Files\MATLAB\MATLAB Runtime\R2022b\runtime\win64;C:\Program Files\Git\cmd;D:\scrcpy-win64-v3.3.4;C:\Program Files\Docker\Docker\resources\bin;C:\Program Files\MySQL\MySQL Shell 8.0\bin\;C:\Users\91936\AppData\Local\Programs\Python\Python39\Scripts\;C:\Users\91936\AppData\Local\Programs\Python\Python39\;C:\Users\91936\AppData\Local\Microsoft\WindowsApps;C:\MinGW\bin;C:\Users\91936\AppData\Local\Programs\Microsoft VS Code\bin;;C:\Users\91936\Desktop;;."/>
    <property name="java.vm.info" value="mixed mode, sharing"/>
    <property name="stderr.encoding" value="Cp1252"/>
    <property name="java.vendor" value="Oracle Corporation"/>
    <property name="java.vm.version" value="25.0.2+10-LTS-69"/>
    <property name="stdin.encoding" value="Cp1252"/>
    <property name="sun.io.unicode.encoding" value="UnicodeLittle"/>
    <property name="java.class.version" value="69.0"/>
  </properties>
  <testcase name="runScenario[&quot;Test 1 - Verify home page title&quot;, &quot;Home Page Tests&quot;](1)" classname="TestRunner.Testrunner" time="12.144">
    <system-out><![CDATA[
Scenario: Test 1 - Verify home page title # src/test/resources/feature/1home.feature:6
Website opened: https://www.makemytrip.com/
  ✔ Given Open website "chrome"           # cucu.Cucutest.open_website(java.lang.String)
Title verified: MakeMyTrip - #1 Travel Website 50% OFF on Hotels, Flights & Holiday
  ✔ Then Title contains "MakeMyTrip"      # cucu.Cucutest.title_contains(java.lang.String)
Driver closed successfully
]]></system-out>
    <system-err><![CDATA[SLF4J(W): No SLF4J providers were found.
SLF4J(W): Defaulting to no-operation (NOP) logger implementation
SLF4J(W): See https://www.slf4j.org/codes.html#noProviders for further details.
]]></system-err>
  </testcase>
  <testcase name="runScenario[&quot;Test 2 - Close login popup&quot;, &quot;Home Page Tests&quot;](2)" classname="TestRunner.Testrunner" time="10.309">
    <system-out><![CDATA[
Scenario: Test 2 - Close login popup # src/test/resources/feature/1home.feature:9
Website opened: https://www.makemytrip.com/
  ✔ Given Open website "chrome"      # cucu.Cucutest.open_website(java.lang.String)
No login popup to close or already closed
  ✔ Then Close login popup           # cucu.Cucutest.close_login_popup()
Driver closed successfully
]]></system-out>
  </testcase>
  <testcase name="runScenario[&quot;Test 3 - Verify navigation tabs are displayed&quot;, &quot;Home Page Tests&quot;](3)" classname="TestRunner.Testrunner" time="8.919">
    <system-out><![CDATA[
Scenario: Test 3 - Verify navigation tabs are displayed # src/test/resources/feature/1home.feature:12
Website opened: https://www.makemytrip.com/
  ✔ Given Open website "chrome"                         # cucu.Cucutest.open_website(java.lang.String)
Flights tab verified
  ✔ Then Check "Flights" tab                            # cucu.Cucutest.check_tab(java.lang.String)
Hotels tab verified
  ✔ And Check "Hotels" tab                              # cucu.Cucutest.check_tab(java.lang.String)
Trains tab verified
  ✔ And Check "Trains" tab                              # cucu.Cucutest.check_tab(java.lang.String)
Driver closed successfully
]]></system-out>
  </testcase>
  <testcase name="runScenario[&quot;Test 4 - Verify flight search fields are displayed&quot;, &quot;Home Page Tests&quot;](4)" classname="TestRunner.Testrunner" time="9.212">
    <system-out><![CDATA[
Scenario: Test 4 - Verify flight search fields are displayed # src/test/resources/feature/1home.feature:17
Website opened: https://www.makemytrip.com/
  ✔ Given Open website "chrome"                              # cucu.Cucutest.open_website(java.lang.String)
Flights tab clicked
  ✔ When Click Flights                                       # cucu.Cucutest.click_flights()
From field verified
  ✔ Then Check From field                                    # cucu.Cucutest.check_from_field()
To field verified
  ✔ And Check To field                                       # cucu.Cucutest.check_to_field()
Driver closed successfully
]]></system-out>
  </testcase>
  <testcase name="runScenario[&quot;Test 5 - Verify departure date picker is displayed&quot;, &quot;Home Page Tests&quot;](5)" classname="TestRunner.Testrunner" time="9.03">
    <system-out><![CDATA[
Scenario: Test 5 - Verify departure date picker is displayed # src/test/resources/feature/1home.feature:22
Website opened: https://www.makemytrip.com/
  ✔ Given Open website "chrome"                              # cucu.Cucutest.open_website(java.lang.String)
Flights tab clicked
  ✔ When Click Flights                                       # cucu.Cucutest.click_flights()
Departure picker verified
  ✔ Then Check Departure picker                              # cucu.Cucutest.check_departure_picker()
Driver closed successfully
]]></system-out>
  </testcase>
  <testcase name="runScenario[&quot;Test 6 - Search flights with valid cities&quot;, &quot;Flight Search Tests&quot;](6)" classname="TestRunner.Testrunner" time="16.872">
    <system-out><![CDATA[
Scenario: Test 6 - Search flights with valid cities # src/test/resources/feature/2flight.feature:7
Website opened: https://www.makemytrip.com/
  ✔ Given Open website "chrome"                     # cucu.Cucutest.open_website(java.lang.String)
No login popup to close or already closed
  ✔ Then Close login popup                          # cucu.Cucutest.close_login_popup()
Flights tab clicked
  ✔ When Click Flights                              # cucu.Cucutest.click_flights()
No login popup to close or already closed
  ✔ And Enter from "Delhi"                          # cucu.Cucuflight.enter_from(java.lang.String)
  ✔ And Enter to "Mumbai"                           # cucu.Cucuflight.enter_to(java.lang.String)
  ✔ And Select departure date and search            # cucu.Cucuflight.select_departure_date_and_search()
Results page verified
  ✔ Then Results page shown                         # cucu.Cucuflight.results_page_shown()
Driver closed successfully
]]></system-out>
  </testcase>
  <testcase name="runScenario[&quot;Test 7 - Search flights with same source and destination&quot;, &quot;Flight Search Tests&quot;](7)" classname="TestRunner.Testrunner" time="19.288">
    <system-out><![CDATA[
Scenario: Test 7 - Search flights with same source and destination # src/test/resources/feature/2flight.feature:14
Website opened: https://www.makemytrip.com/
  ✔ Given Open website "chrome"                                    # cucu.Cucutest.open_website(java.lang.String)
No login popup to close or already closed
  ✔ Then Close login popup                                         # cucu.Cucutest.close_login_popup()
Flights tab clicked
  ✔ When Click Flights                                             # cucu.Cucutest.click_flights()
No login popup to close or already closed
  ✔ And Enter from "Delhi"                                         # cucu.Cucuflight.enter_from(java.lang.String)
  ✔ And Enter to "Delhi"                                           # cucu.Cucuflight.enter_to(java.lang.String)
  ✔ And Select departure date and search                           # cucu.Cucuflight.select_departure_date_and_search()
Error message verified
  ✔ Then Error message shown                                       # cucu.Cucuflight.error_message_shown()
Driver closed successfully
]]></system-out>
  </testcase>
  <testcase name="runScenario[&quot;Test 8 - Search flights without selecting date&quot;, &quot;Flight Search Tests&quot;](8)" classname="TestRunner.Testrunner" time="16.93">
    <system-out><![CDATA[
Scenario: Test 8 - Search flights without selecting date # src/test/resources/feature/2flight.feature:21
Website opened: https://www.makemytrip.com/
  ✔ Given Open website "chrome"                          # cucu.Cucutest.open_website(java.lang.String)
No login popup to close or already closed
  ✔ Then Close login popup                               # cucu.Cucutest.close_login_popup()
Flights tab clicked
  ✔ When Click Flights                                   # cucu.Cucutest.click_flights()
No login popup to close or already closed
  ✔ And Enter from "Bangalore"                           # cucu.Cucuflight.enter_from(java.lang.String)
  ✔ And Enter to "Chennai"                               # cucu.Cucuflight.enter_to(java.lang.String)
  ✔ And Click search                                     # cucu.Cucuflight.click_search()
Results page verified
  ✔ Then Results page shown                              # cucu.Cucuflight.results_page_shown()
Driver closed successfully
]]></system-out>
  </testcase>
  <testcase name="runScenario[&quot;Test 9 - Verify flight results page URL&quot;, &quot;Flight Search Tests&quot;](9)" classname="TestRunner.Testrunner" time="19.926">
    <system-out><![CDATA[
Scenario: Test 9 - Verify flight results page URL # src/test/resources/feature/2flight.feature:28
Website opened: https://www.makemytrip.com/
  ✔ Given Open website "chrome"                   # cucu.Cucutest.open_website(java.lang.String)
No login popup to close or already closed
  ✔ Then Close login popup                        # cucu.Cucutest.close_login_popup()
Flights tab clicked
  ✔ When Click Flights                            # cucu.Cucutest.click_flights()
No login popup to close or already closed
  ✔ And Enter from "Delhi"                        # cucu.Cucuflight.enter_from(java.lang.String)
  ✔ And Enter to "Mumbai"                         # cucu.Cucuflight.enter_to(java.lang.String)
  ✔ And Select departure date and search          # cucu.Cucuflight.select_departure_date_and_search()
URL verified: https://www.makemytrip.com/
  ✔ Then URL contains "www.makemytrip.com"        # cucu.Cucuflight.url_contains(java.lang.String)
Driver closed successfully
]]></system-out>
  </testcase>
  <testcase name="runScenario[&quot;Test 10 - Verify flight list is displayed&quot;, &quot;Flight Search Tests&quot;](10)" classname="TestRunner.Testrunner" time="18.252">
    <system-out><![CDATA[
Scenario: Test 10 - Verify flight list is displayed # src/test/resources/feature/2flight.feature:35
Website opened: https://www.makemytrip.com/
  ✔ Given Open website "chrome"                     # cucu.Cucutest.open_website(java.lang.String)
No login popup to close or already closed
  ✔ Then Close login popup                          # cucu.Cucutest.close_login_popup()
Flights tab clicked
  ✔ When Click Flights                              # cucu.Cucutest.click_flights()
No login popup to close or already closed
  ✔ And Enter from "Delhi"                          # cucu.Cucuflight.enter_from(java.lang.String)
  ✔ And Enter to "Mumbai"                           # cucu.Cucuflight.enter_to(java.lang.String)
  ✔ And Select departure date and search            # cucu.Cucuflight.select_departure_date_and_search()
Flight list verified
  ✔ Then Flight list displayed                      # cucu.Cucuflight.flight_list_displayed()
Driver closed successfully
]]></system-out>
  </testcase>
  <testcase name="runScenario[&quot;Test - Search flights to multiple destinations&quot;, &quot;Flight Search Tests&quot;](11)" classname="TestRunner.Testrunner" time="17.247">
    <system-out><![CDATA[
Scenario Outline: Test - Search flights to multiple destinations # src/test/resources/feature/2flight.feature:51
Website opened: https://www.makemytrip.com/
  ✔ Given Open website "chrome"                                  # cucu.Cucutest.open_website(java.lang.String)
No login popup to close or already closed
  ✔ Then Close login popup                                       # cucu.Cucutest.close_login_popup()
Flights tab clicked
  ✔ When Click Flights                                           # cucu.Cucutest.click_flights()
No login popup to close or already closed
  ✔ And Enter from "Delhi"                                       # cucu.Cucuflight.enter_from(java.lang.String)
  ✔ And Enter to "Bangalore"                                     # cucu.Cucuflight.enter_to(java.lang.String)
  ✔ And Select departure date and search                         # cucu.Cucuflight.select_departure_date_and_search()
URL verified: https://www.makemytrip.com/
  ✔ Then URL contains "www.makemytrip.com"                       # cucu.Cucuflight.url_contains(java.lang.String)
Driver closed successfully
]]></system-out>
  </testcase>
  <testcase name="runScenario[&quot;Test - Search flights to multiple destinations&quot;, &quot;Flight Search Tests&quot;](12)" classname="TestRunner.Testrunner" time="16.605">
    <system-out><![CDATA[
Scenario Outline: Test - Search flights to multiple destinations # src/test/resources/feature/2flight.feature:52
Website opened: https://www.makemytrip.com/
  ✔ Given Open website "chrome"                                  # cucu.Cucutest.open_website(java.lang.String)
No login popup to close or already closed
  ✔ Then Close login popup                                       # cucu.Cucutest.close_login_popup()
Flights tab clicked
  ✔ When Click Flights                                           # cucu.Cucutest.click_flights()
No login popup to close or already closed
  ✔ And Enter from "Mumbai"                                      # cucu.Cucuflight.enter_from(java.lang.String)
  ✔ And Enter to "Chennai"                                       # cucu.Cucuflight.enter_to(java.lang.String)
  ✔ And Select departure date and search                         # cucu.Cucuflight.select_departure_date_and_search()
URL verified: https://www.makemytrip.com/
  ✔ Then URL contains "www.makemytrip.com"                       # cucu.Cucuflight.url_contains(java.lang.String)
Driver closed successfully
]]></system-out>
  </testcase>
  <testcase name="runScenario[&quot;Test 11 - Navigate to hotels section&quot;, &quot;Hotel Search Tests&quot;](13)" classname="TestRunner.Testrunner" time="11.159">
    <system-out><![CDATA[
Scenario: Test 11 - Navigate to hotels section # src/test/resources/feature/3hotel.feature:7
Website opened: https://www.makemytrip.com/
  ✔ Given Open website "chrome"                # cucu.Cucutest.open_website(java.lang.String)
No login popup to close or already closed
  ✔ Then Close login popup                     # cucu.Cucutest.close_login_popup()
Hotels tab clicked
  ✔ When Click Hotels                          # cucu.Cucunav.click_hotels()
URL verified: https://www.makemytrip.com/hotels/
  ✔ Then URL contains "hotels"                 # cucu.Cucuflight.url_contains(java.lang.String)
Driver closed successfully
]]></system-out>
  </testcase>
  <testcase name="runScenario[&quot;Test 12 - Search hotels with valid details&quot;, &quot;Hotel Search Tests&quot;](14)" classname="TestRunner.Testrunner" time="13.067">
    <system-out><![CDATA[
Scenario: Test 12 - Search hotels with valid details # src/test/resources/feature/3hotel.feature:11
Website opened: https://www.makemytrip.com/
  ✔ Given Open website "chrome"                      # cucu.Cucutest.open_website(java.lang.String)
No login popup to close or already closed
  ✔ Then Close login popup                           # cucu.Cucutest.close_login_popup()
Hotels tab clicked
  ✔ When Click Hotels                                # cucu.Cucunav.click_hotels()
  ✔ And Enter city "Goa"                             # cucu.Cucuhotel.enter_city(java.lang.String)
  ✔ And Select checkin date "25"                     # cucu.Cucuhotel.select_checkin_date(java.lang.String)
  ✔ And Select checkout date "28"                    # cucu.Cucuhotel.select_checkout_date(java.lang.String)
  ✔ And Click hotel search                           # cucu.Cucuhotel.click_hotel_search()
Hotel results verified
  ✔ Then Hotel results shown                         # cucu.Cucuhotel.hotel_results_shown()
Driver closed successfully
]]></system-out>
  </testcase>
  <testcase name="runScenario[&quot;Test 13 - Search hotels without dates&quot;, &quot;Hotel Search Tests&quot;](15)" classname="TestRunner.Testrunner" time="13.932">
    <system-out><![CDATA[
Scenario: Test 13 - Search hotels without dates # src/test/resources/feature/3hotel.feature:19
Website opened: https://www.makemytrip.com/
  ✔ Given Open website "chrome"                 # cucu.Cucutest.open_website(java.lang.String)
No login popup to close or already closed
  ✔ Then Close login popup                      # cucu.Cucutest.close_login_popup()
Hotels tab clicked
  ✔ When Click Hotels                           # cucu.Cucunav.click_hotels()
  ✔ And Enter city "Mumbai"                     # cucu.Cucuhotel.enter_city(java.lang.String)
  ✔ And Click hotel search                      # cucu.Cucuhotel.click_hotel_search()
URL verified: https://www.makemytrip.com/hotels/hotel-listing/?checkin=02142026&semanticResults=true&city=CTBOM&checkout=02152026&roomStayQualifier=2e0e&locusId=CTBOM&country=IN&locusType=city&searchText=Mumbai%20stays%20with%20sea-facing%20rooms&regionNearByExp=3&rsc=1e2e0e
  ✔ Then URL contains "hotels"                  # cucu.Cucuflight.url_contains(java.lang.String)
Driver closed successfully
]]></system-out>
  </testcase>
  <testcase name="runScenario[&quot;Test 14 - Verify hotel results page&quot;, &quot;Hotel Search Tests&quot;](16)" classname="TestRunner.Testrunner" time="14.854">
    <system-out><![CDATA[
Scenario: Test 14 - Verify hotel results page # src/test/resources/feature/3hotel.feature:25
Website opened: https://www.makemytrip.com/
  ✔ Given Open website "chrome"               # cucu.Cucutest.open_website(java.lang.String)
No login popup to close or already closed
  ✔ Then Close login popup                    # cucu.Cucutest.close_login_popup()
Hotels tab clicked
  ✔ When Click Hotels                         # cucu.Cucunav.click_hotels()
  ✔ And Enter city "Delhi"                    # cucu.Cucuhotel.enter_city(java.lang.String)
  ✔ And Select checkin date "22"              # cucu.Cucuhotel.select_checkin_date(java.lang.String)
  ✔ And Select checkout date "25"             # cucu.Cucuhotel.select_checkout_date(java.lang.String)
  ✔ And Click hotel search                    # cucu.Cucuhotel.click_hotel_search()
Hotel results verified
  ✔ Then Hotel results shown                  # cucu.Cucuhotel.hotel_results_shown()
Driver closed successfully
]]></system-out>
  </testcase>
  <testcase name="runScenario[&quot;Test - Search hotels in different cities&quot;, &quot;Hotel Search Tests&quot;](17)" classname="TestRunner.Testrunner" time="12.517">
    <system-out><![CDATA[
Scenario Outline: Test - Search hotels in different cities # src/test/resources/feature/3hotel.feature:43
Website opened: https://www.makemytrip.com/
  ✔ Given Open website "chrome"                            # cucu.Cucutest.open_website(java.lang.String)
No login popup to close or already closed
  ✔ Then Close login popup                                 # cucu.Cucutest.close_login_popup()
Hotels tab clicked
  ✔ When Click Hotels                                      # cucu.Cucunav.click_hotels()
  ✔ And Enter city "Goa"                                   # cucu.Cucuhotel.enter_city(java.lang.String)
  ✔ And Select checkin date "20"                           # cucu.Cucuhotel.select_checkin_date(java.lang.String)
  ✔ And Select checkout date "23"                          # cucu.Cucuhotel.select_checkout_date(java.lang.String)
  ✔ And Click hotel search                                 # cucu.Cucuhotel.click_hotel_search()
Hotel results verified
  ✔ Then Hotel results shown                               # cucu.Cucuhotel.hotel_results_shown()
Driver closed successfully
]]></system-out>
  </testcase>
  <testcase name="runScenario[&quot;Test - Search hotels in different cities&quot;, &quot;Hotel Search Tests&quot;](18)" classname="TestRunner.Testrunner" time="13.077">
    <system-out><![CDATA[
Scenario Outline: Test - Search hotels in different cities # src/test/resources/feature/3hotel.feature:44
Website opened: https://www.makemytrip.com/
  ✔ Given Open website "chrome"                            # cucu.Cucutest.open_website(java.lang.String)
No login popup to close or already closed
  ✔ Then Close login popup                                 # cucu.Cucutest.close_login_popup()
Hotels tab clicked
  ✔ When Click Hotels                                      # cucu.Cucunav.click_hotels()
  ✔ And Enter city "Jaipur"                                # cucu.Cucuhotel.enter_city(java.lang.String)
  ✔ And Select checkin date "20"                           # cucu.Cucuhotel.select_checkin_date(java.lang.String)
  ✔ And Select checkout date "23"                          # cucu.Cucuhotel.select_checkout_date(java.lang.String)
  ✔ And Click hotel search                                 # cucu.Cucuhotel.click_hotel_search()
Hotel results verified
  ✔ Then Hotel results shown                               # cucu.Cucuhotel.hotel_results_shown()
Driver closed successfully
]]></system-out>
  </testcase>
  <testcase name="runScenario[&quot;Test 15 - Navigate to trains section&quot;, &quot;Train Search Tests&quot;](19)" classname="TestRunner.Testrunner" time="10.173">
    <system-out><![CDATA[
Scenario: Test 15 - Navigate to trains section # src/test/resources/feature/4train.feature:7
Website opened: https://www.makemytrip.com/
  ✔ Given Open website "chrome"                # cucu.Cucutest.open_website(java.lang.String)
No login popup to close or already closed
  ✔ Then Close login popup                     # cucu.Cucutest.close_login_popup()
Trains tab clicked
  ✔ When Click Trains                          # cucu.Cucunav.click_trains()
URL verified: https://www.makemytrip.com/railways/
  ✔ Then URL contains "railways"               # cucu.Cucuflight.url_contains(java.lang.String)
Driver closed successfully
]]></system-out>
  </testcase>
  <testcase name="runScenario[&quot;Test 16 - Search trains with valid stations and date&quot;, &quot;Train Search Tests&quot;](20)" classname="TestRunner.Testrunner" time="16.38">
    <system-out><![CDATA[
Scenario: Test 16 - Search trains with valid stations and date # src/test/resources/feature/4train.feature:11
Website opened: https://www.makemytrip.com/
  ✔ Given Open website "chrome"                                # cucu.Cucutest.open_website(java.lang.String)
No login popup to close or already closed
  ✔ Then Close login popup                                     # cucu.Cucutest.close_login_popup()
Trains tab clicked
  ✔ When Click Trains                                          # cucu.Cucunav.click_trains()
  ✔ And Enter from station "Mumbai"                            # cucu.Cucutrain.enter_from_station(java.lang.String)
  ✔ And Enter to station "Pune"                                # cucu.Cucutrain.enter_to_station(java.lang.String)
  ✔ And Select departure date "20"                             # cucu.Cucutrain.select_departure_date(java.lang.String)
  ✔ And Click train search                                     # cucu.Cucutrain.click_train_search()
URL verified: https://www.makemytrip.com/railways/listing?date=20260213&srcStn=CSTM&srcCity=Mumbai&destStn=PUNE&destCity=Pune&classCode=
  ✔ Then URL contains "railways"                               # cucu.Cucuflight.url_contains(java.lang.String)
Driver closed successfully
]]></system-out>
  </testcase>
  <testcase name="runScenario[&quot;Test 17 - Search trains without selecting date&quot;, &quot;Train Search Tests&quot;](21)" classname="TestRunner.Testrunner" time="16.328">
    <system-out><![CDATA[
Scenario: Test 17 - Search trains without selecting date # src/test/resources/feature/4train.feature:19
Website opened: https://www.makemytrip.com/
  ✔ Given Open website "chrome"                          # cucu.Cucutest.open_website(java.lang.String)
No login popup to close or already closed
  ✔ Then Close login popup                               # cucu.Cucutest.close_login_popup()
Trains tab clicked
  ✔ When Click Trains                                    # cucu.Cucunav.click_trains()
  ✔ And Enter from station "Delhi"                       # cucu.Cucutrain.enter_from_station(java.lang.String)
  ✔ And Enter to station "Bangalore"                     # cucu.Cucutrain.enter_to_station(java.lang.String)
  ✔ And Click train search                               # cucu.Cucutrain.click_train_search()
URL verified: https://www.makemytrip.com/railways/listing?date=20260214&srcStn=NDLS&srcCity=Delhi&destStn=SBC&destCity=Bangalore&classCode=
  ✔ Then URL contains "railways"                         # cucu.Cucuflight.url_contains(java.lang.String)
Driver closed successfully
]]></system-out>
  </testcase>
  <testcase name="runScenario[&quot;Test 18 - Verify train results page&quot;, &quot;Train Search Tests&quot;](22)" classname="TestRunner.Testrunner" time="16.64">
    <system-out><![CDATA[
Scenario: Test 18 - Verify train results page # src/test/resources/feature/4train.feature:26
Website opened: https://www.makemytrip.com/
  ✔ Given Open website "chrome"               # cucu.Cucutest.open_website(java.lang.String)
No login popup to close or already closed
  ✔ Then Close login popup                    # cucu.Cucutest.close_login_popup()
Trains tab clicked
  ✔ When Click Trains                         # cucu.Cucunav.click_trains()
  ✔ And Enter from station "Delhi"            # cucu.Cucutrain.enter_from_station(java.lang.String)
  ✔ And Enter to station "Mumbai"             # cucu.Cucutrain.enter_to_station(java.lang.String)
  ✔ And Select departure date "22"            # cucu.Cucutrain.select_departure_date(java.lang.String)
  ✔ And Click train search                    # cucu.Cucutrain.click_train_search()
URL verified: https://www.makemytrip.com/railways/listing?date=20260213&srcStn=NDLS&srcCity=Delhi&destStn=CSTM&destCity=Mumbai&classCode=
  ✔ Then URL contains "railways"              # cucu.Cucuflight.url_contains(java.lang.String)
Driver closed successfully
]]></system-out>
  </testcase>
  <testcase name="runScenario[&quot;Test 19 - Search trains for different routes&quot;, &quot;Train Search Tests&quot;](23)" classname="TestRunner.Testrunner" time="16.869">
    <system-out><![CDATA[
Scenario Outline: Test 19 - Search trains for different routes # src/test/resources/feature/4train.feature:44
Website opened: https://www.makemytrip.com/
  ✔ Given Open website "chrome"                                # cucu.Cucutest.open_website(java.lang.String)
No login popup to close or already closed
  ✔ Then Close login popup                                     # cucu.Cucutest.close_login_popup()
Trains tab clicked
  ✔ When Click Trains                                          # cucu.Cucunav.click_trains()
  ✔ And Enter from station "Mumbai"                            # cucu.Cucutrain.enter_from_station(java.lang.String)
  ✔ And Enter to station "Pune"                                # cucu.Cucutrain.enter_to_station(java.lang.String)
  ✔ And Select departure date "20"                             # cucu.Cucutrain.select_departure_date(java.lang.String)
  ✔ And Click train search                                     # cucu.Cucutrain.click_train_search()
URL verified: https://www.makemytrip.com/railways/listing?date=20260213&srcStn=CSTM&srcCity=Mumbai&destStn=PUNE&destCity=Pune&classCode=
  ✔ Then URL contains "railways"                               # cucu.Cucuflight.url_contains(java.lang.String)
Driver closed successfully
]]></system-out>
  </testcase>
  <testcase name="runScenario[&quot;Test 19 - Search trains for different routes&quot;, &quot;Train Search Tests&quot;](24)" classname="TestRunner.Testrunner" time="19.752">
    <system-out><![CDATA[
Scenario Outline: Test 19 - Search trains for different routes # src/test/resources/feature/4train.feature:45
Website opened: https://www.makemytrip.com/
  ✔ Given Open website "chrome"                                # cucu.Cucutest.open_website(java.lang.String)
No login popup to close or already closed
  ✔ Then Close login popup                                     # cucu.Cucutest.close_login_popup()
Trains tab clicked
  ✔ When Click Trains                                          # cucu.Cucunav.click_trains()
  ✔ And Enter from station "Delhi"                             # cucu.Cucutrain.enter_from_station(java.lang.String)
  ✔ And Enter to station "Agra"                                # cucu.Cucutrain.enter_to_station(java.lang.String)
  ✔ And Select departure date "20"                             # cucu.Cucutrain.select_departure_date(java.lang.String)
  ✔ And Click train search                                     # cucu.Cucutrain.click_train_search()
URL verified: https://www.makemytrip.com/railways/listing?date=20260213&srcStn=NDLS&srcCity=Delhi&destStn=AGC&destCity=Agra&classCode=
  ✔ Then URL contains "railways"                               # cucu.Cucuflight.url_contains(java.lang.String)
Driver closed successfully
]]></system-out>
  </testcase>
  <testcase name="runScenario[&quot;Test 19 - Navigate between different modules&quot;, &quot;Navigation Tests&quot;](25)" classname="TestRunner.Testrunner" time="10.942">
    <system-out><![CDATA[
Scenario: Test 19 - Navigate between different modules # src/test/resources/feature/5navigation.feature:7
Website opened: https://www.makemytrip.com/
  ✔ Given Open website "chrome"                        # cucu.Cucutest.open_website(java.lang.String)
No login popup to close or already closed
  ✔ Then Close login popup                             # cucu.Cucutest.close_login_popup()
Flights tab clicked
  ✔ When Click Flights                                 # cucu.Cucutest.click_flights()
Hotels tab clicked
  ✔ And Click Hotels                                   # cucu.Cucunav.click_hotels()
Trains tab clicked
  ✔ And Click Trains                                   # cucu.Cucunav.click_trains()
URL verified: https://www.makemytrip.com/railways/
  ✔ Then URL contains "railways"                       # cucu.Cucuflight.url_contains(java.lang.String)
Driver closed successfully
]]></system-out>
  </testcase>
  <testcase name="runScenario[&quot;Test 20 - Navigate from Flights to Hotels&quot;, &quot;Navigation Tests&quot;](26)" classname="TestRunner.Testrunner" time="9.415">
    <system-out><![CDATA[
Scenario: Test 20 - Navigate from Flights to Hotels # src/test/resources/feature/5navigation.feature:13
Website opened: https://www.makemytrip.com/
  ✔ Given Open website "chrome"                     # cucu.Cucutest.open_website(java.lang.String)
No login popup to close or already closed
  ✔ Then Close login popup                          # cucu.Cucutest.close_login_popup()
Flights tab clicked
  ✔ When Click Flights                              # cucu.Cucutest.click_flights()
Hotels tab clicked
  ✔ And Click Hotels                                # cucu.Cucunav.click_hotels()
URL verified: https://www.makemytrip.com/hotels/
  ✔ Then URL contains "hotels"                      # cucu.Cucuflight.url_contains(java.lang.String)
Driver closed successfully
]]></system-out>
  </testcase>
  <testcase name="runScenario[&quot;Test 21 - Navigate from Hotels to Trains&quot;, &quot;Navigation Tests&quot;](27)" classname="TestRunner.Testrunner" time="10.224">
    <system-out><![CDATA[
Scenario: Test 21 - Navigate from Hotels to Trains # src/test/resources/feature/5navigation.feature:18
Website opened: https://www.makemytrip.com/
  ✔ Given Open website "chrome"                    # cucu.Cucutest.open_website(java.lang.String)
No login popup to close or already closed
  ✔ Then Close login popup                         # cucu.Cucutest.close_login_popup()
Hotels tab clicked
  ✔ When Click Hotels                              # cucu.Cucunav.click_hotels()
Trains tab clicked
  ✔ And Click Trains                               # cucu.Cucunav.click_trains()
URL verified: https://www.makemytrip.com/railways/
  ✔ Then URL contains "railways"                   # cucu.Cucuflight.url_contains(java.lang.String)
Driver closed successfully
]]></system-out>
  </testcase>
  <testcase name="runScenario[&quot;Test 19 - Apply price filter and verify results&quot;, &quot;Filters and Sorting Tests&quot;](28)" classname="TestRunner.Testrunner" time="36.243">
    <failure message="Expected condition failed: waiting for element found by By.xpath: //label[contains(text(),&apos;Price&apos;)] | //span[contains(text(),&apos;Price&apos;)]//following::input[1] to be clickable, but the element was not found: org.openqa.selenium.NoSuchElementException: no such element: Unable to locate element: {&quot;method&quot;:&quot;xpath&quot;,&quot;selector&quot;:&quot;//label[contains(text(),&apos;Price&apos;)] | //span[contains(text(),&apos;Price&apos;)]//following::input[1]&quot;}.&#10;(tried for 15 seconds with 500 milliseconds interval)&#10;Build info: version: &apos;4.40.0&apos;, revision: &apos;b3333f1&apos;&#10;System info: os.name: &apos;Windows 11&apos;, os.arch: &apos;amd64&apos;, os.version: &apos;10.0&apos;, java.version: &apos;25.0.2&apos;&#10;Driver info: org.openqa.selenium.chrome.ChromeDriver&#10;Capabilities {acceptInsecureCerts: false, browserName: chrome, browserVersion: 144.0.7559.133, chrome: {chromedriverVersion: 144.0.7559.133 (7da823b1d59..., userDataDir: C:\Users\91936\AppData\Loca...}, fedcm:accounts: true, goog:chromeOptions: {debuggerAddress: localhost:58786}, goog:processID: 22592, networkConnectionEnabled: false, pageLoadStrategy: normal, platformName: windows, proxy: Proxy(), se:cdp: ws://localhost:58786/devtoo..., se:cdpVersion: 144.0.7559.133, setWindowRect: true, strictFileInteractability: false, timeouts: {implicit: 0, pageLoad: 300000, script: 30000}, unhandledPromptBehavior: dismiss and notify, webauthn:extension:credBlob: true, webauthn:extension:largeBlob: true, webauthn:extension:minPinLength: true, webauthn:extension:prf: true, webauthn:virtualAuthenticators: true}&#10;Session ID: b859309dffa5c889b4eb8ab17fe50c76" type="org.openqa.selenium.TimeoutException"><![CDATA[org.openqa.selenium.TimeoutException: 
Expected condition failed: waiting for element found by By.xpath: //label[contains(text(),'Price')] | //span[contains(text(),'Price')]//following::input[1] to be clickable, but the element was not found: org.openqa.selenium.NoSuchElementException: no such element: Unable to locate element: {"method":"xpath","selector":"//label[contains(text(),'Price')] | //span[contains(text(),'Price')]//following::input[1]"}.
(tried for 15 seconds with 500 milliseconds interval)
Build info: version: '4.40.0', revision: 'b3333f1'
System info: os.name: 'Windows 11', os.arch: 'amd64', os.version: '10.0', java.version: '25.0.2'
Driver info: org.openqa.selenium.chrome.ChromeDriver
Capabilities {acceptInsecureCerts: false, browserName: chrome, browserVersion: 144.0.7559.133, chrome: {chromedriverVersion: 144.0.7559.133 (7da823b1d59..., userDataDir: C:\Users\91936\AppData\Loca...}, fedcm:accounts: true, goog:chromeOptions: {debuggerAddress: localhost:58786}, goog:processID: 22592, networkConnectionEnabled: false, pageLoadStrategy: normal, platformName: windows, proxy: Proxy(), se:cdp: ws://localhost:58786/devtoo..., se:cdpVersion: 144.0.7559.133, setWindowRect: true, strictFileInteractability: false, timeouts: {implicit: 0, pageLoad: 300000, script: 30000}, unhandledPromptBehavior: dismiss and notify, webauthn:extension:credBlob: true, webauthn:extension:largeBlob: true, webauthn:extension:minPinLength: true, webauthn:extension:prf: true, webauthn:virtualAuthenticators: true}
Session ID: b859309dffa5c889b4eb8ab17fe50c76
	at org.openqa.selenium.support.ui.WebDriverWait.timeoutException(WebDriverWait.java:84)
	at org.openqa.selenium.support.ui.FluentWait.until(FluentWait.java:231)
	at pages.ResultsPage.applyPriceFilter(ResultsPage.java:75)
	at cucu.Cucufilter.apply_price_filter(Cucufilter.java:16)
	at ✽.Apply price filter(file:///C:/Users/91936/eclipse-workspace/mmt/src/test/resources/feature/6filters.feature:14)
]]></failure>
    <system-out><![CDATA[
Scenario: Test 19 - Apply price filter and verify results # src/test/resources/feature/6filters.feature:13
Website opened: https://www.makemytrip.com/
  ✔ Given Open website "chrome"                           # cucu.Cucutest.open_website(java.lang.String)
No login popup to close or already closed
  ✔ Then Close login popup                                # cucu.Cucutest.close_login_popup()
Hotels tab clicked
  ✔ When Click Hotels                                     # cucu.Cucunav.click_hotels()
  ✔ And Enter city "Goa"                                  # cucu.Cucuhotel.enter_city(java.lang.String)
  ✔ And Select checkin date "25"                          # cucu.Cucuhotel.select_checkin_date(java.lang.String)
  ✔ And Select checkout date "28"                         # cucu.Cucuhotel.select_checkout_date(java.lang.String)
  ✔ And Click hotel search                                # cucu.Cucuhotel.click_hotel_search()
Hotel results verified
  ✔ Then Hotel results shown                              # cucu.Cucuhotel.hotel_results_shown()
  ✘ When Apply price filter                               # cucu.Cucufilter.apply_price_filter()
        org.openqa.selenium.TimeoutException: Expected condition failed: waiting for element found by By.xpath: //label[contains(text(),'Price')] | //span[contains(text(),'Price')]//following::input[1] to be clickable, but the element was not found: org.openqa.selenium.NoSuchElementException: no such element: Unable to locate element: {"method":"xpath","selector":"//label[contains(text(),'Price')] | //span[contains(text(),'Price')]//following::input[1]"}.
        (tried for 15 seconds with 500 milliseconds interval)
        Build info: version: '4.40.0', revision: 'b3333f1'
        System info: os.name: 'Windows 11', os.arch: 'amd64', os.version: '10.0', java.version: '25.0.2'
        Driver info: org.openqa.selenium.chrome.ChromeDriver
        Capabilities {acceptInsecureCerts: false, browserName: chrome, browserVersion: 144.0.7559.133, chrome: {chromedriverVersion: 144.0.7559.133 (7da823b1d59..., userDataDir: C:\Users\91936\AppData\Loca...}, fedcm:accounts: true, goog:chromeOptions: {debuggerAddress: localhost:58786}, goog:processID: 22592, networkConnectionEnabled: false, pageLoadStrategy: normal, platformName: windows, proxy: Proxy(), se:cdp: ws://localhost:58786/devtoo..., se:cdpVersion: 144.0.7559.133, setWindowRect: true, strictFileInteractability: false, timeouts: {implicit: 0, pageLoad: 300000, script: 30000}, unhandledPromptBehavior: dismiss and notify, webauthn:extension:credBlob: true, webauthn:extension:largeBlob: true, webauthn:extension:minPinLength: true, webauthn:extension:prf: true, webauthn:virtualAuthenticators: true}
        Session ID: b859309dffa5c889b4eb8ab17fe50c76
        	at org.openqa.selenium.support.ui.WebDriverWait.timeoutException(WebDriverWait.java:84)
        	at org.openqa.selenium.support.ui.FluentWait.until(FluentWait.java:231)
        	at pages.ResultsPage.applyPriceFilter(ResultsPage.java:75)
        	at cucu.Cucufilter.apply_price_filter(Cucufilter.java:16)
        	at ✽.Apply price filter(file:///C:/Users/91936/eclipse-workspace/mmt/src/test/resources/feature/6filters.feature:14)
  ↷ Then Filtered results shown                           # cucu.Cucufilter.filtered_results_shown()
Driver closed successfully
]]></system-out>
  </testcase>
  <testcase name="runScenario[&quot;Test 20 - Apply rating filter and verify results&quot;, &quot;Filters and Sorting Tests&quot;](29)" classname="TestRunner.Testrunner" time="34.156">
    <failure message="Expected condition failed: waiting for element found by By.xpath: //label[contains(text(),&apos;Rating&apos;)] | //span[contains(@class,&apos;rating&apos;)]//input[1] to be clickable, but the element was not found: org.openqa.selenium.NoSuchElementException: no such element: Unable to locate element: {&quot;method&quot;:&quot;xpath&quot;,&quot;selector&quot;:&quot;//label[contains(text(),&apos;Rating&apos;)] | //span[contains(@class,&apos;rating&apos;)]//input[1]&quot;}.&#10;(tried for 15 seconds with 500 milliseconds interval)&#10;Build info: version: &apos;4.40.0&apos;, revision: &apos;b3333f1&apos;&#10;System info: os.name: &apos;Windows 11&apos;, os.arch: &apos;amd64&apos;, os.version: &apos;10.0&apos;, java.version: &apos;25.0.2&apos;&#10;Driver info: org.openqa.selenium.chrome.ChromeDriver&#10;Capabilities {acceptInsecureCerts: false, browserName: chrome, browserVersion: 144.0.7559.133, chrome: {chromedriverVersion: 144.0.7559.133 (7da823b1d59..., userDataDir: C:\Users\91936\AppData\Loca...}, fedcm:accounts: true, goog:chromeOptions: {debuggerAddress: localhost:62821}, goog:processID: 23524, networkConnectionEnabled: false, pageLoadStrategy: normal, platformName: windows, proxy: Proxy(), se:cdp: ws://localhost:62821/devtoo..., se:cdpVersion: 144.0.7559.133, setWindowRect: true, strictFileInteractability: false, timeouts: {implicit: 0, pageLoad: 300000, script: 30000}, unhandledPromptBehavior: dismiss and notify, webauthn:extension:credBlob: true, webauthn:extension:largeBlob: true, webauthn:extension:minPinLength: true, webauthn:extension:prf: true, webauthn:virtualAuthenticators: true}&#10;Session ID: b5ef7a7f905ea1cd0b6ff0042fd41d46" type="org.openqa.selenium.TimeoutException"><![CDATA[org.openqa.selenium.TimeoutException: 
Expected condition failed: waiting for element found by By.xpath: //label[contains(text(),'Rating')] | //span[contains(@class,'rating')]//input[1] to be clickable, but the element was not found: org.openqa.selenium.NoSuchElementException: no such element: Unable to locate element: {"method":"xpath","selector":"//label[contains(text(),'Rating')] | //span[contains(@class,'rating')]//input[1]"}.
(tried for 15 seconds with 500 milliseconds interval)
Build info: version: '4.40.0', revision: 'b3333f1'
System info: os.name: 'Windows 11', os.arch: 'amd64', os.version: '10.0', java.version: '25.0.2'
Driver info: org.openqa.selenium.chrome.ChromeDriver
Capabilities {acceptInsecureCerts: false, browserName: chrome, browserVersion: 144.0.7559.133, chrome: {chromedriverVersion: 144.0.7559.133 (7da823b1d59..., userDataDir: C:\Users\91936\AppData\Loca...}, fedcm:accounts: true, goog:chromeOptions: {debuggerAddress: localhost:62821}, goog:processID: 23524, networkConnectionEnabled: false, pageLoadStrategy: normal, platformName: windows, proxy: Proxy(), se:cdp: ws://localhost:62821/devtoo..., se:cdpVersion: 144.0.7559.133, setWindowRect: true, strictFileInteractability: false, timeouts: {implicit: 0, pageLoad: 300000, script: 30000}, unhandledPromptBehavior: dismiss and notify, webauthn:extension:credBlob: true, webauthn:extension:largeBlob: true, webauthn:extension:minPinLength: true, webauthn:extension:prf: true, webauthn:virtualAuthenticators: true}
Session ID: b5ef7a7f905ea1cd0b6ff0042fd41d46
	at org.openqa.selenium.support.ui.WebDriverWait.timeoutException(WebDriverWait.java:84)
	at org.openqa.selenium.support.ui.FluentWait.until(FluentWait.java:231)
	at pages.ResultsPage.applyRatingFilter(ResultsPage.java:89)
	at cucu.Cucufilter.apply_rating_filter(Cucufilter.java:28)
	at ✽.Apply rating filter(file:///C:/Users/91936/eclipse-workspace/mmt/src/test/resources/feature/6filters.feature:18)
]]></failure>
    <system-out><![CDATA[
Scenario: Test 20 - Apply rating filter and verify results # src/test/resources/feature/6filters.feature:17
Website opened: https://www.makemytrip.com/
  ✔ Given Open website "chrome"                            # cucu.Cucutest.open_website(java.lang.String)
No login popup to close or already closed
  ✔ Then Close login popup                                 # cucu.Cucutest.close_login_popup()
Hotels tab clicked
  ✔ When Click Hotels                                      # cucu.Cucunav.click_hotels()
  ✔ And Enter city "Goa"                                   # cucu.Cucuhotel.enter_city(java.lang.String)
  ✔ And Select checkin date "25"                           # cucu.Cucuhotel.select_checkin_date(java.lang.String)
  ✔ And Select checkout date "28"                          # cucu.Cucuhotel.select_checkout_date(java.lang.String)
  ✔ And Click hotel search                                 # cucu.Cucuhotel.click_hotel_search()
Hotel results verified
  ✔ Then Hotel results shown                               # cucu.Cucuhotel.hotel_results_shown()
  ✘ When Apply rating filter                               # cucu.Cucufilter.apply_rating_filter()
        org.openqa.selenium.TimeoutException: Expected condition failed: waiting for element found by By.xpath: //label[contains(text(),'Rating')] | //span[contains(@class,'rating')]//input[1] to be clickable, but the element was not found: org.openqa.selenium.NoSuchElementException: no such element: Unable to locate element: {"method":"xpath","selector":"//label[contains(text(),'Rating')] | //span[contains(@class,'rating')]//input[1]"}.
        (tried for 15 seconds with 500 milliseconds interval)
        Build info: version: '4.40.0', revision: 'b3333f1'
        System info: os.name: 'Windows 11', os.arch: 'amd64', os.version: '10.0', java.version: '25.0.2'
        Driver info: org.openqa.selenium.chrome.ChromeDriver
        Capabilities {acceptInsecureCerts: false, browserName: chrome, browserVersion: 144.0.7559.133, chrome: {chromedriverVersion: 144.0.7559.133 (7da823b1d59..., userDataDir: C:\Users\91936\AppData\Loca...}, fedcm:accounts: true, goog:chromeOptions: {debuggerAddress: localhost:62821}, goog:processID: 23524, networkConnectionEnabled: false, pageLoadStrategy: normal, platformName: windows, proxy: Proxy(), se:cdp: ws://localhost:62821/devtoo..., se:cdpVersion: 144.0.7559.133, setWindowRect: true, strictFileInteractability: false, timeouts: {implicit: 0, pageLoad: 300000, script: 30000}, unhandledPromptBehavior: dismiss and notify, webauthn:extension:credBlob: true, webauthn:extension:largeBlob: true, webauthn:extension:minPinLength: true, webauthn:extension:prf: true, webauthn:virtualAuthenticators: true}
        Session ID: b5ef7a7f905ea1cd0b6ff0042fd41d46
        	at org.openqa.selenium.support.ui.WebDriverWait.timeoutException(WebDriverWait.java:84)
        	at org.openqa.selenium.support.ui.FluentWait.until(FluentWait.java:231)
        	at pages.ResultsPage.applyRatingFilter(ResultsPage.java:89)
        	at cucu.Cucufilter.apply_rating_filter(Cucufilter.java:28)
        	at ✽.Apply rating filter(file:///C:/Users/91936/eclipse-workspace/mmt/src/test/resources/feature/6filters.feature:18)
  ↷ Then Filtered results shown                            # cucu.Cucufilter.filtered_results_shown()
Driver closed successfully
]]></system-out>
  </testcase>
  <testcase name="runScenario[&quot;Test 21 - Sort search results by price&quot;, &quot;Filters and Sorting Tests&quot;](30)" classname="TestRunner.Testrunner" time="35.072">
    <failure message="Expected condition failed: waiting for element found by By.xpath: //span[contains(text(),&apos;Price&apos;)] | //div[contains(text(),&apos;Cheapest&apos;)] to be clickable, but the element was not found: org.openqa.selenium.NoSuchElementException: no such element: Unable to locate element: {&quot;method&quot;:&quot;xpath&quot;,&quot;selector&quot;:&quot;//span[contains(text(),&apos;Price&apos;)] | //div[contains(text(),&apos;Cheapest&apos;)]&quot;}.&#10;(tried for 15 seconds with 500 milliseconds interval)&#10;Build info: version: &apos;4.40.0&apos;, revision: &apos;b3333f1&apos;&#10;System info: os.name: &apos;Windows 11&apos;, os.arch: &apos;amd64&apos;, os.version: &apos;10.0&apos;, java.version: &apos;25.0.2&apos;&#10;Driver info: org.openqa.selenium.chrome.ChromeDriver&#10;Capabilities {acceptInsecureCerts: false, browserName: chrome, browserVersion: 144.0.7559.133, chrome: {chromedriverVersion: 144.0.7559.133 (7da823b1d59..., userDataDir: C:\Users\91936\AppData\Loca...}, fedcm:accounts: true, goog:chromeOptions: {debuggerAddress: localhost:50267}, goog:processID: 8160, networkConnectionEnabled: false, pageLoadStrategy: normal, platformName: windows, proxy: Proxy(), se:cdp: ws://localhost:50267/devtoo..., se:cdpVersion: 144.0.7559.133, setWindowRect: true, strictFileInteractability: false, timeouts: {implicit: 0, pageLoad: 300000, script: 30000}, unhandledPromptBehavior: dismiss and notify, webauthn:extension:credBlob: true, webauthn:extension:largeBlob: true, webauthn:extension:minPinLength: true, webauthn:extension:prf: true, webauthn:virtualAuthenticators: true}&#10;Session ID: bfa3c982c9b3696ecbcf0e5f66d68138" type="org.openqa.selenium.TimeoutException"><![CDATA[org.openqa.selenium.TimeoutException: 
Expected condition failed: waiting for element found by By.xpath: //span[contains(text(),'Price')] | //div[contains(text(),'Cheapest')] to be clickable, but the element was not found: org.openqa.selenium.NoSuchElementException: no such element: Unable to locate element: {"method":"xpath","selector":"//span[contains(text(),'Price')] | //div[contains(text(),'Cheapest')]"}.
(tried for 15 seconds with 500 milliseconds interval)
Build info: version: '4.40.0', revision: 'b3333f1'
System info: os.name: 'Windows 11', os.arch: 'amd64', os.version: '10.0', java.version: '25.0.2'
Driver info: org.openqa.selenium.chrome.ChromeDriver
Capabilities {acceptInsecureCerts: false, browserName: chrome, browserVersion: 144.0.7559.133, chrome: {chromedriverVersion: 144.0.7559.133 (7da823b1d59..., userDataDir: C:\Users\91936\AppData\Loca...}, fedcm:accounts: true, goog:chromeOptions: {debuggerAddress: localhost:50267}, goog:processID: 8160, networkConnectionEnabled: false, pageLoadStrategy: normal, platformName: windows, proxy: Proxy(), se:cdp: ws://localhost:50267/devtoo..., se:cdpVersion: 144.0.7559.133, setWindowRect: true, strictFileInteractability: false, timeouts: {implicit: 0, pageLoad: 300000, script: 30000}, unhandledPromptBehavior: dismiss and notify, webauthn:extension:credBlob: true, webauthn:extension:largeBlob: true, webauthn:extension:minPinLength: true, webauthn:extension:prf: true, webauthn:virtualAuthenticators: true}
Session ID: bfa3c982c9b3696ecbcf0e5f66d68138
	at org.openqa.selenium.support.ui.WebDriverWait.timeoutException(WebDriverWait.java:84)
	at org.openqa.selenium.support.ui.FluentWait.until(FluentWait.java:231)
	at pages.ResultsPage.sortByPrice(ResultsPage.java:100)
	at cucu.Cucufilter.sort_by_price(Cucufilter.java:34)
	at ✽.Sort by price(file:///C:/Users/91936/eclipse-workspace/mmt/src/test/resources/feature/6filters.feature:22)
]]></failure>
    <system-out><![CDATA[
Scenario: Test 21 - Sort search results by price # src/test/resources/feature/6filters.feature:21
Website opened: https://www.makemytrip.com/
  ✔ Given Open website "chrome"                  # cucu.Cucutest.open_website(java.lang.String)
No login popup to close or already closed
  ✔ Then Close login popup                       # cucu.Cucutest.close_login_popup()
Hotels tab clicked
  ✔ When Click Hotels                            # cucu.Cucunav.click_hotels()
  ✔ And Enter city "Goa"                         # cucu.Cucuhotel.enter_city(java.lang.String)
  ✔ And Select checkin date "25"                 # cucu.Cucuhotel.select_checkin_date(java.lang.String)
  ✔ And Select checkout date "28"                # cucu.Cucuhotel.select_checkout_date(java.lang.String)
  ✔ And Click hotel search                       # cucu.Cucuhotel.click_hotel_search()
Hotel results verified
  ✔ Then Hotel results shown                     # cucu.Cucuhotel.hotel_results_shown()
  ✘ When Sort by price                           # cucu.Cucufilter.sort_by_price()
        org.openqa.selenium.TimeoutException: Expected condition failed: waiting for element found by By.xpath: //span[contains(text(),'Price')] | //div[contains(text(),'Cheapest')] to be clickable, but the element was not found: org.openqa.selenium.NoSuchElementException: no such element: Unable to locate element: {"method":"xpath","selector":"//span[contains(text(),'Price')] | //div[contains(text(),'Cheapest')]"}.
        (tried for 15 seconds with 500 milliseconds interval)
        Build info: version: '4.40.0', revision: 'b3333f1'
        System info: os.name: 'Windows 11', os.arch: 'amd64', os.version: '10.0', java.version: '25.0.2'
        Driver info: org.openqa.selenium.chrome.ChromeDriver
        Capabilities {acceptInsecureCerts: false, browserName: chrome, browserVersion: 144.0.7559.133, chrome: {chromedriverVersion: 144.0.7559.133 (7da823b1d59..., userDataDir: C:\Users\91936\AppData\Loca...}, fedcm:accounts: true, goog:chromeOptions: {debuggerAddress: localhost:50267}, goog:processID: 8160, networkConnectionEnabled: false, pageLoadStrategy: normal, platformName: windows, proxy: Proxy(), se:cdp: ws://localhost:50267/devtoo..., se:cdpVersion: 144.0.7559.133, setWindowRect: true, strictFileInteractability: false, timeouts: {implicit: 0, pageLoad: 300000, script: 30000}, unhandledPromptBehavior: dismiss and notify, webauthn:extension:credBlob: true, webauthn:extension:largeBlob: true, webauthn:extension:minPinLength: true, webauthn:extension:prf: true, webauthn:virtualAuthenticators: true}
        Session ID: bfa3c982c9b3696ecbcf0e5f66d68138
        	at org.openqa.selenium.support.ui.WebDriverWait.timeoutException(WebDriverWait.java:84)
        	at org.openqa.selenium.support.ui.FluentWait.until(FluentWait.java:231)
        	at pages.ResultsPage.sortByPrice(ResultsPage.java:100)
        	at cucu.Cucufilter.sort_by_price(Cucufilter.java:34)
        	at ✽.Sort by price(file:///C:/Users/91936/eclipse-workspace/mmt/src/test/resources/feature/6filters.feature:22)
  ↷ Then Sorted results shown                    # cucu.Cucufilter.sorted_results_shown()
Driver closed successfully
]]></system-out>
  </testcase>
  <testcase name="runScenario[&quot;Test 22 - Clear applied filters and verify results reset&quot;, &quot;Filters and Sorting Tests&quot;](31)" classname="TestRunner.Testrunner" time="35.138">
    <failure message="Expected condition failed: waiting for element found by By.xpath: //label[contains(text(),&apos;Price&apos;)] | //span[contains(text(),&apos;Price&apos;)]//following::input[1] to be clickable, but the element was not found: org.openqa.selenium.NoSuchElementException: no such element: Unable to locate element: {&quot;method&quot;:&quot;xpath&quot;,&quot;selector&quot;:&quot;//label[contains(text(),&apos;Price&apos;)] | //span[contains(text(),&apos;Price&apos;)]//following::input[1]&quot;}.&#10;(tried for 15 seconds with 500 milliseconds interval)&#10;Build info: version: &apos;4.40.0&apos;, revision: &apos;b3333f1&apos;&#10;System info: os.name: &apos;Windows 11&apos;, os.arch: &apos;amd64&apos;, os.version: &apos;10.0&apos;, java.version: &apos;25.0.2&apos;&#10;Driver info: org.openqa.selenium.chrome.ChromeDriver&#10;Capabilities {acceptInsecureCerts: false, browserName: chrome, browserVersion: 144.0.7559.133, chrome: {chromedriverVersion: 144.0.7559.133 (7da823b1d59..., userDataDir: C:\Users\91936\AppData\Loca...}, fedcm:accounts: true, goog:chromeOptions: {debuggerAddress: localhost:61994}, goog:processID: 20608, networkConnectionEnabled: false, pageLoadStrategy: normal, platformName: windows, proxy: Proxy(), se:cdp: ws://localhost:61994/devtoo..., se:cdpVersion: 144.0.7559.133, setWindowRect: true, strictFileInteractability: false, timeouts: {implicit: 0, pageLoad: 300000, script: 30000}, unhandledPromptBehavior: dismiss and notify, webauthn:extension:credBlob: true, webauthn:extension:largeBlob: true, webauthn:extension:minPinLength: true, webauthn:extension:prf: true, webauthn:virtualAuthenticators: true}&#10;Session ID: 0a1df4b4c06cba6d4cf887d39cca0e32" type="org.openqa.selenium.TimeoutException"><![CDATA[org.openqa.selenium.TimeoutException: 
Expected condition failed: waiting for element found by By.xpath: //label[contains(text(),'Price')] | //span[contains(text(),'Price')]//following::input[1] to be clickable, but the element was not found: org.openqa.selenium.NoSuchElementException: no such element: Unable to locate element: {"method":"xpath","selector":"//label[contains(text(),'Price')] | //span[contains(text(),'Price')]//following::input[1]"}.
(tried for 15 seconds with 500 milliseconds interval)
Build info: version: '4.40.0', revision: 'b3333f1'
System info: os.name: 'Windows 11', os.arch: 'amd64', os.version: '10.0', java.version: '25.0.2'
Driver info: org.openqa.selenium.chrome.ChromeDriver
Capabilities {acceptInsecureCerts: false, browserName: chrome, browserVersion: 144.0.7559.133, chrome: {chromedriverVersion: 144.0.7559.133 (7da823b1d59..., userDataDir: C:\Users\91936\AppData\Loca...}, fedcm:accounts: true, goog:chromeOptions: {debuggerAddress: localhost:61994}, goog:processID: 20608, networkConnectionEnabled: false, pageLoadStrategy: normal, platformName: windows, proxy: Proxy(), se:cdp: ws://localhost:61994/devtoo..., se:cdpVersion: 144.0.7559.133, setWindowRect: true, strictFileInteractability: false, timeouts: {implicit: 0, pageLoad: 300000, script: 30000}, unhandledPromptBehavior: dismiss and notify, webauthn:extension:credBlob: true, webauthn:extension:largeBlob: true, webauthn:extension:minPinLength: true, webauthn:extension:prf: true, webauthn:virtualAuthenticators: true}
Session ID: 0a1df4b4c06cba6d4cf887d39cca0e32
	at org.openqa.selenium.support.ui.WebDriverWait.timeoutException(WebDriverWait.java:84)
	at org.openqa.selenium.support.ui.FluentWait.until(FluentWait.java:231)
	at pages.ResultsPage.applyPriceFilter(ResultsPage.java:75)
	at cucu.Cucufilter.apply_price_filter(Cucufilter.java:16)
	at ✽.Apply price filter(file:///C:/Users/91936/eclipse-workspace/mmt/src/test/resources/feature/6filters.feature:26)
]]></failure>
    <system-out><![CDATA[
Scenario: Test 22 - Clear applied filters and verify results reset # src/test/resources/feature/6filters.feature:25
Website opened: https://www.makemytrip.com/
  ✔ Given Open website "chrome"                                    # cucu.Cucutest.open_website(java.lang.String)
No login popup to close or already closed
  ✔ Then Close login popup                                         # cucu.Cucutest.close_login_popup()
Hotels tab clicked
  ✔ When Click Hotels                                              # cucu.Cucunav.click_hotels()
  ✔ And Enter city "Goa"                                           # cucu.Cucuhotel.enter_city(java.lang.String)
  ✔ And Select checkin date "25"                                   # cucu.Cucuhotel.select_checkin_date(java.lang.String)
  ✔ And Select checkout date "28"                                  # cucu.Cucuhotel.select_checkout_date(java.lang.String)
  ✔ And Click hotel search                                         # cucu.Cucuhotel.click_hotel_search()
Hotel results verified
  ✔ Then Hotel results shown                                       # cucu.Cucuhotel.hotel_results_shown()
  ✘ When Apply price filter                                        # cucu.Cucufilter.apply_price_filter()
        org.openqa.selenium.TimeoutException: Expected condition failed: waiting for element found by By.xpath: //label[contains(text(),'Price')] | //span[contains(text(),'Price')]//following::input[1] to be clickable, but the element was not found: org.openqa.selenium.NoSuchElementException: no such element: Unable to locate element: {"method":"xpath","selector":"//label[contains(text(),'Price')] | //span[contains(text(),'Price')]//following::input[1]"}.
        (tried for 15 seconds with 500 milliseconds interval)
        Build info: version: '4.40.0', revision: 'b3333f1'
        System info: os.name: 'Windows 11', os.arch: 'amd64', os.version: '10.0', java.version: '25.0.2'
        Driver info: org.openqa.selenium.chrome.ChromeDriver
        Capabilities {acceptInsecureCerts: false, browserName: chrome, browserVersion: 144.0.7559.133, chrome: {chromedriverVersion: 144.0.7559.133 (7da823b1d59..., userDataDir: C:\Users\91936\AppData\Loca...}, fedcm:accounts: true, goog:chromeOptions: {debuggerAddress: localhost:61994}, goog:processID: 20608, networkConnectionEnabled: false, pageLoadStrategy: normal, platformName: windows, proxy: Proxy(), se:cdp: ws://localhost:61994/devtoo..., se:cdpVersion: 144.0.7559.133, setWindowRect: true, strictFileInteractability: false, timeouts: {implicit: 0, pageLoad: 300000, script: 30000}, unhandledPromptBehavior: dismiss and notify, webauthn:extension:credBlob: true, webauthn:extension:largeBlob: true, webauthn:extension:minPinLength: true, webauthn:extension:prf: true, webauthn:virtualAuthenticators: true}
        Session ID: 0a1df4b4c06cba6d4cf887d39cca0e32
        	at org.openqa.selenium.support.ui.WebDriverWait.timeoutException(WebDriverWait.java:84)
        	at org.openqa.selenium.support.ui.FluentWait.until(FluentWait.java:231)
        	at pages.ResultsPage.applyPriceFilter(ResultsPage.java:75)
        	at cucu.Cucufilter.apply_price_filter(Cucufilter.java:16)
        	at ✽.Apply price filter(file:///C:/Users/91936/eclipse-workspace/mmt/src/test/resources/feature/6filters.feature:26)
  ↷ And Apply rating filter                                        # cucu.Cucufilter.apply_rating_filter()
  ↷ And Clear all filters                                          # cucu.Cucufilter.clear_all_filters()
  ↷ Then All results shown                                         # cucu.Cucufilter.all_results_shown()
Driver closed successfully
]]></system-out>
  </testcase>
  <testcase name="runScenario[&quot;Test 23 - Verify flight results are displayed&quot;, &quot;Flight Results Page Tests&quot;](32)" classname="TestRunner.Testrunner" time="17.904">
    <system-out><![CDATA[
Scenario: Test 23 - Verify flight results are displayed # src/test/resources/feature/7results.feature:11
Website opened: https://www.makemytrip.com/
  ✔ Given Open website "chrome"                         # cucu.Cucutest.open_website(java.lang.String)
No login popup to close or already closed
  ✔ Then Close login popup                              # cucu.Cucutest.close_login_popup()
Flights tab clicked
  ✔ When Click Flights                                  # cucu.Cucutest.click_flights()
No login popup to close or already closed
  ✔ And Enter from "Delhi"                              # cucu.Cucuflight.enter_from(java.lang.String)
  ✔ And Enter to "Mumbai"                               # cucu.Cucuflight.enter_to(java.lang.String)
  ✔ And Select departure date and search                # cucu.Cucuflight.select_departure_date_and_search()
Flight list verified
  ✔ Then Flight list displayed                          # cucu.Cucuflight.flight_list_displayed()
Driver closed successfully
]]></system-out>
  </testcase>
  <testcase name="runScenario[&quot;Test 24 - Open flight details page&quot;, &quot;Flight Results Page Tests&quot;](33)" classname="TestRunner.Testrunner" time="36.271">
    <system-out><![CDATA[
Scenario: Test 24 - Open flight details page # src/test/resources/feature/7results.feature:14
Website opened: https://www.makemytrip.com/
  ✔ Given Open website "chrome"              # cucu.Cucutest.open_website(java.lang.String)
No login popup to close or already closed
  ✔ Then Close login popup                   # cucu.Cucutest.close_login_popup()
Flights tab clicked
  ✔ When Click Flights                       # cucu.Cucutest.click_flights()
No login popup to close or already closed
  ✔ And Enter from "Delhi"                   # cucu.Cucuflight.enter_from(java.lang.String)
  ✔ And Enter to "Mumbai"                    # cucu.Cucuflight.enter_to(java.lang.String)
  ✔ And Select departure date and search     # cucu.Cucuflight.select_departure_date_and_search()
  ✔ When Click first flight                  # cucu.CucuResult.click_first_flight()
Flight details page verified
  ✔ Then Flight details page shown           # cucu.CucuResult.flight_details_page_shown()
Driver closed successfully
]]></system-out>
  </testcase>
  <testcase name="runScenario[&quot;Test 25 - Verify fare details are displayed&quot;, &quot;Flight Results Page Tests&quot;](34)" classname="TestRunner.Testrunner" time="17.065">
    <system-out><![CDATA[
Scenario: Test 25 - Verify fare details are displayed # src/test/resources/feature/7results.feature:18
Website opened: https://www.makemytrip.com/
  ✔ Given Open website "chrome"                       # cucu.Cucutest.open_website(java.lang.String)
No login popup to close or already closed
  ✔ Then Close login popup                            # cucu.Cucutest.close_login_popup()
Flights tab clicked
  ✔ When Click Flights                                # cucu.Cucutest.click_flights()
No login popup to close or already closed
  ✔ And Enter from "Delhi"                            # cucu.Cucuflight.enter_from(java.lang.String)
  ✔ And Enter to "Mumbai"                             # cucu.Cucuflight.enter_to(java.lang.String)
  ✔ And Select departure date and search              # cucu.Cucuflight.select_departure_date_and_search()
Fare details verified
  ✔ Then Fare details shown                           # cucu.CucuResult.fare_details_shown()
Driver closed successfully
]]></system-out>
  </testcase>
  <testcase name="runScenario[&quot;Test 26 - Verify results page URL contains flight&quot;, &quot;Flight Results Page Tests&quot;](35)" classname="TestRunner.Testrunner" time="15.405">
    <system-out><![CDATA[
Scenario: Test 26 - Verify results page URL contains flight # src/test/resources/feature/7results.feature:21
Website opened: https://www.makemytrip.com/
  ✔ Given Open website "chrome"                             # cucu.Cucutest.open_website(java.lang.String)
No login popup to close or already closed
  ✔ Then Close login popup                                  # cucu.Cucutest.close_login_popup()
Flights tab clicked
  ✔ When Click Flights                                      # cucu.Cucutest.click_flights()
No login popup to close or already closed
  ✔ And Enter from "Delhi"                                  # cucu.Cucuflight.enter_from(java.lang.String)
  ✔ And Enter to "Mumbai"                                   # cucu.Cucuflight.enter_to(java.lang.String)
  ✔ And Select departure date and search                    # cucu.Cucuflight.select_departure_date_and_search()
URL verified: https://www.makemytrip.com/
  ✔ Then URL contains "www.makemytrip.com"                  # cucu.Cucuflight.url_contains(java.lang.String)
Driver closed successfully
]]></system-out>
  </testcase>
</testsuite>