<?xml version="1.0" encoding="UTF-8"?>
<testng-results ignored="0" total="4" passed="0" failed="4" skipped="0">
  <reporter-output>
  </reporter-output>
  <suite started-at="2026-02-12T09:37:24 IST" name="Default suite" finished-at="2026-02-12T09:42:12 IST" duration-ms="287864">
    <groups>
      <group name="cucumber">
        <method signature="AbstractTestNGCucumberTests.runScenario(io.cucumber.testng.PickleWrapper,io.cucumber.testng.FeatureWrapper)[pri:0, instance:runners.Testrunner@5876a9af]" name="runScenario" class="io.cucumber.testng.AbstractTestNGCucumberTests"/>
      </group> <!-- cucumber -->
    </groups>
    <test started-at="2026-02-12T09:37:24 IST" name="Default test" finished-at="2026-02-12T09:42:12 IST" duration-ms="287864">
      <class name="runners.Testrunner">
        <test-method is-config="true" signature="setUpClass(org.testng.ITestContext)[pri:0, instance:runners.Testrunner@5876a9af]" started-at="2026-02-12T09:37:24 IST" name="setUpClass" finished-at="2026-02-12T09:37:26 IST" duration-ms="2092" status="PASS">
          <params>
            <param index="0">
              <value>
                <![CDATA[org.testng.TestRunner@608b906d]]>
              </value>
            </param>
          </params>
          <reporter-output>
          </reporter-output>
        </test-method> <!-- setUpClass -->
        <test-method signature="runScenario(io.cucumber.testng.PickleWrapper,io.cucumber.testng.FeatureWrapper)[pri:0, instance:runners.Testrunner@5876a9af]" started-at="2026-02-12T09:37:26 IST" name="runScenario" description="Runs Cucumber Scenarios" data-provider="scenarios" finished-at="2026-02-12T09:38:33 IST" duration-ms="66885" status="FAIL">
          <params>
            <param index="0">
              <value>
                <![CDATA["Test 23 - Verify flight results are displayed"]]>
              </value>
            </param>
            <param index="1">
              <value>
                <![CDATA["Flight Results Page Tests"]]>
              </value>
            </param>
          </params>
          <exception class="java.lang.AssertionError">
            <message>
              <![CDATA[Flight list not displayed expected [true] but found [false]]]>
            </message>
            <full-stacktrace>
              <![CDATA[java.lang.AssertionError: Flight list not displayed expected [true] but found [false]
at org.testng.Assert.fail(Assert.java:110)
at org.testng.Assert.failNotEquals(Assert.java:1413)
at org.testng.Assert.assertTrue(Assert.java:56)
at cucu.Cucuflight.flight_list_displayed(Cucuflight.java:70)
at ✽.Flight list displayed(file:///C:/Users/91936/eclipse-workspace/mmt/src/test/resources/feature/results.feature:12)
]]>
            </full-stacktrace>
          </exception> <!-- java.lang.AssertionError -->
          <reporter-output>
          </reporter-output>
        </test-method> <!-- runScenario -->
        <test-method signature="runScenario(io.cucumber.testng.PickleWrapper,io.cucumber.testng.FeatureWrapper)[pri:0, instance:runners.Testrunner@5876a9af]" started-at="2026-02-12T09:38:33 IST" name="runScenario" description="Runs Cucumber Scenarios" data-provider="scenarios" finished-at="2026-02-12T09:39:58 IST" duration-ms="85286" status="FAIL">
          <params>
            <param index="0">
              <value>
                <![CDATA["Test 24 - Open flight details page"]]>
              </value>
            </param>
            <param index="1">
              <value>
                <![CDATA["Flight Results Page Tests"]]>
              </value>
            </param>
          </params>
          <exception class="java.lang.AssertionError">
            <message>
              <![CDATA[Flight details page not displayed expected [true] but found [false]]]>
            </message>
            <full-stacktrace>
              <![CDATA[java.lang.AssertionError: Flight details page not displayed expected [true] but found [false]
at org.testng.Assert.fail(Assert.java:110)
at org.testng.Assert.failNotEquals(Assert.java:1413)
at org.testng.Assert.assertTrue(Assert.java:56)
at cucu.CucuResult.flight_details_page_shown(CucuResult.java:42)
at ✽.Flight details page shown(file:///C:/Users/91936/eclipse-workspace/mmt/src/test/resources/feature/results.feature:16)
]]>
            </full-stacktrace>
          </exception> <!-- java.lang.AssertionError -->
          <reporter-output>
          </reporter-output>
        </test-method> <!-- runScenario -->
        <test-method signature="runScenario(io.cucumber.testng.PickleWrapper,io.cucumber.testng.FeatureWrapper)[pri:0, instance:runners.Testrunner@5876a9af]" started-at="2026-02-12T09:39:58 IST" name="runScenario" description="Runs Cucumber Scenarios" data-provider="scenarios" finished-at="2026-02-12T09:41:20 IST" duration-ms="81308" status="FAIL">
          <params>
            <param index="0">
              <value>
                <![CDATA["Test 25 - Verify fare details are displayed"]]>
              </value>
            </param>
            <param index="1">
              <value>
                <![CDATA["Flight Results Page Tests"]]>
              </value>
            </param>
          </params>
          <exception class="java.lang.AssertionError">
            <message>
              <![CDATA[Fare details not displayed expected [true] but found [false]]]>
            </message>
            <full-stacktrace>
              <![CDATA[java.lang.AssertionError: Fare details not displayed expected [true] but found [false]
at org.testng.Assert.fail(Assert.java:110)
at org.testng.Assert.failNotEquals(Assert.java:1413)
at org.testng.Assert.assertTrue(Assert.java:56)
at cucu.CucuResult.fare_details_shown(CucuResult.java:50)
at ✽.Fare details shown(file:///C:/Users/91936/eclipse-workspace/mmt/src/test/resources/feature/results.feature:19)
]]>
            </full-stacktrace>
          </exception> <!-- java.lang.AssertionError -->
          <reporter-output>
          </reporter-output>
        </test-method> <!-- runScenario -->
        <test-method signature="runScenario(io.cucumber.testng.PickleWrapper,io.cucumber.testng.FeatureWrapper)[pri:0, instance:runners.Testrunner@5876a9af]" started-at="2026-02-12T09:41:20 IST" name="runScenario" description="Runs Cucumber Scenarios" data-provider="scenarios" finished-at="2026-02-12T09:42:12 IST" duration-ms="51981" status="FAIL">
          <params>
            <param index="0">
              <value>
                <![CDATA["Test 26 - Verify results page URL contains flight"]]>
              </value>
            </param>
            <param index="1">
              <value>
                <![CDATA["Flight Results Page Tests"]]>
              </value>
            </param>
          </params>
          <exception class="java.lang.AssertionError">
            <message>
              <![CDATA[URL does not contain: flight expected [true] but found [false]]]>
            </message>
            <full-stacktrace>
              <![CDATA[java.lang.AssertionError: URL does not contain: flight expected [true] but found [false]
at org.testng.Assert.fail(Assert.java:110)
at org.testng.Assert.failNotEquals(Assert.java:1413)
at org.testng.Assert.assertTrue(Assert.java:56)
at cucu.Cucuflight.url_contains(Cucuflight.java:62)
at ✽.URL contains "flight"(file:///C:/Users/91936/eclipse-workspace/mmt/src/test/resources/feature/results.feature:22)
]]>
            </full-stacktrace>
          </exception> <!-- java.lang.AssertionError -->
          <reporter-output>
          </reporter-output>
        </test-method> <!-- runScenario -->
        <test-method is-config="true" signature="tearDownClass()[pri:0, instance:runners.Testrunner@5876a9af]" started-at="2026-02-12T09:42:12 IST" name="tearDownClass" finished-at="2026-02-12T09:42:12 IST" duration-ms="172" status="PASS">
          <reporter-output>
          </reporter-output>
        </test-method> <!-- tearDownClass -->
      </class> <!-- runners.Testrunner -->
    </test> <!-- Default test -->
  </suite> <!-- Default suite -->
</testng-results>
