<?xml version="1.0" encoding="UTF-8"?>
<testng-results ignored="0" total="0" passed="0" failed="0" skipped="0">
  <reporter-output>
  </reporter-output>
  <suite started-at="2026-02-13T07:02:18 IST" name="Cucumber Suite" finished-at="2026-02-13T07:02:18 IST" duration-ms="22">
    <groups>
    </groups>
    <test started-at="2026-02-13T07:02:18 IST" name="Cucumber Tests" finished-at="2026-02-13T07:02:18 IST" duration-ms="22">
    </test> <!-- Cucumber Tests -->
  </suite> <!-- Cucumber Suite -->
</testng-results>
