<?xml version="1.0" encoding="UTF-8"?>
<!-- Generated by org.testng.reporters.JUnitReportReporter -->
<testsuite hostname="Bluerose" failures="4" tests="4" name="runners.Testrunner" time="285.460" errors="0" timestamp="2026-02-12T09:42:12 IST" skipped="0">
  <testcase classname="runners.Testrunner" name="runScenario" time="85.286">
    <failure message="Flight details page not displayed expected [true] but found [false]" type="java.lang.AssertionError">
      <![CDATA[java.lang.AssertionError: Flight details page not displayed expected [true] but found [false]
at org.testng.Assert.fail(Assert.java:110)
at org.testng.Assert.failNotEquals(Assert.java:1413)
at org.testng.Assert.assertTrue(Assert.java:56)
at cucu.CucuResult.flight_details_page_shown(CucuResult.java:42)
at ✽.Flight details page shown(file:///C:/Users/91936/eclipse-workspace/mmt/src/test/resources/feature/results.feature:16)
]]>
    </failure>
  </testcase> <!-- runScenario -->
  <system-out/>
  <testcase classname="runners.Testrunner" name="runScenario" time="66.885">
    <failure message="Flight list not displayed expected [true] but found [false]" type="java.lang.AssertionError">
      <![CDATA[java.lang.AssertionError: Flight list not displayed expected [true] but found [false]
at org.testng.Assert.fail(Assert.java:110)
at org.testng.Assert.failNotEquals(Assert.java:1413)
at org.testng.Assert.assertTrue(Assert.java:56)
at cucu.Cucuflight.flight_list_displayed(Cucuflight.java:70)
at ✽.Flight list displayed(file:///C:/Users/91936/eclipse-workspace/mmt/src/test/resources/feature/results.feature:12)
]]>
    </failure>
  </testcase> <!-- runScenario -->
  <system-out/>
  <testcase classname="runners.Testrunner" name="runScenario" time="81.308">
    <failure message="Fare details not displayed expected [true] but found [false]" type="java.lang.AssertionError">
      <![CDATA[java.lang.AssertionError: Fare details not displayed expected [true] but found [false]
at org.testng.Assert.fail(Assert.java:110)
at org.testng.Assert.failNotEquals(Assert.java:1413)
at org.testng.Assert.assertTrue(Assert.java:56)
at cucu.CucuResult.fare_details_shown(CucuResult.java:50)
at ✽.Fare details shown(file:///C:/Users/91936/eclipse-workspace/mmt/src/test/resources/feature/results.feature:19)
]]>
    </failure>
  </testcase> <!-- runScenario -->
  <system-out/>
  <testcase classname="runners.Testrunner" name="runScenario" time="51.981">
    <failure message="URL does not contain: flight expected [true] but found [false]" type="java.lang.AssertionError">
      <![CDATA[java.lang.AssertionError: URL does not contain: flight expected [true] but found [false]
at org.testng.Assert.fail(Assert.java:110)
at org.testng.Assert.failNotEquals(Assert.java:1413)
at org.testng.Assert.assertTrue(Assert.java:56)
at cucu.Cucuflight.url_contains(Cucuflight.java:62)
at ✽.URL contains "flight"(file:///C:/Users/91936/eclipse-workspace/mmt/src/test/resources/feature/results.feature:22)
]]>
    </failure>
  </testcase> <!-- runScenario -->
  <system-out/>
</testsuite> <!-- runners.Testrunner -->
