<?xml version="1.0" encoding="UTF-8"?>
<!-- Generated by org.testng.reporters.JUnitReportReporter -->
<testsuite hostname="Bluerose" failures="0" tests="3" name="runners.TestRunner" time="25.560" errors="0" timestamp="2026-02-12T16:31:56 IST" skipped="0">
  <testcase classname="runners.TestRunner" name="runScenario" time="7.661"/>
  <system-out/>
  <testcase classname="runners.TestRunner" name="runScenario" time="9.964"/>
  <system-out/>
  <testcase classname="runners.TestRunner" name="runScenario" time="7.935"/>
  <system-out/>
</testsuite> <!-- runners.TestRunner -->
