<?xml version="1.0" encoding="UTF-8"?>
<!-- Generated by org.testng.reporters.JUnitReportReporter -->
<testsuite hostname="Bluerose" failures="0" tests="35" name="TestRunner.Testrunner" time="550.126" errors="4" timestamp="2026-02-13T21:47:00 IST" skipped="0">
  <testcase classname="TestRunner.Testrunner" name="runScenario" time="11.896"/>
  <system-out/>
  <testcase classname="TestRunner.Testrunner" name="runScenario" time="13.519"/>
  <system-out/>
  <testcase classname="TestRunner.Testrunner" name="runScenario" time="32.837">
    <error message="Expected condition failed: waiting for element found by By.xpath: //label[contains(text(),&#039;Price&#039;)] | //span[contains(text(),&#039;Price&#039;)]//following::input[1] to be clickable, but the element was not found: org.openqa.selenium.NoSuchElementException: no such element: Unable to locate element: {&quot;method&quot;:&quot;xpath&quot;,&quot;selector&quot;:&quot;//label[contains(text(),&#039;Price&#039;)] | //span[contains(text(),&#039;Price&#039;)]//following::input[1]&quot;}.
(tried for 15 seconds with 500 milliseconds interval)
Build info: version: &#039;4.40.0&#039;, revision: &#039;b3333f1&#039;
System info: os.name: &#039;Windows 11&#039;, os.arch: &#039;amd64&#039;, os.version: &#039;10.0&#039;, java.version: &#039;25.0.2&#039;
Driver info: org.openqa.selenium.chrome.ChromeDriver
Capabilities {acceptInsecureCerts: false, browserName: chrome, browserVersion: 144.0.7559.133, chrome: {chromedriverVersion: 144.0.7559.133 (7da823b1d59..., userDataDir: C:\Users\91936\AppData\Loca...}, fedcm:accounts: true, goog:chromeOptions: {debuggerAddress: localhost:59549}, goog:processID: 7900, networkConnectionEnabled: false, pageLoadStrategy: normal, platformName: windows, proxy: Proxy(), se:cdp: ws://localhost:59549/devtoo..., se:cdpVersion: 144.0.7559.133, setWindowRect: true, strictFileInteractability: false, timeouts: {implicit: 0, pageLoad: 300000, script: 30000}, unhandledPromptBehavior: dismiss and notify, webauthn:extension:credBlob: true, webauthn:extension:largeBlob: true, webauthn:extension:minPinLength: true, webauthn:extension:prf: true, webauthn:virtualAuthenticators: true}
Session ID: aad94ea7617c4e9e619d227477cc8d3d" type="org.openqa.selenium.TimeoutException">
      <![CDATA[org.openqa.selenium.TimeoutException: Expected condition failed: waiting for element found by By.xpath: //label[contains(text(),'Price')] | //span[contains(text(),'Price')]//following::input[1] to be clickable, but the element was not found: org.openqa.selenium.NoSuchElementException: no such element: Unable to locate element: {"method":"xpath","selector":"//label[contains(text(),'Price')] | //span[contains(text(),'Price')]//following::input[1]"}.
(tried for 15 seconds with 500 milliseconds interval)
Build info: version: '4.40.0', revision: 'b3333f1'
System info: os.name: 'Windows 11', os.arch: 'amd64', os.version: '10.0', java.version: '25.0.2'
Driver info: org.openqa.selenium.chrome.ChromeDriver
Capabilities {acceptInsecureCerts: false, browserName: chrome, browserVersion: 144.0.7559.133, chrome: {chromedriverVersion: 144.0.7559.133 (7da823b1d59..., userDataDir: C:\Users\91936\AppData\Loca...}, fedcm:accounts: true, goog:chromeOptions: {debuggerAddress: localhost:59549}, goog:processID: 7900, networkConnectionEnabled: false, pageLoadStrategy: normal, platformName: windows, proxy: Proxy(), se:cdp: ws://localhost:59549/devtoo..., se:cdpVersion: 144.0.7559.133, setWindowRect: true, strictFileInteractability: false, timeouts: {implicit: 0, pageLoad: 300000, script: 30000}, unhandledPromptBehavior: dismiss and notify, webauthn:extension:credBlob: true, webauthn:extension:largeBlob: true, webauthn:extension:minPinLength: true, webauthn:extension:prf: true, webauthn:virtualAuthenticators: true}
Session ID: aad94ea7617c4e9e619d227477cc8d3d
at org.openqa.selenium.support.ui.WebDriverWait.timeoutException(WebDriverWait.java:84)
at org.openqa.selenium.support.ui.FluentWait.until(FluentWait.java:231)
at pages.ResultsPage.applyPriceFilter(ResultsPage.java:75)
at cucu.Cucufilter.apply_price_filter(Cucufilter.java:16)
at ✽.Apply price filter(file:///C:/Users/91936/eclipse-workspace/mmt/src/test/resources/feature/6filters.feature:26)
]]>
    </error>
  </testcase> <!-- runScenario -->
  <system-out/>
  <testcase classname="TestRunner.Testrunner" name="runScenario" time="14.176"/>
  <system-out/>
  <testcase classname="TestRunner.Testrunner" name="runScenario" time="32.932">
    <error message="Expected condition failed: waiting for element found by By.xpath: //span[contains(text(),&#039;Price&#039;)] | //div[contains(text(),&#039;Cheapest&#039;)] to be clickable, but the element was not found: org.openqa.selenium.NoSuchElementException: no such element: Unable to locate element: {&quot;method&quot;:&quot;xpath&quot;,&quot;selector&quot;:&quot;//span[contains(text(),&#039;Price&#039;)] | //div[contains(text(),&#039;Cheapest&#039;)]&quot;}.
(tried for 15 seconds with 500 milliseconds interval)
Build info: version: &#039;4.40.0&#039;, revision: &#039;b3333f1&#039;
System info: os.name: &#039;Windows 11&#039;, os.arch: &#039;amd64&#039;, os.version: &#039;10.0&#039;, java.version: &#039;25.0.2&#039;
Driver info: org.openqa.selenium.chrome.ChromeDriver
Capabilities {acceptInsecureCerts: false, browserName: chrome, browserVersion: 144.0.7559.133, chrome: {chromedriverVersion: 144.0.7559.133 (7da823b1d59..., userDataDir: C:\Users\91936\AppData\Loca...}, fedcm:accounts: true, goog:chromeOptions: {debuggerAddress: localhost:55778}, goog:processID: 8676, networkConnectionEnabled: false, pageLoadStrategy: normal, platformName: windows, proxy: Proxy(), se:cdp: ws://localhost:55778/devtoo..., se:cdpVersion: 144.0.7559.133, setWindowRect: true, strictFileInteractability: false, timeouts: {implicit: 0, pageLoad: 300000, script: 30000}, unhandledPromptBehavior: dismiss and notify, webauthn:extension:credBlob: true, webauthn:extension:largeBlob: true, webauthn:extension:minPinLength: true, webauthn:extension:prf: true, webauthn:virtualAuthenticators: true}
Session ID: 54f9ff0ae5637572e00662c005dc8336" type="org.openqa.selenium.TimeoutException">
      <![CDATA[org.openqa.selenium.TimeoutException: Expected condition failed: waiting for element found by By.xpath: //span[contains(text(),'Price')] | //div[contains(text(),'Cheapest')] to be clickable, but the element was not found: org.openqa.selenium.NoSuchElementException: no such element: Unable to locate element: {"method":"xpath","selector":"//span[contains(text(),'Price')] | //div[contains(text(),'Cheapest')]"}.
(tried for 15 seconds with 500 milliseconds interval)
Build info: version: '4.40.0', revision: 'b3333f1'
System info: os.name: 'Windows 11', os.arch: 'amd64', os.version: '10.0', java.version: '25.0.2'
Driver info: org.openqa.selenium.chrome.ChromeDriver
Capabilities {acceptInsecureCerts: false, browserName: chrome, browserVersion: 144.0.7559.133, chrome: {chromedriverVersion: 144.0.7559.133 (7da823b1d59..., userDataDir: C:\Users\91936\AppData\Loca...}, fedcm:accounts: true, goog:chromeOptions: {debuggerAddress: localhost:55778}, goog:processID: 8676, networkConnectionEnabled: false, pageLoadStrategy: normal, platformName: windows, proxy: Proxy(), se:cdp: ws://localhost:55778/devtoo..., se:cdpVersion: 144.0.7559.133, setWindowRect: true, strictFileInteractability: false, timeouts: {implicit: 0, pageLoad: 300000, script: 30000}, unhandledPromptBehavior: dismiss and notify, webauthn:extension:credBlob: true, webauthn:extension:largeBlob: true, webauthn:extension:minPinLength: true, webauthn:extension:prf: true, webauthn:virtualAuthenticators: true}
Session ID: 54f9ff0ae5637572e00662c005dc8336
at org.openqa.selenium.support.ui.WebDriverWait.timeoutException(WebDriverWait.java:84)
at org.openqa.selenium.support.ui.FluentWait.until(FluentWait.java:231)
at pages.ResultsPage.sortByPrice(ResultsPage.java:100)
at cucu.Cucufilter.sort_by_price(Cucufilter.java:34)
at ✽.Sort by price(file:///C:/Users/91936/eclipse-workspace/mmt/src/test/resources/feature/6filters.feature:22)
]]>
    </error>
  </testcase> <!-- runScenario -->
  <system-out/>
  <testcase classname="TestRunner.Testrunner" name="runScenario" time="15.678"/>
  <system-out/>
  <testcase classname="TestRunner.Testrunner" name="runScenario" time="35.031"/>
  <system-out/>
  <testcase classname="TestRunner.Testrunner" name="runScenario" time="13.439"/>
  <system-out/>
  <testcase classname="TestRunner.Testrunner" name="runScenario" time="13.875"/>
  <system-out/>
  <testcase classname="TestRunner.Testrunner" name="runScenario" time="9.156"/>
  <system-out/>
  <testcase classname="TestRunner.Testrunner" name="runScenario" time="9.467"/>
  <system-out/>
  <testcase classname="TestRunner.Testrunner" name="runScenario" time="9.594"/>
  <system-out/>
  <testcase classname="TestRunner.Testrunner" name="runScenario" time="9.289"/>
  <system-out/>
  <testcase classname="TestRunner.Testrunner" name="runScenario" time="15.272"/>
  <system-out/>
  <testcase classname="TestRunner.Testrunner" name="runScenario" time="14.771"/>
  <system-out/>
  <testcase classname="TestRunner.Testrunner" name="runScenario" time="32.416">
    <error message="Expected condition failed: waiting for element found by By.xpath: //label[contains(text(),&#039;Price&#039;)] | //span[contains(text(),&#039;Price&#039;)]//following::input[1] to be clickable, but the element was not found: org.openqa.selenium.NoSuchElementException: no such element: Unable to locate element: {&quot;method&quot;:&quot;xpath&quot;,&quot;selector&quot;:&quot;//label[contains(text(),&#039;Price&#039;)] | //span[contains(text(),&#039;Price&#039;)]//following::input[1]&quot;}.
(tried for 15 seconds with 500 milliseconds interval)
Build info: version: &#039;4.40.0&#039;, revision: &#039;b3333f1&#039;
System info: os.name: &#039;Windows 11&#039;, os.arch: &#039;amd64&#039;, os.version: &#039;10.0&#039;, java.version: &#039;25.0.2&#039;
Driver info: org.openqa.selenium.chrome.ChromeDriver
Capabilities {acceptInsecureCerts: false, browserName: chrome, browserVersion: 144.0.7559.133, chrome: {chromedriverVersion: 144.0.7559.133 (7da823b1d59..., userDataDir: C:\Users\91936\AppData\Loca...}, fedcm:accounts: true, goog:chromeOptions: {debuggerAddress: localhost:51361}, goog:processID: 21728, networkConnectionEnabled: false, pageLoadStrategy: normal, platformName: windows, proxy: Proxy(), se:cdp: ws://localhost:51361/devtoo..., se:cdpVersion: 144.0.7559.133, setWindowRect: true, strictFileInteractability: false, timeouts: {implicit: 0, pageLoad: 300000, script: 30000}, unhandledPromptBehavior: dismiss and notify, webauthn:extension:credBlob: true, webauthn:extension:largeBlob: true, webauthn:extension:minPinLength: true, webauthn:extension:prf: true, webauthn:virtualAuthenticators: true}
Session ID: 127799a1ea893631a5d0f27d26b4df3c" type="org.openqa.selenium.TimeoutException">
      <![CDATA[org.openqa.selenium.TimeoutException: Expected condition failed: waiting for element found by By.xpath: //label[contains(text(),'Price')] | //span[contains(text(),'Price')]//following::input[1] to be clickable, but the element was not found: org.openqa.selenium.NoSuchElementException: no such element: Unable to locate element: {"method":"xpath","selector":"//label[contains(text(),'Price')] | //span[contains(text(),'Price')]//following::input[1]"}.
(tried for 15 seconds with 500 milliseconds interval)
Build info: version: '4.40.0', revision: 'b3333f1'
System info: os.name: 'Windows 11', os.arch: 'amd64', os.version: '10.0', java.version: '25.0.2'
Driver info: org.openqa.selenium.chrome.ChromeDriver
Capabilities {acceptInsecureCerts: false, browserName: chrome, browserVersion: 144.0.7559.133, chrome: {chromedriverVersion: 144.0.7559.133 (7da823b1d59..., userDataDir: C:\Users\91936\AppData\Loca...}, fedcm:accounts: true, goog:chromeOptions: {debuggerAddress: localhost:51361}, goog:processID: 21728, networkConnectionEnabled: false, pageLoadStrategy: normal, platformName: windows, proxy: Proxy(), se:cdp: ws://localhost:51361/devtoo..., se:cdpVersion: 144.0.7559.133, setWindowRect: true, strictFileInteractability: false, timeouts: {implicit: 0, pageLoad: 300000, script: 30000}, unhandledPromptBehavior: dismiss and notify, webauthn:extension:credBlob: true, webauthn:extension:largeBlob: true, webauthn:extension:minPinLength: true, webauthn:extension:prf: true, webauthn:virtualAuthenticators: true}
Session ID: 127799a1ea893631a5d0f27d26b4df3c
at org.openqa.selenium.support.ui.WebDriverWait.timeoutException(WebDriverWait.java:84)
at org.openqa.selenium.support.ui.FluentWait.until(FluentWait.java:231)
at pages.ResultsPage.applyPriceFilter(ResultsPage.java:75)
at cucu.Cucufilter.apply_price_filter(Cucufilter.java:16)
at ✽.Apply price filter(file:///C:/Users/91936/eclipse-workspace/mmt/src/test/resources/feature/6filters.feature:14)
]]>
    </error>
  </testcase> <!-- runScenario -->
  <system-out/>
  <testcase classname="TestRunner.Testrunner" name="runScenario" time="32.135">
    <error message="Expected condition failed: waiting for element found by By.xpath: //label[contains(text(),&#039;Rating&#039;)] | //span[contains(@class,&#039;rating&#039;)]//input[1] to be clickable, but the element was not found: org.openqa.selenium.NoSuchElementException: no such element: Unable to locate element: {&quot;method&quot;:&quot;xpath&quot;,&quot;selector&quot;:&quot;//label[contains(text(),&#039;Rating&#039;)] | //span[contains(@class,&#039;rating&#039;)]//input[1]&quot;}.
(tried for 15 seconds with 500 milliseconds interval)
Build info: version: &#039;4.40.0&#039;, revision: &#039;b3333f1&#039;
System info: os.name: &#039;Windows 11&#039;, os.arch: &#039;amd64&#039;, os.version: &#039;10.0&#039;, java.version: &#039;25.0.2&#039;
Driver info: org.openqa.selenium.chrome.ChromeDriver
Capabilities {acceptInsecureCerts: false, browserName: chrome, browserVersion: 144.0.7559.133, chrome: {chromedriverVersion: 144.0.7559.133 (7da823b1d59..., userDataDir: C:\Users\91936\AppData\Loca...}, fedcm:accounts: true, goog:chromeOptions: {debuggerAddress: localhost:59832}, goog:processID: 14524, networkConnectionEnabled: false, pageLoadStrategy: normal, platformName: windows, proxy: Proxy(), se:cdp: ws://localhost:59832/devtoo..., se:cdpVersion: 144.0.7559.133, setWindowRect: true, strictFileInteractability: false, timeouts: {implicit: 0, pageLoad: 300000, script: 30000}, unhandledPromptBehavior: dismiss and notify, webauthn:extension:credBlob: true, webauthn:extension:largeBlob: true, webauthn:extension:minPinLength: true, webauthn:extension:prf: true, webauthn:virtualAuthenticators: true}
Session ID: c403a4663cf9b421c53dda766ae25f4a" type="org.openqa.selenium.TimeoutException">
      <![CDATA[org.openqa.selenium.TimeoutException: Expected condition failed: waiting for element found by By.xpath: //label[contains(text(),'Rating')] | //span[contains(@class,'rating')]//input[1] to be clickable, but the element was not found: org.openqa.selenium.NoSuchElementException: no such element: Unable to locate element: {"method":"xpath","selector":"//label[contains(text(),'Rating')] | //span[contains(@class,'rating')]//input[1]"}.
(tried for 15 seconds with 500 milliseconds interval)
Build info: version: '4.40.0', revision: 'b3333f1'
System info: os.name: 'Windows 11', os.arch: 'amd64', os.version: '10.0', java.version: '25.0.2'
Driver info: org.openqa.selenium.chrome.ChromeDriver
Capabilities {acceptInsecureCerts: false, browserName: chrome, browserVersion: 144.0.7559.133, chrome: {chromedriverVersion: 144.0.7559.133 (7da823b1d59..., userDataDir: C:\Users\91936\AppData\Loca...}, fedcm:accounts: true, goog:chromeOptions: {debuggerAddress: localhost:59832}, goog:processID: 14524, networkConnectionEnabled: false, pageLoadStrategy: normal, platformName: windows, proxy: Proxy(), se:cdp: ws://localhost:59832/devtoo..., se:cdpVersion: 144.0.7559.133, setWindowRect: true, strictFileInteractability: false, timeouts: {implicit: 0, pageLoad: 300000, script: 30000}, unhandledPromptBehavior: dismiss and notify, webauthn:extension:credBlob: true, webauthn:extension:largeBlob: true, webauthn:extension:minPinLength: true, webauthn:extension:prf: true, webauthn:virtualAuthenticators: true}
Session ID: c403a4663cf9b421c53dda766ae25f4a
at org.openqa.selenium.support.ui.WebDriverWait.timeoutException(WebDriverWait.java:84)
at org.openqa.selenium.support.ui.FluentWait.until(FluentWait.java:231)
at pages.ResultsPage.applyRatingFilter(ResultsPage.java:89)
at cucu.Cucufilter.apply_rating_filter(Cucufilter.java:28)
at ✽.Apply rating filter(file:///C:/Users/91936/eclipse-workspace/mmt/src/test/resources/feature/6filters.feature:18)
]]>
    </error>
  </testcase> <!-- runScenario -->
  <system-out/>
  <testcase classname="TestRunner.Testrunner" name="runScenario" time="15.196"/>
  <system-out/>
  <testcase classname="TestRunner.Testrunner" name="runScenario" time="15.355"/>
  <system-out/>
  <testcase classname="TestRunner.Testrunner" name="runScenario" time="10.550"/>
  <system-out/>
  <testcase classname="TestRunner.Testrunner" name="runScenario" time="9.558"/>
  <system-out/>
  <testcase classname="TestRunner.Testrunner" name="runScenario" time="12.014"/>
  <system-out/>
  <testcase classname="TestRunner.Testrunner" name="runScenario" time="13.463"/>
  <system-out/>
  <testcase classname="TestRunner.Testrunner" name="runScenario" time="10.183"/>
  <system-out/>
  <testcase classname="TestRunner.Testrunner" name="runScenario" time="7.769"/>
  <system-out/>
  <testcase classname="TestRunner.Testrunner" name="runScenario" time="14.812"/>
  <system-out/>
  <testcase classname="TestRunner.Testrunner" name="runScenario" time="13.402"/>
  <system-out/>
  <testcase classname="TestRunner.Testrunner" name="runScenario" time="16.271"/>
  <system-out/>
  <testcase classname="TestRunner.Testrunner" name="runScenario" time="8.926"/>
  <system-out/>
  <testcase classname="TestRunner.Testrunner" name="runScenario" time="15.797"/>
  <system-out/>
  <testcase classname="TestRunner.Testrunner" name="runScenario" time="13.360"/>
  <system-out/>
  <testcase classname="TestRunner.Testrunner" name="runScenario" time="8.512"/>
  <system-out/>
  <testcase classname="TestRunner.Testrunner" name="runScenario" time="16.957"/>
  <system-out/>
  <testcase classname="TestRunner.Testrunner" name="runScenario" time="17.221"/>
  <system-out/>
  <testcase classname="TestRunner.Testrunner" name="runScenario" time="15.297"/>
  <system-out/>
</testsuite> <!-- TestRunner.Testrunner -->
